#
# There is insufficient memory for the Java Runtime Environment to continue.
# Native memory allocation (malloc) failed to allocate 2478272 bytes for Chunk::new
# Possible reasons:
#   The system is out of physical RAM or swap space
#   The process is running with CompressedOops enabled, and the Java Heap may be blocking the growth of the native heap
# Possible solutions:
#   Reduce memory load on the system
#   Increase physical memory or swap space
#   Check if swap backing store is full
#   Decrease Java heap size (-Xmx/-Xms)
#   Decrease number of Java threads
#   Decrease Java thread stack sizes (-Xss)
#   Set larger code cache with -XX:ReservedCodeCacheSize=
#   JVM is running with Unscaled Compressed Oops mode in which the Java heap is
#     placed in the first 4GB address space. The Java Heap base address is the
#     maximum limit for the native heap growth. Please use -XX:HeapBaseMinAddress
#     to set the Java Heap base and to place the Java Heap above 4GB virtual address.
# This output file may be truncated or incomplete.
#
#  Out of Memory Error (arena.cpp:191), pid=18952, tid=3244
#
# JRE version: OpenJDK Runtime Environment Corretto-17.0.10.7.1 (17.0.10+7) (build 17.0.10+7-LTS)
# Java VM: OpenJDK 64-Bit Server VM Corretto-17.0.10.7.1 (17.0.10+7-LTS, mixed mode, sharing, tiered, compressed oops, compressed class ptrs, g1 gc, windows-amd64)
# No core dump will be written. Minidumps are not enabled by default on client versions of Windows
#

---------------  S U M M A R Y ------------

Command Line: --add-opens=java.base/java.util=ALL-UNNAMED --add-opens=java.base/java.lang=ALL-UNNAMED --add-opens=java.base/java.lang.invoke=ALL-UNNAMED --add-opens=java.prefs/java.util.prefs=ALL-UNNAMED --add-opens=java.base/java.nio.charset=ALL-UNNAMED --add-opens=java.base/java.net=ALL-UNNAMED --add-opens=java.base/java.util.concurrent.atomic=ALL-UNNAMED -XX:MaxMetaspaceSize=384m -XX:+HeapDumpOnOutOfMemoryError -Xms256m -Xmx512m -Dfile.encoding=windows-1252 -Duser.country=CO -Duser.language=es -Duser.variant -javaagent:C:\Users\Ximena Ruiz\.gradle\wrapper\dists\gradle-8.4-bin\1w5dpkrfk8irigvoxmyhowfim\gradle-8.4\lib\agents\gradle-instrumentation-agent-8.4.jar org.gradle.launcher.daemon.bootstrap.GradleDaemon 8.4

Host: AMD Ryzen 5 3500U with Radeon Vega Mobile Gfx  , 8 cores, 5G,  Windows 11 , 64 bit Build 22621 (10.0.22621.3958)
Time: Thu Oct 10 21:20:52 2024 Hora est. Pacífico, Sudamérica elapsed time: 640.293156 seconds (0d 0h 10m 40s)

---------------  T H R E A D  ---------------

Current thread (0x0000014c6a7c5aa0):  JavaThread "C2 CompilerThread0" daemon [_thread_in_native, id=3244, stack(0x0000001572200000,0x0000001572300000)]


Current CompileTask:
C2: 640293 17774   !   4       com.sun.beans.TypeResolver::resolve (261 bytes)

Stack: [0x0000001572200000,0x0000001572300000]
Native frames: (J=compiled Java code, j=interpreted, Vv=VM code, C=native code)
V  [jvm.dll+0x67d2c9]
V  [jvm.dll+0x834b1a]
V  [jvm.dll+0x8365de]
V  [jvm.dll+0x836c43]
V  [jvm.dll+0x2477ff]
V  [jvm.dll+0xac514]
V  [jvm.dll+0xacb5c]
V  [jvm.dll+0x3667d7]
V  [jvm.dll+0x330bfa]
V  [jvm.dll+0x33009a]
V  [jvm.dll+0x219ef1]
V  [jvm.dll+0x219311]
V  [jvm.dll+0x1a502d]
V  [jvm.dll+0x2290de]
V  [jvm.dll+0x2272ac]
V  [jvm.dll+0x7e9bd7]
V  [jvm.dll+0x7e3fda]
V  [jvm.dll+0x67c1b5]
C  [ucrtbase.dll+0x29333]
C  [KERNEL32.DLL+0x1257d]
C  [ntdll.dll+0x5af28]


---------------  P R O C E S S  ---------------

Threads class SMR info:
_java_thread_list=0x0000014c1de29330, length=46, elements={
0x0000014c4fc429f0, 0x0000014c6a7a5970, 0x0000014c6a7a67f0, 0x0000014c6a7bc3a0,
0x0000014c6a7bdf70, 0x0000014c6a7c0e40, 0x0000014c6a7c1800, 0x0000014c6a7c5aa0,
0x0000014c6a7c6560, 0x0000014c6a7db740, 0x0000014c1920f160, 0x0000014c192a7320,
0x0000014c1a9a6060, 0x0000014c1a999990, 0x0000014c1ac248a0, 0x0000014c1936a460,
0x0000014c1b0dd390, 0x0000014c1b0dece0, 0x0000014c1b0df700, 0x0000014c1b0dfc10,
0x0000014c1b0e33c0, 0x0000014c1b0e29a0, 0x0000014c1b0e0630, 0x0000014c1b0e4800,
0x0000014c1b0de2c0, 0x0000014c1b0df1f0, 0x0000014c1b0e1560, 0x0000014c1b0e3de0,
0x0000014c1b0dd8a0, 0x0000014c1cd97cd0, 0x0000014c1cd9c3b0, 0x0000014c1cd977c0,
0x0000014c1916f4a0, 0x0000014c1d3ee000, 0x0000014c1e80e6c0, 0x0000014c1e80c860,
0x0000014c1e80f5f0, 0x0000014c1e810f40, 0x0000014c1e80c350, 0x0000014c1e80cd70,
0x0000014c1e80b930, 0x0000014c1e809fe0, 0x0000014c1e80af10, 0x0000014c1e80ebd0,
0x0000014c1e810520, 0x0000014c1e80b420
}

Java Threads: ( => current thread )
  0x0000014c4fc429f0 JavaThread "main" [_thread_blocked, id=7644, stack(0x0000001571500000,0x0000001571600000)]
  0x0000014c6a7a5970 JavaThread "Reference Handler" daemon [_thread_blocked, id=18568, stack(0x0000001571c00000,0x0000001571d00000)]
  0x0000014c6a7a67f0 JavaThread "Finalizer" daemon [_thread_blocked, id=18116, stack(0x0000001571d00000,0x0000001571e00000)]
  0x0000014c6a7bc3a0 JavaThread "Signal Dispatcher" daemon [_thread_blocked, id=15592, stack(0x0000001571e00000,0x0000001571f00000)]
  0x0000014c6a7bdf70 JavaThread "Attach Listener" daemon [_thread_blocked, id=11644, stack(0x0000001571f00000,0x0000001572000000)]
  0x0000014c6a7c0e40 JavaThread "Service Thread" daemon [_thread_blocked, id=10960, stack(0x0000001572000000,0x0000001572100000)]
  0x0000014c6a7c1800 JavaThread "Monitor Deflation Thread" daemon [_thread_blocked, id=316, stack(0x0000001572100000,0x0000001572200000)]
=>0x0000014c6a7c5aa0 JavaThread "C2 CompilerThread0" daemon [_thread_in_native, id=3244, stack(0x0000001572200000,0x0000001572300000)]
  0x0000014c6a7c6560 JavaThread "C1 CompilerThread0" daemon [_thread_blocked, id=9904, stack(0x0000001572300000,0x0000001572400000)]
  0x0000014c6a7db740 JavaThread "Sweeper thread" daemon [_thread_blocked, id=1760, stack(0x0000001572400000,0x0000001572500000)]
  0x0000014c1920f160 JavaThread "Common-Cleaner" daemon [_thread_blocked, id=18420, stack(0x0000001572500000,0x0000001572600000)]
  0x0000014c192a7320 JavaThread "Notification Thread" daemon [_thread_blocked, id=18232, stack(0x0000001572600000,0x0000001572700000)]
  0x0000014c1a9a6060 JavaThread "Daemon health stats" [_thread_blocked, id=18024, stack(0x0000001572d00000,0x0000001572e00000)]
  0x0000014c1a999990 JavaThread "Incoming local TCP Connector on port 54261" [_thread_in_native, id=18472, stack(0x0000001572e00000,0x0000001572f00000)]
  0x0000014c1ac248a0 JavaThread "Daemon periodic checks" [_thread_blocked, id=19176, stack(0x0000001572f00000,0x0000001573000000)]
  0x0000014c1936a460 JavaThread "Cache worker for journal cache (C:\Users\Ximena Ruiz\.gradle\caches\journal-1)" [_thread_blocked, id=11456, stack(0x0000001573700000,0x0000001573800000)]
  0x0000014c1b0dd390 JavaThread "File lock request listener" [_thread_in_native, id=17680, stack(0x0000001573800000,0x0000001573900000)]
  0x0000014c1b0dece0 JavaThread "Cache worker for file hash cache (C:\Users\Ximena Ruiz\.gradle\caches\8.4\fileHashes)" [_thread_blocked, id=2060, stack(0x0000001573900000,0x0000001573a00000)]
  0x0000014c1b0df700 JavaThread "File watcher server" daemon [_thread_in_native, id=272, stack(0x0000001573a00000,0x0000001573b00000)]
  0x0000014c1b0dfc10 JavaThread "File watcher consumer" daemon [_thread_blocked, id=2120, stack(0x0000001573b00000,0x0000001573c00000)]
  0x0000014c1b0e33c0 JavaThread "Cache worker for file content cache (C:\Users\Ximena Ruiz\.gradle\caches\8.4\fileContent)" [_thread_blocked, id=5232, stack(0x0000001574200000,0x0000001574300000)]
  0x0000014c1b0e29a0 JavaThread "Cache worker for execution history cache (C:\Users\Ximena Ruiz\.gradle\caches\8.4\executionHistory)" [_thread_blocked, id=13080, stack(0x0000001574400000,0x0000001574500000)]
  0x0000014c1b0e0630 JavaThread "jar transforms" [_thread_blocked, id=6612, stack(0x0000001574500000,0x0000001574600000)]
  0x0000014c1b0e4800 JavaThread "jar transforms Thread 2" [_thread_blocked, id=3432, stack(0x0000001574600000,0x0000001574700000)]
  0x0000014c1b0de2c0 JavaThread "jar transforms Thread 3" [_thread_blocked, id=164, stack(0x0000001574700000,0x0000001574800000)]
  0x0000014c1b0df1f0 JavaThread "jar transforms Thread 4" [_thread_blocked, id=8676, stack(0x0000001574800000,0x0000001574900000)]
  0x0000014c1b0e1560 JavaThread "jar transforms Thread 5" [_thread_blocked, id=17176, stack(0x0000001574900000,0x0000001574a00000)]
  0x0000014c1b0e3de0 JavaThread "jar transforms Thread 6" [_thread_blocked, id=15812, stack(0x0000001574a00000,0x0000001574b00000)]
  0x0000014c1b0dd8a0 JavaThread "jar transforms Thread 7" [_thread_blocked, id=18316, stack(0x0000001574c00000,0x0000001574d00000)]
  0x0000014c1cd97cd0 JavaThread "jar transforms Thread 8" [_thread_blocked, id=18084, stack(0x0000001575500000,0x0000001575600000)]
  0x0000014c1cd9c3b0 JavaThread "Memory manager" [_thread_blocked, id=3904, stack(0x0000001575600000,0x0000001575700000)]
  0x0000014c1cd977c0 JavaThread "ForkJoinPool.commonPool-worker-1" daemon [_thread_blocked, id=5068, stack(0x0000001575700000,0x0000001575800000)]
  0x0000014c1916f4a0 JavaThread "Cache worker for Java compile cache (C:\Users\Ximena Ruiz\.gradle\caches\8.4\javaCompile)" [_thread_blocked, id=10080, stack(0x000000157b600000,0x000000157b700000)]
  0x0000014c1d3ee000 JavaThread "ForkJoinPool.commonPool-worker-10" daemon [_thread_blocked, id=8968, stack(0x0000001575b00000,0x0000001575c00000)]
  0x0000014c1e80e6c0 JavaThread "Daemon Thread 5" [_thread_blocked, id=16740, stack(0x0000001571400000,0x0000001571500000)]
  0x0000014c1e80c860 JavaThread "Handler for socket connection from /127.0.0.1:54261 to /127.0.0.1:54429" [_thread_in_native, id=2804, stack(0x0000001573000000,0x0000001573100000)]
  0x0000014c1e80f5f0 JavaThread "Cancel handler" [_thread_blocked, id=15932, stack(0x0000001573100000,0x0000001573200000)]
  0x0000014c1e810f40 JavaThread "Daemon worker Thread 3" [_thread_in_vm, id=14796, stack(0x0000001573200000,0x0000001573300000)]
  0x0000014c1e80c350 JavaThread "Asynchronous log dispatcher for DefaultDaemonConnection: socket connection from /127.0.0.1:54261 to /127.0.0.1:54429" [_thread_blocked, id=8868, stack(0x0000001573300000,0x0000001573400000)]
  0x0000014c1e80cd70 JavaThread "Stdin handler" [_thread_blocked, id=18236, stack(0x0000001573400000,0x0000001573500000)]
  0x0000014c1e80b930 JavaThread "Daemon client event forwarder" [_thread_blocked, id=17760, stack(0x0000001573500000,0x0000001573600000)]
  0x0000014c1e809fe0 JavaThread "Cache worker for checksums cache (D:\WS6\UniEventos\.gradle\8.4\checksums)" [_thread_blocked, id=18848, stack(0x0000001573600000,0x0000001573700000)]
  0x0000014c1e80af10 JavaThread "Cache worker for file hash cache (D:\WS6\UniEventos\.gradle\8.4\fileHashes)" [_thread_blocked, id=17748, stack(0x0000001573f00000,0x0000001574000000)]
  0x0000014c1e80ebd0 JavaThread "Cache worker for cache directory md-supplier (C:\Users\Ximena Ruiz\.gradle\caches\8.4\md-supplier)" [_thread_blocked, id=948, stack(0x0000001574000000,0x0000001574100000)]
  0x0000014c1e810520 JavaThread "Cache worker for cache directory md-rule (C:\Users\Ximena Ruiz\.gradle\caches\8.4\md-rule)" [_thread_blocked, id=17796, stack(0x0000001574100000,0x0000001574200000)]
  0x0000014c1e80b420 JavaThread "Cache worker for dependencies-accessors (D:\WS6\UniEventos\.gradle\8.4\dependencies-accessors)" [_thread_blocked, id=2520, stack(0x0000001574300000,0x0000001574400000)]

Other Threads:
  0x0000014c6a79cda0 VMThread "VM Thread" [stack: 0x0000001571b00000,0x0000001571c00000] [id=9944]
  0x0000014c4fc43870 WatcherThread [stack: 0x0000001572700000,0x0000001572800000] [id=8152]
  0x0000014c4db9a240 GCTaskThread "GC Thread#0" [stack: 0x0000001571600000,0x0000001571700000] [id=12836]
  0x0000014c19d3c370 GCTaskThread "GC Thread#1" [stack: 0x0000001572800000,0x0000001572900000] [id=19156]
  0x0000014c19d3dc30 GCTaskThread "GC Thread#2" [stack: 0x0000001572900000,0x0000001572a00000] [id=13276]
  0x0000014c19d3cbb0 GCTaskThread "GC Thread#3" [stack: 0x0000001572a00000,0x0000001572b00000] [id=14452]
  0x0000014c19d3c0b0 GCTaskThread "GC Thread#4" [stack: 0x0000001572b00000,0x0000001572c00000] [id=16580]
  0x0000014c19d3c630 GCTaskThread "GC Thread#5" [stack: 0x0000001572c00000,0x0000001572d00000] [id=19424]
  0x0000014c19d3d3f0 GCTaskThread "GC Thread#6" [stack: 0x0000001573c00000,0x0000001573d00000] [id=3636]
  0x0000014c19d3d6b0 GCTaskThread "GC Thread#7" [stack: 0x0000001573d00000,0x0000001573e00000] [id=11276]
  0x0000014c4db9e180 ConcurrentGCThread "G1 Main Marker" [stack: 0x0000001571700000,0x0000001571800000] [id=548]
  0x0000014c4db9eba0 ConcurrentGCThread "G1 Conc#0" [stack: 0x0000001571800000,0x0000001571900000] [id=14416]
  0x0000014c1b862180 ConcurrentGCThread "G1 Conc#1" [stack: 0x0000001573e00000,0x0000001573f00000] [id=16764]
  0x0000014c4fced740 ConcurrentGCThread "G1 Refine#0" [stack: 0x0000001571900000,0x0000001571a00000] [id=14696]
  0x0000014c1d067450 ConcurrentGCThread "G1 Refine#1" [stack: 0x000000157aa00000,0x000000157ab00000] [id=17420]
  0x0000014c1d0685f0 ConcurrentGCThread "G1 Refine#2" [stack: 0x000000157ab00000,0x000000157ac00000] [id=17340]
  0x0000014c1d067d20 ConcurrentGCThread "G1 Refine#3" [stack: 0x000000157ac00000,0x000000157ad00000] [id=11200]
  0x0000014c1d385f20 ConcurrentGCThread "G1 Refine#4" [stack: 0x0000001577e00000,0x0000001577f00000] [id=6480]
  0x0000014c1d388550 ConcurrentGCThread "G1 Refine#5" [stack: 0x000000157c100000,0x000000157c200000] [id=18700]
  0x0000014c1d386210 ConcurrentGCThread "G1 Refine#6" [stack: 0x000000157c200000,0x000000157c300000] [id=17524]
  0x0000014c1d386500 ConcurrentGCThread "G1 Refine#7" [stack: 0x000000157c300000,0x000000157c400000] [id=3764]
  0x0000014c4fcee170 ConcurrentGCThread "G1 Service" [stack: 0x0000001571a00000,0x0000001571b00000] [id=1076]

Threads with active compile tasks:
C2 CompilerThread0   640353 17774   !   4       com.sun.beans.TypeResolver::resolve (261 bytes)

VM state: not at safepoint (normal execution)

VM Mutex/Monitor currently owned by a thread: None

Heap address: 0x00000000e0000000, size: 512 MB, Compressed Oops mode: 32-bit

CDS archive(s) mapped at: [0x0000014c00000000-0x0000014c00bb0000-0x0000014c00bb0000), size 12255232, SharedBaseAddress: 0x0000014c00000000, ArchiveRelocationMode: 1.
Compressed class space mapped at: 0x0000014c01000000-0x0000014c15000000, reserved size: 335544320
Narrow klass base: 0x0000014c00000000, Narrow klass shift: 0, Narrow klass range: 0x100000000

GC Precious Log:
 CPUs: 8 total, 8 available
 Memory: 6086M
 Large Page Support: Disabled
 NUMA Support: Disabled
 Compressed Oops: Enabled (32-bit)
 Heap Region Size: 1M
 Heap Min Capacity: 256M
 Heap Initial Capacity: 256M
 Heap Max Capacity: 512M
 Pre-touch: Disabled
 Parallel Workers: 8
 Concurrent Workers: 2
 Concurrent Refinement Workers: 8
 Periodic GC: Disabled

Heap:
 garbage-first heap   total 367616K, used 266617K [0x00000000e0000000, 0x0000000100000000)
  region size 1024K, 94 young (96256K), 12 survivors (12288K)
 Metaspace       used 72740K, committed 73664K, reserved 393216K
  class space    used 9790K, committed 10240K, reserved 327680K

Heap Regions: E=young(eden), S=young(survivor), O=old, HS=humongous(starts), HC=humongous(continues), CS=collection set, F=free, OA=open archive, CA=closed archive, TAMS=top-at-mark-start (previous, next)
|   0|0x00000000e0000000, 0x00000000e0100000, 0x00000000e0100000|100%|HS|  |TAMS 0x00000000e0100000, 0x00000000e0000000| Complete 
|   1|0x00000000e0100000, 0x00000000e0200000, 0x00000000e0200000|100%|HC|  |TAMS 0x00000000e0200000, 0x00000000e0100000| Complete 
|   2|0x00000000e0200000, 0x00000000e0300000, 0x00000000e0300000|100%|HC|  |TAMS 0x00000000e0300000, 0x00000000e0200000| Complete 
|   3|0x00000000e0300000, 0x00000000e0400000, 0x00000000e0400000|100%|HC|  |TAMS 0x00000000e0400000, 0x00000000e0300000| Complete 
|   4|0x00000000e0400000, 0x00000000e0500000, 0x00000000e0500000|100%| O|  |TAMS 0x00000000e0500000, 0x00000000e0400000| Untracked 
|   5|0x00000000e0500000, 0x00000000e0600000, 0x00000000e0600000|100%| O|  |TAMS 0x00000000e0600000, 0x00000000e0500000| Untracked 
|   6|0x00000000e0600000, 0x00000000e0700000, 0x00000000e0700000|100%| O|  |TAMS 0x00000000e0700000, 0x00000000e0600000| Untracked 
|   7|0x00000000e0700000, 0x00000000e0800000, 0x00000000e0800000|100%| O|  |TAMS 0x00000000e0800000, 0x00000000e0700000| Untracked 
|   8|0x00000000e0800000, 0x00000000e0900000, 0x00000000e0900000|100%| O|  |TAMS 0x00000000e0900000, 0x00000000e0800000| Untracked 
|   9|0x00000000e0900000, 0x00000000e0a00000, 0x00000000e0a00000|100%| O|  |TAMS 0x00000000e0a00000, 0x00000000e0900000| Untracked 
|  10|0x00000000e0a00000, 0x00000000e0b00000, 0x00000000e0b00000|100%| O|  |TAMS 0x00000000e0b00000, 0x00000000e0a00000| Untracked 
|  11|0x00000000e0b00000, 0x00000000e0c00000, 0x00000000e0c00000|100%| O|  |TAMS 0x00000000e0c00000, 0x00000000e0b00000| Untracked 
|  12|0x00000000e0c00000, 0x00000000e0d00000, 0x00000000e0d00000|100%| O|  |TAMS 0x00000000e0d00000, 0x00000000e0c00000| Untracked 
|  13|0x00000000e0d00000, 0x00000000e0e00000, 0x00000000e0e00000|100%| O|  |TAMS 0x00000000e0e00000, 0x00000000e0d00000| Untracked 
|  14|0x00000000e0e00000, 0x00000000e0f00000, 0x00000000e0f00000|100%| O|  |TAMS 0x00000000e0f00000, 0x00000000e0e00000| Untracked 
|  15|0x00000000e0f00000, 0x00000000e1000000, 0x00000000e1000000|100%| O|  |TAMS 0x00000000e1000000, 0x00000000e0f00000| Untracked 
|  16|0x00000000e1000000, 0x00000000e1100000, 0x00000000e1100000|100%| O|  |TAMS 0x00000000e1100000, 0x00000000e1000000| Untracked 
|  17|0x00000000e1100000, 0x00000000e1200000, 0x00000000e1200000|100%| O|  |TAMS 0x00000000e1200000, 0x00000000e1100000| Untracked 
|  18|0x00000000e1200000, 0x00000000e1300000, 0x00000000e1300000|100%| O|  |TAMS 0x00000000e1300000, 0x00000000e1200000| Untracked 
|  19|0x00000000e1300000, 0x00000000e1400000, 0x00000000e1400000|100%| O|  |TAMS 0x00000000e1400000, 0x00000000e1300000| Untracked 
|  20|0x00000000e1400000, 0x00000000e1500000, 0x00000000e1500000|100%| O|  |TAMS 0x00000000e1500000, 0x00000000e1400000| Untracked 
|  21|0x00000000e1500000, 0x00000000e1600000, 0x00000000e1600000|100%| O|  |TAMS 0x00000000e1600000, 0x00000000e1500000| Untracked 
|  22|0x00000000e1600000, 0x00000000e1700000, 0x00000000e1700000|100%| O|  |TAMS 0x00000000e1700000, 0x00000000e1600000| Untracked 
|  23|0x00000000e1700000, 0x00000000e1800000, 0x00000000e1800000|100%| O|  |TAMS 0x00000000e1800000, 0x00000000e1700000| Untracked 
|  24|0x00000000e1800000, 0x00000000e1900000, 0x00000000e1900000|100%| O|  |TAMS 0x00000000e1900000, 0x00000000e1800000| Untracked 
|  25|0x00000000e1900000, 0x00000000e1a00000, 0x00000000e1a00000|100%| O|  |TAMS 0x00000000e1a00000, 0x00000000e1900000| Untracked 
|  26|0x00000000e1a00000, 0x00000000e1b00000, 0x00000000e1b00000|100%| O|  |TAMS 0x00000000e1b00000, 0x00000000e1a00000| Untracked 
|  27|0x00000000e1b00000, 0x00000000e1c00000, 0x00000000e1c00000|100%| O|  |TAMS 0x00000000e1c00000, 0x00000000e1b00000| Untracked 
|  28|0x00000000e1c00000, 0x00000000e1d00000, 0x00000000e1d00000|100%| O|  |TAMS 0x00000000e1d00000, 0x00000000e1c00000| Untracked 
|  29|0x00000000e1d00000, 0x00000000e1e00000, 0x00000000e1e00000|100%|HS|  |TAMS 0x00000000e1d00000, 0x00000000e1d00000| Complete 
|  30|0x00000000e1e00000, 0x00000000e1f00000, 0x00000000e1f00000|100%| O|  |TAMS 0x00000000e1f00000, 0x00000000e1e00000| Untracked 
|  31|0x00000000e1f00000, 0x00000000e2000000, 0x00000000e2000000|100%| O|  |TAMS 0x00000000e2000000, 0x00000000e1f00000| Untracked 
|  32|0x00000000e2000000, 0x00000000e2100000, 0x00000000e2100000|100%| O|  |TAMS 0x00000000e2100000, 0x00000000e2000000| Untracked 
|  33|0x00000000e2100000, 0x00000000e2200000, 0x00000000e2200000|100%| O|  |TAMS 0x00000000e2200000, 0x00000000e2100000| Untracked 
|  34|0x00000000e2200000, 0x00000000e2300000, 0x00000000e2300000|100%| O|  |TAMS 0x00000000e2300000, 0x00000000e2200000| Untracked 
|  35|0x00000000e2300000, 0x00000000e2400000, 0x00000000e2400000|100%| O|  |TAMS 0x00000000e2400000, 0x00000000e2300000| Untracked 
|  36|0x00000000e2400000, 0x00000000e2500000, 0x00000000e2500000|100%| O|  |TAMS 0x00000000e2500000, 0x00000000e2400000| Untracked 
|  37|0x00000000e2500000, 0x00000000e2600000, 0x00000000e2600000|100%| O|  |TAMS 0x00000000e2600000, 0x00000000e2500000| Untracked 
|  38|0x00000000e2600000, 0x00000000e2700000, 0x00000000e2700000|100%|HS|  |TAMS 0x00000000e2600000, 0x00000000e2600000| Complete 
|  39|0x00000000e2700000, 0x00000000e2800000, 0x00000000e2800000|100%| O|  |TAMS 0x00000000e2800000, 0x00000000e2700000| Untracked 
|  40|0x00000000e2800000, 0x00000000e2900000, 0x00000000e2900000|100%| O|  |TAMS 0x00000000e2900000, 0x00000000e2800000| Untracked 
|  41|0x00000000e2900000, 0x00000000e2a00000, 0x00000000e2a00000|100%|HS|  |TAMS 0x00000000e2900000, 0x00000000e2900000| Complete 
|  42|0x00000000e2a00000, 0x00000000e2b00000, 0x00000000e2b00000|100%| O|  |TAMS 0x00000000e2b00000, 0x00000000e2a00000| Complete 
|  43|0x00000000e2b00000, 0x00000000e2b00000, 0x00000000e2c00000|  0%| F|  |TAMS 0x00000000e2b00000, 0x00000000e2b00000| Untracked 
|  44|0x00000000e2c00000, 0x00000000e2d00000, 0x00000000e2d00000|100%| O|  |TAMS 0x00000000e2d00000, 0x00000000e2c00000| Untracked 
|  45|0x00000000e2d00000, 0x00000000e2d00000, 0x00000000e2e00000|  0%| F|  |TAMS 0x00000000e2d00000, 0x00000000e2d00000| Untracked 
|  46|0x00000000e2e00000, 0x00000000e2f00000, 0x00000000e2f00000|100%| O|  |TAMS 0x00000000e2f00000, 0x00000000e2e00000| Untracked 
|  47|0x00000000e2f00000, 0x00000000e3000000, 0x00000000e3000000|100%| O|  |TAMS 0x00000000e3000000, 0x00000000e2f00000| Untracked 
|  48|0x00000000e3000000, 0x00000000e3000000, 0x00000000e3100000|  0%| F|  |TAMS 0x00000000e3000000, 0x00000000e3000000| Untracked 
|  49|0x00000000e3100000, 0x00000000e3200000, 0x00000000e3200000|100%| O|  |TAMS 0x00000000e3200000, 0x00000000e3100000| Untracked 
|  50|0x00000000e3200000, 0x00000000e3300000, 0x00000000e3300000|100%| O|  |TAMS 0x00000000e3300000, 0x00000000e3200000| Untracked 
|  51|0x00000000e3300000, 0x00000000e3400000, 0x00000000e3400000|100%| O|  |TAMS 0x00000000e3400000, 0x00000000e3300000| Untracked 
|  52|0x00000000e3400000, 0x00000000e3500000, 0x00000000e3500000|100%| O|  |TAMS 0x00000000e3500000, 0x00000000e3400000| Untracked 
|  53|0x00000000e3500000, 0x00000000e3500000, 0x00000000e3600000|  0%| F|  |TAMS 0x00000000e3500000, 0x00000000e3500000| Untracked 
|  54|0x00000000e3600000, 0x00000000e3700000, 0x00000000e3700000|100%| O|  |TAMS 0x00000000e3700000, 0x00000000e3600000| Untracked 
|  55|0x00000000e3700000, 0x00000000e3800000, 0x00000000e3800000|100%| O|  |TAMS 0x00000000e3800000, 0x00000000e3700000| Complete 
|  56|0x00000000e3800000, 0x00000000e3900000, 0x00000000e3900000|100%| O|  |TAMS 0x00000000e3900000, 0x00000000e3800000| Untracked 
|  57|0x00000000e3900000, 0x00000000e3a00000, 0x00000000e3a00000|100%| O|  |TAMS 0x00000000e3a00000, 0x00000000e3900000| Untracked 
|  58|0x00000000e3a00000, 0x00000000e3b00000, 0x00000000e3b00000|100%| O|  |TAMS 0x00000000e3b00000, 0x00000000e3a00000| Untracked 
|  59|0x00000000e3b00000, 0x00000000e3c00000, 0x00000000e3c00000|100%| O|  |TAMS 0x00000000e3c00000, 0x00000000e3b00000| Untracked 
|  60|0x00000000e3c00000, 0x00000000e3d00000, 0x00000000e3d00000|100%| O|  |TAMS 0x00000000e3d00000, 0x00000000e3c00000| Untracked 
|  61|0x00000000e3d00000, 0x00000000e3e00000, 0x00000000e3e00000|100%| O|  |TAMS 0x00000000e3e00000, 0x00000000e3d00000| Complete 
|  62|0x00000000e3e00000, 0x00000000e3f00000, 0x00000000e3f00000|100%|HS|  |TAMS 0x00000000e3e00000, 0x00000000e3e00000| Complete 
|  63|0x00000000e3f00000, 0x00000000e4000000, 0x00000000e4000000|100%|HC|  |TAMS 0x00000000e3f00000, 0x00000000e3f00000| Complete 
|  64|0x00000000e4000000, 0x00000000e4100000, 0x00000000e4100000|100%| O|  |TAMS 0x00000000e4100000, 0x00000000e4000000| Complete 
|  65|0x00000000e4100000, 0x00000000e4200000, 0x00000000e4200000|100%| O|  |TAMS 0x00000000e4200000, 0x00000000e4100000| Complete 
|  66|0x00000000e4200000, 0x00000000e4200000, 0x00000000e4300000|  0%| F|  |TAMS 0x00000000e4200000, 0x00000000e4200000| Untracked 
|  67|0x00000000e4300000, 0x00000000e4400000, 0x00000000e4400000|100%| O|  |TAMS 0x00000000e4400000, 0x00000000e4300000| Untracked 
|  68|0x00000000e4400000, 0x00000000e4500000, 0x00000000e4500000|100%| O|  |TAMS 0x00000000e4500000, 0x00000000e4400000| Complete 
|  69|0x00000000e4500000, 0x00000000e4600000, 0x00000000e4600000|100%| O|  |TAMS 0x00000000e4600000, 0x00000000e4500000| Untracked 
|  70|0x00000000e4600000, 0x00000000e4700000, 0x00000000e4700000|100%| O|  |TAMS 0x00000000e4700000, 0x00000000e4600000| Complete 
|  71|0x00000000e4700000, 0x00000000e4800000, 0x00000000e4800000|100%| O|  |TAMS 0x00000000e4800000, 0x00000000e4700000| Untracked 
|  72|0x00000000e4800000, 0x00000000e4900000, 0x00000000e4900000|100%| O|  |TAMS 0x00000000e4900000, 0x00000000e4800000| Untracked 
|  73|0x00000000e4900000, 0x00000000e4a00000, 0x00000000e4a00000|100%| O|  |TAMS 0x00000000e4a00000, 0x00000000e4900000| Untracked 
|  74|0x00000000e4a00000, 0x00000000e4b00000, 0x00000000e4b00000|100%| O|  |TAMS 0x00000000e4b00000, 0x00000000e4a00000| Complete 
|  75|0x00000000e4b00000, 0x00000000e4c00000, 0x00000000e4c00000|100%| O|  |TAMS 0x00000000e4c00000, 0x00000000e4b00000| Complete 
|  76|0x00000000e4c00000, 0x00000000e4d00000, 0x00000000e4d00000|100%| O|  |TAMS 0x00000000e4d00000, 0x00000000e4c00000| Complete 
|  77|0x00000000e4d00000, 0x00000000e4e00000, 0x00000000e4e00000|100%| O|  |TAMS 0x00000000e4e00000, 0x00000000e4d00000| Untracked 
|  78|0x00000000e4e00000, 0x00000000e4f00000, 0x00000000e4f00000|100%| O|  |TAMS 0x00000000e4f00000, 0x00000000e4e00000| Complete 
|  79|0x00000000e4f00000, 0x00000000e5000000, 0x00000000e5000000|100%| O|  |TAMS 0x00000000e5000000, 0x00000000e4f00000| Complete 
|  80|0x00000000e5000000, 0x00000000e5100000, 0x00000000e5100000|100%| O|  |TAMS 0x00000000e5100000, 0x00000000e5000000| Untracked 
|  81|0x00000000e5100000, 0x00000000e5200000, 0x00000000e5200000|100%| O|  |TAMS 0x00000000e5200000, 0x00000000e5100000| Complete 
|  82|0x00000000e5200000, 0x00000000e5300000, 0x00000000e5300000|100%| O|  |TAMS 0x00000000e5300000, 0x00000000e5200000| Untracked 
|  83|0x00000000e5300000, 0x00000000e5400000, 0x00000000e5400000|100%| O|  |TAMS 0x00000000e5400000, 0x00000000e5300000| Complete 
|  84|0x00000000e5400000, 0x00000000e5500000, 0x00000000e5500000|100%| O|  |TAMS 0x00000000e5500000, 0x00000000e5400000| Untracked 
|  85|0x00000000e5500000, 0x00000000e5600000, 0x00000000e5600000|100%| O|  |TAMS 0x00000000e5600000, 0x00000000e5500000| Complete 
|  86|0x00000000e5600000, 0x00000000e5700000, 0x00000000e5700000|100%| O|  |TAMS 0x00000000e5700000, 0x00000000e5600000| Complete 
|  87|0x00000000e5700000, 0x00000000e5800000, 0x00000000e5800000|100%| O|  |TAMS 0x00000000e5800000, 0x00000000e5700000| Complete 
|  88|0x00000000e5800000, 0x00000000e5900000, 0x00000000e5900000|100%| O|  |TAMS 0x00000000e5900000, 0x00000000e5800000| Complete 
|  89|0x00000000e5900000, 0x00000000e5a00000, 0x00000000e5a00000|100%| O|  |TAMS 0x00000000e5a00000, 0x00000000e5900000| Untracked 
|  90|0x00000000e5a00000, 0x00000000e5b00000, 0x00000000e5b00000|100%| O|  |TAMS 0x00000000e5b00000, 0x00000000e5a00000| Untracked 
|  91|0x00000000e5b00000, 0x00000000e5c00000, 0x00000000e5c00000|100%| O|  |TAMS 0x00000000e5c00000, 0x00000000e5b00000| Untracked 
|  92|0x00000000e5c00000, 0x00000000e5d00000, 0x00000000e5d00000|100%| O|  |TAMS 0x00000000e5d00000, 0x00000000e5c00000| Complete 
|  93|0x00000000e5d00000, 0x00000000e5e00000, 0x00000000e5e00000|100%| O|  |TAMS 0x00000000e5e00000, 0x00000000e5d00000| Untracked 
|  94|0x00000000e5e00000, 0x00000000e5e00000, 0x00000000e5f00000|  0%| F|  |TAMS 0x00000000e5e00000, 0x00000000e5e00000| Untracked 
|  95|0x00000000e5f00000, 0x00000000e6000000, 0x00000000e6000000|100%| O|  |TAMS 0x00000000e6000000, 0x00000000e5f00000| Complete 
|  96|0x00000000e6000000, 0x00000000e6000000, 0x00000000e6100000|  0%| F|  |TAMS 0x00000000e6000000, 0x00000000e6000000| Untracked 
|  97|0x00000000e6100000, 0x00000000e6200000, 0x00000000e6200000|100%| O|  |TAMS 0x00000000e6200000, 0x00000000e6100000| Complete 
|  98|0x00000000e6200000, 0x00000000e6300000, 0x00000000e6300000|100%| O|  |TAMS 0x00000000e6300000, 0x00000000e6200000| Complete 
|  99|0x00000000e6300000, 0x00000000e6400000, 0x00000000e6400000|100%|HS|  |TAMS 0x00000000e6300000, 0x00000000e6300000| Complete 
| 100|0x00000000e6400000, 0x00000000e6500000, 0x00000000e6500000|100%|HC|  |TAMS 0x00000000e6400000, 0x00000000e6400000| Complete 
| 101|0x00000000e6500000, 0x00000000e6600000, 0x00000000e6600000|100%|HC|  |TAMS 0x00000000e6500000, 0x00000000e6500000| Complete 
| 102|0x00000000e6600000, 0x00000000e6700000, 0x00000000e6700000|100%|HS|  |TAMS 0x00000000e6600000, 0x00000000e6600000| Complete 
| 103|0x00000000e6700000, 0x00000000e6800000, 0x00000000e6800000|100%|HC|  |TAMS 0x00000000e6700000, 0x00000000e6700000| Complete 
| 104|0x00000000e6800000, 0x00000000e6900000, 0x00000000e6900000|100%|HC|  |TAMS 0x00000000e6800000, 0x00000000e6800000| Complete 
| 105|0x00000000e6900000, 0x00000000e6a00000, 0x00000000e6a00000|100%| O|  |TAMS 0x00000000e6a00000, 0x00000000e6900000| Untracked 
| 106|0x00000000e6a00000, 0x00000000e6b00000, 0x00000000e6b00000|100%| O|  |TAMS 0x00000000e6b00000, 0x00000000e6a00000| Complete 
| 107|0x00000000e6b00000, 0x00000000e6c00000, 0x00000000e6c00000|100%| O|  |TAMS 0x00000000e6c00000, 0x00000000e6b00000| Complete 
| 108|0x00000000e6c00000, 0x00000000e6c00000, 0x00000000e6d00000|  0%| F|  |TAMS 0x00000000e6c00000, 0x00000000e6c00000| Untracked 
| 109|0x00000000e6d00000, 0x00000000e6e00000, 0x00000000e6e00000|100%| O|  |TAMS 0x00000000e6e00000, 0x00000000e6d00000| Untracked 
| 110|0x00000000e6e00000, 0x00000000e6f00000, 0x00000000e6f00000|100%| O|  |TAMS 0x00000000e6f00000, 0x00000000e6e00000| Untracked 
| 111|0x00000000e6f00000, 0x00000000e7000000, 0x00000000e7000000|100%| O|  |TAMS 0x00000000e7000000, 0x00000000e6f00000| Complete 
| 112|0x00000000e7000000, 0x00000000e7100000, 0x00000000e7100000|100%| O|  |TAMS 0x00000000e7100000, 0x00000000e7000000| Complete 
| 113|0x00000000e7100000, 0x00000000e7200000, 0x00000000e7200000|100%| O|  |TAMS 0x00000000e7200000, 0x00000000e7100000| Untracked 
| 114|0x00000000e7200000, 0x00000000e7300000, 0x00000000e7300000|100%| O|  |TAMS 0x00000000e7300000, 0x00000000e7200000| Untracked 
| 115|0x00000000e7300000, 0x00000000e7300000, 0x00000000e7400000|  0%| F|  |TAMS 0x00000000e7300000, 0x00000000e7300000| Untracked 
| 116|0x00000000e7400000, 0x00000000e7500000, 0x00000000e7500000|100%| O|  |TAMS 0x00000000e7500000, 0x00000000e7400000| Complete 
| 117|0x00000000e7500000, 0x00000000e7600000, 0x00000000e7600000|100%| O|  |TAMS 0x00000000e7600000, 0x00000000e7500000| Complete 
| 118|0x00000000e7600000, 0x00000000e7700000, 0x00000000e7700000|100%| O|  |TAMS 0x00000000e7700000, 0x00000000e7600000| Complete 
| 119|0x00000000e7700000, 0x00000000e7800000, 0x00000000e7800000|100%| O|  |TAMS 0x00000000e7800000, 0x00000000e7700000| Untracked 
| 120|0x00000000e7800000, 0x00000000e7900000, 0x00000000e7900000|100%| O|  |TAMS 0x00000000e7900000, 0x00000000e7800000| Complete 
| 121|0x00000000e7900000, 0x00000000e7a00000, 0x00000000e7a00000|100%| O|  |TAMS 0x00000000e7a00000, 0x00000000e7900000| Complete 
| 122|0x00000000e7a00000, 0x00000000e7b00000, 0x00000000e7b00000|100%| O|  |TAMS 0x00000000e7b00000, 0x00000000e7a00000| Complete 
| 123|0x00000000e7b00000, 0x00000000e7c00000, 0x00000000e7c00000|100%| O|  |TAMS 0x00000000e7c00000, 0x00000000e7b00000| Complete 
| 124|0x00000000e7c00000, 0x00000000e7d00000, 0x00000000e7d00000|100%| O|  |TAMS 0x00000000e7d00000, 0x00000000e7c00000| Complete 
| 125|0x00000000e7d00000, 0x00000000e7e00000, 0x00000000e7e00000|100%| O|  |TAMS 0x00000000e7e00000, 0x00000000e7d00000| Complete 
| 126|0x00000000e7e00000, 0x00000000e7f00000, 0x00000000e7f00000|100%| O|  |TAMS 0x00000000e7f00000, 0x00000000e7e00000| Untracked 
| 127|0x00000000e7f00000, 0x00000000e8000000, 0x00000000e8000000|100%| O|  |TAMS 0x00000000e8000000, 0x00000000e7f00000| Untracked 
| 128|0x00000000e8000000, 0x00000000e8100000, 0x00000000e8100000|100%| O|  |TAMS 0x00000000e8100000, 0x00000000e8000000| Untracked 
| 129|0x00000000e8100000, 0x00000000e8200000, 0x00000000e8200000|100%| O|  |TAMS 0x00000000e8200000, 0x00000000e8100000| Complete 
| 130|0x00000000e8200000, 0x00000000e8300000, 0x00000000e8300000|100%| O|  |TAMS 0x00000000e8300000, 0x00000000e8200000| Complete 
| 131|0x00000000e8300000, 0x00000000e8400000, 0x00000000e8400000|100%| O|  |TAMS 0x00000000e8400000, 0x00000000e8300000| Untracked 
| 132|0x00000000e8400000, 0x00000000e8500000, 0x00000000e8500000|100%| O|  |TAMS 0x00000000e8500000, 0x00000000e8400000| Complete 
| 133|0x00000000e8500000, 0x00000000e8600000, 0x00000000e8600000|100%| O|  |TAMS 0x00000000e8600000, 0x00000000e8500000| Untracked 
| 134|0x00000000e8600000, 0x00000000e8700000, 0x00000000e8700000|100%| O|  |TAMS 0x00000000e8700000, 0x00000000e8600000| Complete 
| 135|0x00000000e8700000, 0x00000000e8800000, 0x00000000e8800000|100%| O|  |TAMS 0x00000000e8800000, 0x00000000e8700000| Complete 
| 136|0x00000000e8800000, 0x00000000e8900000, 0x00000000e8900000|100%| O|  |TAMS 0x00000000e8900000, 0x00000000e8800000| Complete 
| 137|0x00000000e8900000, 0x00000000e8a00000, 0x00000000e8a00000|100%| O|  |TAMS 0x00000000e8a00000, 0x00000000e8900000| Complete 
| 138|0x00000000e8a00000, 0x00000000e8b00000, 0x00000000e8b00000|100%| O|  |TAMS 0x00000000e8b00000, 0x00000000e8a00000| Complete 
| 139|0x00000000e8b00000, 0x00000000e8c00000, 0x00000000e8c00000|100%| O|  |TAMS 0x00000000e8c00000, 0x00000000e8b00000| Complete 
| 140|0x00000000e8c00000, 0x00000000e8d00000, 0x00000000e8d00000|100%| O|  |TAMS 0x00000000e8d00000, 0x00000000e8c00000| Complete 
| 141|0x00000000e8d00000, 0x00000000e8e00000, 0x00000000e8e00000|100%| O|  |TAMS 0x00000000e8e00000, 0x00000000e8d00000| Complete 
| 142|0x00000000e8e00000, 0x00000000e8e00000, 0x00000000e8f00000|  0%| F|  |TAMS 0x00000000e8e00000, 0x00000000e8e00000| Untracked 
| 143|0x00000000e8f00000, 0x00000000e9000000, 0x00000000e9000000|100%| O|  |TAMS 0x00000000e9000000, 0x00000000e8f00000| Untracked 
| 144|0x00000000e9000000, 0x00000000e9100000, 0x00000000e9100000|100%| O|  |TAMS 0x00000000e9100000, 0x00000000e9000000| Untracked 
| 145|0x00000000e9100000, 0x00000000e9200000, 0x00000000e9200000|100%| O|  |TAMS 0x00000000e9200000, 0x00000000e9100000| Untracked 
| 146|0x00000000e9200000, 0x00000000e9300000, 0x00000000e9300000|100%| O|  |TAMS 0x00000000e9300000, 0x00000000e9200000| Complete 
| 147|0x00000000e9300000, 0x00000000e9400000, 0x00000000e9400000|100%| O|  |TAMS 0x00000000e9400000, 0x00000000e9300000| Untracked 
| 148|0x00000000e9400000, 0x00000000e9500000, 0x00000000e9500000|100%| O|  |TAMS 0x00000000e9500000, 0x00000000e9400000| Untracked 
| 149|0x00000000e9500000, 0x00000000e9600000, 0x00000000e9600000|100%| O|  |TAMS 0x00000000e9600000, 0x00000000e9500000| Complete 
| 150|0x00000000e9600000, 0x00000000e9700000, 0x00000000e9700000|100%| O|  |TAMS 0x00000000e9700000, 0x00000000e9600000| Untracked 
| 151|0x00000000e9700000, 0x00000000e9800000, 0x00000000e9800000|100%| O|  |TAMS 0x00000000e9800000, 0x00000000e9700000| Complete 
| 152|0x00000000e9800000, 0x00000000e9900000, 0x00000000e9900000|100%| O|  |TAMS 0x00000000e9900000, 0x00000000e9800000| Complete 
| 153|0x00000000e9900000, 0x00000000e9a00000, 0x00000000e9a00000|100%| O|  |TAMS 0x00000000e9a00000, 0x00000000e9900000| Untracked 
| 154|0x00000000e9a00000, 0x00000000e9b00000, 0x00000000e9b00000|100%| O|  |TAMS 0x00000000e9b00000, 0x00000000e9a00000| Complete 
| 155|0x00000000e9b00000, 0x00000000e9c00000, 0x00000000e9c00000|100%| O|  |TAMS 0x00000000e9c00000, 0x00000000e9b00000| Untracked 
| 156|0x00000000e9c00000, 0x00000000e9d00000, 0x00000000e9d00000|100%| O|  |TAMS 0x00000000e9d00000, 0x00000000e9c00000| Complete 
| 157|0x00000000e9d00000, 0x00000000e9e00000, 0x00000000e9e00000|100%| O|  |TAMS 0x00000000e9e00000, 0x00000000e9d00000| Complete 
| 158|0x00000000e9e00000, 0x00000000e9f00000, 0x00000000e9f00000|100%| O|  |TAMS 0x00000000e9f00000, 0x00000000e9e00000| Complete 
| 159|0x00000000e9f00000, 0x00000000ea000000, 0x00000000ea000000|100%| O|  |TAMS 0x00000000ea000000, 0x00000000e9f00000| Complete 
| 160|0x00000000ea000000, 0x00000000ea100000, 0x00000000ea100000|100%| O|  |TAMS 0x00000000ea100000, 0x00000000ea000000| Complete 
| 161|0x00000000ea100000, 0x00000000ea200000, 0x00000000ea200000|100%| O|  |TAMS 0x00000000ea200000, 0x00000000ea100000| Complete 
| 162|0x00000000ea200000, 0x00000000ea300000, 0x00000000ea300000|100%| O|  |TAMS 0x00000000ea300000, 0x00000000ea200000| Untracked 
| 163|0x00000000ea300000, 0x00000000ea300000, 0x00000000ea400000|  0%| F|  |TAMS 0x00000000ea300000, 0x00000000ea300000| Untracked 
| 164|0x00000000ea400000, 0x00000000ea500000, 0x00000000ea500000|100%| O|  |TAMS 0x00000000ea500000, 0x00000000ea400000| Complete 
| 165|0x00000000ea500000, 0x00000000ea600000, 0x00000000ea600000|100%| O|  |TAMS 0x00000000ea600000, 0x00000000ea500000| Complete 
| 166|0x00000000ea600000, 0x00000000ea600000, 0x00000000ea700000|  0%| F|  |TAMS 0x00000000ea600000, 0x00000000ea600000| Untracked 
| 167|0x00000000ea700000, 0x00000000ea800000, 0x00000000ea800000|100%| O|  |TAMS 0x00000000ea800000, 0x00000000ea700000| Complete 
| 168|0x00000000ea800000, 0x00000000ea900000, 0x00000000ea900000|100%| O|  |TAMS 0x00000000ea900000, 0x00000000ea800000| Complete 
| 169|0x00000000ea900000, 0x00000000eaa00000, 0x00000000eaa00000|100%| O|  |TAMS 0x00000000eaa00000, 0x00000000ea900000| Complete 
| 170|0x00000000eaa00000, 0x00000000eab00000, 0x00000000eab00000|100%| O|  |TAMS 0x00000000eab00000, 0x00000000eaa00000| Complete 
| 171|0x00000000eab00000, 0x00000000eac00000, 0x00000000eac00000|100%| O|  |TAMS 0x00000000eac00000, 0x00000000eab00000| Complete 
| 172|0x00000000eac00000, 0x00000000ead00000, 0x00000000ead00000|100%| O|  |TAMS 0x00000000ead00000, 0x00000000eac00000| Complete 
| 173|0x00000000ead00000, 0x00000000eae00000, 0x00000000eae00000|100%| O|  |TAMS 0x00000000eae00000, 0x00000000ead00000| Complete 
| 174|0x00000000eae00000, 0x00000000eaf00000, 0x00000000eaf00000|100%| O|  |TAMS 0x00000000eaf00000, 0x00000000eae00000| Complete 
| 175|0x00000000eaf00000, 0x00000000eb000000, 0x00000000eb000000|100%|HS|  |TAMS 0x00000000eaf00000, 0x00000000eaf00000| Complete 
| 176|0x00000000eb000000, 0x00000000eb100000, 0x00000000eb100000|100%|HC|  |TAMS 0x00000000eb000000, 0x00000000eb000000| Complete 
| 177|0x00000000eb100000, 0x00000000eb200000, 0x00000000eb200000|100%|HC|  |TAMS 0x00000000eb100000, 0x00000000eb100000| Complete 
| 178|0x00000000eb200000, 0x00000000eb300000, 0x00000000eb300000|100%|HS|  |TAMS 0x00000000eb200000, 0x00000000eb200000| Complete 
| 179|0x00000000eb300000, 0x00000000eb400000, 0x00000000eb400000|100%|HC|  |TAMS 0x00000000eb300000, 0x00000000eb300000| Complete 
| 180|0x00000000eb400000, 0x00000000eb500000, 0x00000000eb500000|100%|HC|  |TAMS 0x00000000eb400000, 0x00000000eb400000| Complete 
| 181|0x00000000eb500000, 0x00000000eb500000, 0x00000000eb600000|  0%| F|  |TAMS 0x00000000eb500000, 0x00000000eb500000| Untracked 
| 182|0x00000000eb600000, 0x00000000eb600000, 0x00000000eb700000|  0%| F|  |TAMS 0x00000000eb600000, 0x00000000eb600000| Untracked 
| 183|0x00000000eb700000, 0x00000000eb700000, 0x00000000eb800000|  0%| F|  |TAMS 0x00000000eb700000, 0x00000000eb700000| Untracked 
| 184|0x00000000eb800000, 0x00000000eb800000, 0x00000000eb900000|  0%| F|  |TAMS 0x00000000eb800000, 0x00000000eb800000| Untracked 
| 185|0x00000000eb900000, 0x00000000eb900000, 0x00000000eba00000|  0%| F|  |TAMS 0x00000000eb900000, 0x00000000eb900000| Untracked 
| 186|0x00000000eba00000, 0x00000000eba00000, 0x00000000ebb00000|  0%| F|  |TAMS 0x00000000eba00000, 0x00000000eba00000| Untracked 
| 187|0x00000000ebb00000, 0x00000000ebb00000, 0x00000000ebc00000|  0%| F|  |TAMS 0x00000000ebb00000, 0x00000000ebb00000| Untracked 
| 188|0x00000000ebc00000, 0x00000000ebc00000, 0x00000000ebd00000|  0%| F|  |TAMS 0x00000000ebc00000, 0x00000000ebc00000| Untracked 
| 189|0x00000000ebd00000, 0x00000000ebd00000, 0x00000000ebe00000|  0%| F|  |TAMS 0x00000000ebd00000, 0x00000000ebd00000| Untracked 
| 190|0x00000000ebe00000, 0x00000000ebe00000, 0x00000000ebf00000|  0%| F|  |TAMS 0x00000000ebe00000, 0x00000000ebe00000| Untracked 
| 191|0x00000000ebf00000, 0x00000000ebf00000, 0x00000000ec000000|  0%| F|  |TAMS 0x00000000ebf00000, 0x00000000ebf00000| Untracked 
| 192|0x00000000ec000000, 0x00000000ec000000, 0x00000000ec100000|  0%| F|  |TAMS 0x00000000ec000000, 0x00000000ec000000| Untracked 
| 193|0x00000000ec100000, 0x00000000ec100000, 0x00000000ec200000|  0%| F|  |TAMS 0x00000000ec100000, 0x00000000ec100000| Untracked 
| 194|0x00000000ec200000, 0x00000000ec200000, 0x00000000ec300000|  0%| F|  |TAMS 0x00000000ec200000, 0x00000000ec200000| Untracked 
| 195|0x00000000ec300000, 0x00000000ec300000, 0x00000000ec400000|  0%| F|  |TAMS 0x00000000ec300000, 0x00000000ec300000| Untracked 
| 196|0x00000000ec400000, 0x00000000ec400000, 0x00000000ec500000|  0%| F|  |TAMS 0x00000000ec400000, 0x00000000ec400000| Untracked 
| 197|0x00000000ec500000, 0x00000000ec500000, 0x00000000ec600000|  0%| F|  |TAMS 0x00000000ec500000, 0x00000000ec500000| Untracked 
| 198|0x00000000ec600000, 0x00000000ec600000, 0x00000000ec700000|  0%| F|  |TAMS 0x00000000ec600000, 0x00000000ec600000| Untracked 
| 199|0x00000000ec700000, 0x00000000ec700000, 0x00000000ec800000|  0%| F|  |TAMS 0x00000000ec700000, 0x00000000ec700000| Untracked 
| 200|0x00000000ec800000, 0x00000000ec800000, 0x00000000ec900000|  0%| F|  |TAMS 0x00000000ec800000, 0x00000000ec800000| Untracked 
| 201|0x00000000ec900000, 0x00000000ec900000, 0x00000000eca00000|  0%| F|  |TAMS 0x00000000ec900000, 0x00000000ec900000| Untracked 
| 202|0x00000000eca00000, 0x00000000eca00000, 0x00000000ecb00000|  0%| F|  |TAMS 0x00000000eca00000, 0x00000000eca00000| Untracked 
| 203|0x00000000ecb00000, 0x00000000ecb00000, 0x00000000ecc00000|  0%| F|  |TAMS 0x00000000ecb00000, 0x00000000ecb00000| Untracked 
| 204|0x00000000ecc00000, 0x00000000ecc00000, 0x00000000ecd00000|  0%| F|  |TAMS 0x00000000ecc00000, 0x00000000ecc00000| Untracked 
| 205|0x00000000ecd00000, 0x00000000ecd00000, 0x00000000ece00000|  0%| F|  |TAMS 0x00000000ecd00000, 0x00000000ecd00000| Untracked 
| 206|0x00000000ece00000, 0x00000000ece00000, 0x00000000ecf00000|  0%| F|  |TAMS 0x00000000ece00000, 0x00000000ece00000| Untracked 
| 207|0x00000000ecf00000, 0x00000000ecf00000, 0x00000000ed000000|  0%| F|  |TAMS 0x00000000ecf00000, 0x00000000ecf00000| Untracked 
| 208|0x00000000ed000000, 0x00000000ed000000, 0x00000000ed100000|  0%| F|  |TAMS 0x00000000ed000000, 0x00000000ed000000| Untracked 
| 209|0x00000000ed100000, 0x00000000ed100000, 0x00000000ed200000|  0%| F|  |TAMS 0x00000000ed100000, 0x00000000ed100000| Untracked 
| 210|0x00000000ed200000, 0x00000000ed200000, 0x00000000ed300000|  0%| F|  |TAMS 0x00000000ed200000, 0x00000000ed200000| Untracked 
| 211|0x00000000ed300000, 0x00000000ed300000, 0x00000000ed400000|  0%| F|  |TAMS 0x00000000ed300000, 0x00000000ed300000| Untracked 
| 212|0x00000000ed400000, 0x00000000ed400000, 0x00000000ed500000|  0%| F|  |TAMS 0x00000000ed400000, 0x00000000ed400000| Untracked 
| 213|0x00000000ed500000, 0x00000000ed500000, 0x00000000ed600000|  0%| F|  |TAMS 0x00000000ed500000, 0x00000000ed500000| Untracked 
| 214|0x00000000ed600000, 0x00000000ed600000, 0x00000000ed700000|  0%| F|  |TAMS 0x00000000ed600000, 0x00000000ed600000| Untracked 
| 215|0x00000000ed700000, 0x00000000ed700000, 0x00000000ed800000|  0%| F|  |TAMS 0x00000000ed700000, 0x00000000ed700000| Untracked 
| 216|0x00000000ed800000, 0x00000000ed800000, 0x00000000ed900000|  0%| F|  |TAMS 0x00000000ed800000, 0x00000000ed800000| Untracked 
| 217|0x00000000ed900000, 0x00000000ed900000, 0x00000000eda00000|  0%| F|  |TAMS 0x00000000ed900000, 0x00000000ed900000| Untracked 
| 218|0x00000000eda00000, 0x00000000eda00000, 0x00000000edb00000|  0%| F|  |TAMS 0x00000000eda00000, 0x00000000eda00000| Untracked 
| 219|0x00000000edb00000, 0x00000000edb00000, 0x00000000edc00000|  0%| F|  |TAMS 0x00000000edb00000, 0x00000000edb00000| Untracked 
| 220|0x00000000edc00000, 0x00000000edc00000, 0x00000000edd00000|  0%| F|  |TAMS 0x00000000edc00000, 0x00000000edc00000| Untracked 
| 221|0x00000000edd00000, 0x00000000edd00000, 0x00000000ede00000|  0%| F|  |TAMS 0x00000000edd00000, 0x00000000edd00000| Untracked 
| 222|0x00000000ede00000, 0x00000000ede00000, 0x00000000edf00000|  0%| F|  |TAMS 0x00000000ede00000, 0x00000000ede00000| Untracked 
| 223|0x00000000edf00000, 0x00000000edf00000, 0x00000000ee000000|  0%| F|  |TAMS 0x00000000edf00000, 0x00000000edf00000| Untracked 
| 224|0x00000000ee000000, 0x00000000ee000000, 0x00000000ee100000|  0%| F|  |TAMS 0x00000000ee000000, 0x00000000ee000000| Untracked 
| 225|0x00000000ee100000, 0x00000000ee100000, 0x00000000ee200000|  0%| F|  |TAMS 0x00000000ee100000, 0x00000000ee100000| Untracked 
| 226|0x00000000ee200000, 0x00000000ee200000, 0x00000000ee300000|  0%| F|  |TAMS 0x00000000ee200000, 0x00000000ee200000| Untracked 
| 227|0x00000000ee300000, 0x00000000ee300000, 0x00000000ee400000|  0%| F|  |TAMS 0x00000000ee300000, 0x00000000ee300000| Untracked 
| 228|0x00000000ee400000, 0x00000000ee400000, 0x00000000ee500000|  0%| F|  |TAMS 0x00000000ee400000, 0x00000000ee400000| Untracked 
| 229|0x00000000ee500000, 0x00000000ee500000, 0x00000000ee600000|  0%| F|  |TAMS 0x00000000ee500000, 0x00000000ee500000| Untracked 
| 230|0x00000000ee600000, 0x00000000ee600000, 0x00000000ee700000|  0%| F|  |TAMS 0x00000000ee600000, 0x00000000ee600000| Untracked 
| 231|0x00000000ee700000, 0x00000000ee700000, 0x00000000ee800000|  0%| F|  |TAMS 0x00000000ee700000, 0x00000000ee700000| Untracked 
| 232|0x00000000ee800000, 0x00000000ee800000, 0x00000000ee900000|  0%| F|  |TAMS 0x00000000ee800000, 0x00000000ee800000| Untracked 
| 233|0x00000000ee900000, 0x00000000ee900000, 0x00000000eea00000|  0%| F|  |TAMS 0x00000000ee900000, 0x00000000ee900000| Untracked 
| 234|0x00000000eea00000, 0x00000000eea00000, 0x00000000eeb00000|  0%| F|  |TAMS 0x00000000eea00000, 0x00000000eea00000| Untracked 
| 235|0x00000000eeb00000, 0x00000000eeb00000, 0x00000000eec00000|  0%| F|  |TAMS 0x00000000eeb00000, 0x00000000eeb00000| Untracked 
| 236|0x00000000eec00000, 0x00000000eec00000, 0x00000000eed00000|  0%| F|  |TAMS 0x00000000eec00000, 0x00000000eec00000| Untracked 
| 237|0x00000000eed00000, 0x00000000eed00000, 0x00000000eee00000|  0%| F|  |TAMS 0x00000000eed00000, 0x00000000eed00000| Untracked 
| 238|0x00000000eee00000, 0x00000000eee00000, 0x00000000eef00000|  0%| F|  |TAMS 0x00000000eee00000, 0x00000000eee00000| Untracked 
| 239|0x00000000eef00000, 0x00000000eef00000, 0x00000000ef000000|  0%| F|  |TAMS 0x00000000eef00000, 0x00000000eef00000| Untracked 
| 240|0x00000000ef000000, 0x00000000ef000000, 0x00000000ef100000|  0%| F|  |TAMS 0x00000000ef000000, 0x00000000ef000000| Untracked 
| 241|0x00000000ef100000, 0x00000000ef100000, 0x00000000ef200000|  0%| F|  |TAMS 0x00000000ef100000, 0x00000000ef100000| Untracked 
| 242|0x00000000ef200000, 0x00000000ef200000, 0x00000000ef300000|  0%| F|  |TAMS 0x00000000ef200000, 0x00000000ef200000| Untracked 
| 243|0x00000000ef300000, 0x00000000ef300000, 0x00000000ef400000|  0%| F|  |TAMS 0x00000000ef300000, 0x00000000ef300000| Untracked 
| 244|0x00000000ef400000, 0x00000000ef400000, 0x00000000ef500000|  0%| F|  |TAMS 0x00000000ef400000, 0x00000000ef400000| Untracked 
| 245|0x00000000ef500000, 0x00000000ef500000, 0x00000000ef600000|  0%| F|  |TAMS 0x00000000ef500000, 0x00000000ef500000| Untracked 
| 246|0x00000000ef600000, 0x00000000ef600000, 0x00000000ef700000|  0%| F|  |TAMS 0x00000000ef600000, 0x00000000ef600000| Untracked 
| 247|0x00000000ef700000, 0x00000000ef700000, 0x00000000ef800000|  0%| F|  |TAMS 0x00000000ef700000, 0x00000000ef700000| Untracked 
| 248|0x00000000ef800000, 0x00000000ef800000, 0x00000000ef900000|  0%| F|  |TAMS 0x00000000ef800000, 0x00000000ef800000| Untracked 
| 249|0x00000000ef900000, 0x00000000ef900000, 0x00000000efa00000|  0%| F|  |TAMS 0x00000000ef900000, 0x00000000ef900000| Untracked 
| 250|0x00000000efa00000, 0x00000000efa00000, 0x00000000efb00000|  0%| F|  |TAMS 0x00000000efa00000, 0x00000000efa00000| Untracked 
| 251|0x00000000efb00000, 0x00000000efb00000, 0x00000000efc00000|  0%| F|  |TAMS 0x00000000efb00000, 0x00000000efb00000| Untracked 
| 252|0x00000000efc00000, 0x00000000efc00000, 0x00000000efd00000|  0%| F|  |TAMS 0x00000000efc00000, 0x00000000efc00000| Untracked 
| 253|0x00000000efd00000, 0x00000000efd00000, 0x00000000efe00000|  0%| F|  |TAMS 0x00000000efd00000, 0x00000000efd00000| Untracked 
| 254|0x00000000efe00000, 0x00000000efe00000, 0x00000000eff00000|  0%| F|  |TAMS 0x00000000efe00000, 0x00000000efe00000| Untracked 
| 255|0x00000000eff00000, 0x00000000eff00000, 0x00000000f0000000|  0%| F|  |TAMS 0x00000000eff00000, 0x00000000eff00000| Untracked 
| 256|0x00000000f0000000, 0x00000000f0000000, 0x00000000f0100000|  0%| F|  |TAMS 0x00000000f0000000, 0x00000000f0000000| Untracked 
| 257|0x00000000f0100000, 0x00000000f0100000, 0x00000000f0200000|  0%| F|  |TAMS 0x00000000f0100000, 0x00000000f0100000| Untracked 
| 258|0x00000000f0200000, 0x00000000f0200000, 0x00000000f0300000|  0%| F|  |TAMS 0x00000000f0200000, 0x00000000f0200000| Untracked 
| 259|0x00000000f0300000, 0x00000000f0300000, 0x00000000f0400000|  0%| F|  |TAMS 0x00000000f0300000, 0x00000000f0300000| Untracked 
| 260|0x00000000f0400000, 0x00000000f0400000, 0x00000000f0500000|  0%| F|  |TAMS 0x00000000f0400000, 0x00000000f0400000| Untracked 
| 261|0x00000000f0500000, 0x00000000f0500000, 0x00000000f0600000|  0%| F|  |TAMS 0x00000000f0500000, 0x00000000f0500000| Untracked 
| 262|0x00000000f0600000, 0x00000000f0600000, 0x00000000f0700000|  0%| F|  |TAMS 0x00000000f0600000, 0x00000000f0600000| Untracked 
| 263|0x00000000f0700000, 0x00000000f0700000, 0x00000000f0800000|  0%| F|  |TAMS 0x00000000f0700000, 0x00000000f0700000| Untracked 
| 264|0x00000000f0800000, 0x00000000f0816ef8, 0x00000000f0900000|  8%| E|  |TAMS 0x00000000f0800000, 0x00000000f0800000| Complete 
| 265|0x00000000f0900000, 0x00000000f0a00000, 0x00000000f0a00000|100%| E|CS|TAMS 0x00000000f0900000, 0x00000000f0900000| Complete 
| 266|0x00000000f0a00000, 0x00000000f0b00000, 0x00000000f0b00000|100%| E|CS|TAMS 0x00000000f0a00000, 0x00000000f0a00000| Complete 
| 267|0x00000000f0b00000, 0x00000000f0bffbd0, 0x00000000f0c00000| 99%| E|  |TAMS 0x00000000f0b00000, 0x00000000f0b00000| Complete 
| 268|0x00000000f0c00000, 0x00000000f0d00000, 0x00000000f0d00000|100%| E|CS|TAMS 0x00000000f0c00000, 0x00000000f0c00000| Complete 
| 269|0x00000000f0d00000, 0x00000000f0e00000, 0x00000000f0e00000|100%| E|CS|TAMS 0x00000000f0d00000, 0x00000000f0d00000| Complete 
| 270|0x00000000f0e00000, 0x00000000f0f00000, 0x00000000f0f00000|100%| E|CS|TAMS 0x00000000f0e00000, 0x00000000f0e00000| Complete 
| 271|0x00000000f0f00000, 0x00000000f1000000, 0x00000000f1000000|100%| E|CS|TAMS 0x00000000f0f00000, 0x00000000f0f00000| Complete 
| 272|0x00000000f1000000, 0x00000000f1100000, 0x00000000f1100000|100%| E|CS|TAMS 0x00000000f1000000, 0x00000000f1000000| Complete 
| 273|0x00000000f1100000, 0x00000000f1200000, 0x00000000f1200000|100%| E|CS|TAMS 0x00000000f1100000, 0x00000000f1100000| Complete 
| 274|0x00000000f1200000, 0x00000000f1300000, 0x00000000f1300000|100%| E|CS|TAMS 0x00000000f1200000, 0x00000000f1200000| Complete 
| 275|0x00000000f1300000, 0x00000000f1400000, 0x00000000f1400000|100%| E|CS|TAMS 0x00000000f1300000, 0x00000000f1300000| Complete 
| 276|0x00000000f1400000, 0x00000000f1500000, 0x00000000f1500000|100%| E|CS|TAMS 0x00000000f1400000, 0x00000000f1400000| Complete 
| 277|0x00000000f1500000, 0x00000000f1600000, 0x00000000f1600000|100%| E|CS|TAMS 0x00000000f1500000, 0x00000000f1500000| Complete 
| 278|0x00000000f1600000, 0x00000000f1700000, 0x00000000f1700000|100%| E|CS|TAMS 0x00000000f1600000, 0x00000000f1600000| Complete 
| 279|0x00000000f1700000, 0x00000000f1800000, 0x00000000f1800000|100%| E|CS|TAMS 0x00000000f1700000, 0x00000000f1700000| Complete 
| 280|0x00000000f1800000, 0x00000000f1900000, 0x00000000f1900000|100%| E|CS|TAMS 0x00000000f1800000, 0x00000000f1800000| Complete 
| 281|0x00000000f1900000, 0x00000000f1a00000, 0x00000000f1a00000|100%| E|CS|TAMS 0x00000000f1900000, 0x00000000f1900000| Complete 
| 282|0x00000000f1a00000, 0x00000000f1b00000, 0x00000000f1b00000|100%| E|CS|TAMS 0x00000000f1a00000, 0x00000000f1a00000| Complete 
| 283|0x00000000f1b00000, 0x00000000f1c00000, 0x00000000f1c00000|100%| E|CS|TAMS 0x00000000f1b00000, 0x00000000f1b00000| Complete 
| 284|0x00000000f1c00000, 0x00000000f1d00000, 0x00000000f1d00000|100%| E|CS|TAMS 0x00000000f1c00000, 0x00000000f1c00000| Complete 
| 285|0x00000000f1d00000, 0x00000000f1e00000, 0x00000000f1e00000|100%| E|CS|TAMS 0x00000000f1d00000, 0x00000000f1d00000| Complete 
| 286|0x00000000f1e00000, 0x00000000f1f00000, 0x00000000f1f00000|100%| E|CS|TAMS 0x00000000f1e00000, 0x00000000f1e00000| Complete 
| 287|0x00000000f1f00000, 0x00000000f2000000, 0x00000000f2000000|100%| E|CS|TAMS 0x00000000f1f00000, 0x00000000f1f00000| Complete 
| 288|0x00000000f2000000, 0x00000000f2100000, 0x00000000f2100000|100%| E|CS|TAMS 0x00000000f2000000, 0x00000000f2000000| Complete 
| 289|0x00000000f2100000, 0x00000000f2200000, 0x00000000f2200000|100%| E|CS|TAMS 0x00000000f2100000, 0x00000000f2100000| Complete 
| 290|0x00000000f2200000, 0x00000000f2300000, 0x00000000f2300000|100%| E|CS|TAMS 0x00000000f2200000, 0x00000000f2200000| Complete 
| 291|0x00000000f2300000, 0x00000000f2400000, 0x00000000f2400000|100%| E|CS|TAMS 0x00000000f2300000, 0x00000000f2300000| Complete 
| 292|0x00000000f2400000, 0x00000000f2500000, 0x00000000f2500000|100%| E|CS|TAMS 0x00000000f2400000, 0x00000000f2400000| Complete 
| 293|0x00000000f2500000, 0x00000000f2600000, 0x00000000f2600000|100%| E|CS|TAMS 0x00000000f2500000, 0x00000000f2500000| Complete 
| 294|0x00000000f2600000, 0x00000000f2700000, 0x00000000f2700000|100%| E|CS|TAMS 0x00000000f2600000, 0x00000000f2600000| Complete 
| 295|0x00000000f2700000, 0x00000000f2800000, 0x00000000f2800000|100%| E|CS|TAMS 0x00000000f2700000, 0x00000000f2700000| Complete 
| 296|0x00000000f2800000, 0x00000000f2900000, 0x00000000f2900000|100%| E|CS|TAMS 0x00000000f2800000, 0x00000000f2800000| Complete 
| 297|0x00000000f2900000, 0x00000000f2a00000, 0x00000000f2a00000|100%| E|CS|TAMS 0x00000000f2900000, 0x00000000f2900000| Complete 
| 298|0x00000000f2a00000, 0x00000000f2b00000, 0x00000000f2b00000|100%| E|CS|TAMS 0x00000000f2a00000, 0x00000000f2a00000| Complete 
| 299|0x00000000f2b00000, 0x00000000f2c00000, 0x00000000f2c00000|100%| E|CS|TAMS 0x00000000f2b00000, 0x00000000f2b00000| Complete 
| 300|0x00000000f2c00000, 0x00000000f2d00000, 0x00000000f2d00000|100%| E|CS|TAMS 0x00000000f2c00000, 0x00000000f2c00000| Complete 
| 301|0x00000000f2d00000, 0x00000000f2e00000, 0x00000000f2e00000|100%| E|CS|TAMS 0x00000000f2d00000, 0x00000000f2d00000| Complete 
| 302|0x00000000f2e00000, 0x00000000f2f00000, 0x00000000f2f00000|100%| E|CS|TAMS 0x00000000f2e00000, 0x00000000f2e00000| Complete 
| 303|0x00000000f2f00000, 0x00000000f3000000, 0x00000000f3000000|100%| E|CS|TAMS 0x00000000f2f00000, 0x00000000f2f00000| Complete 
| 304|0x00000000f3000000, 0x00000000f3100000, 0x00000000f3100000|100%| E|CS|TAMS 0x00000000f3000000, 0x00000000f3000000| Complete 
| 305|0x00000000f3100000, 0x00000000f3200000, 0x00000000f3200000|100%| E|CS|TAMS 0x00000000f3100000, 0x00000000f3100000| Complete 
| 306|0x00000000f3200000, 0x00000000f3300000, 0x00000000f3300000|100%| E|CS|TAMS 0x00000000f3200000, 0x00000000f3200000| Complete 
| 307|0x00000000f3300000, 0x00000000f3400000, 0x00000000f3400000|100%| E|CS|TAMS 0x00000000f3300000, 0x00000000f3300000| Complete 
| 308|0x00000000f3400000, 0x00000000f3500000, 0x00000000f3500000|100%| E|CS|TAMS 0x00000000f3400000, 0x00000000f3400000| Complete 
| 309|0x00000000f3500000, 0x00000000f3600000, 0x00000000f3600000|100%| E|CS|TAMS 0x00000000f3500000, 0x00000000f3500000| Complete 
| 310|0x00000000f3600000, 0x00000000f3700000, 0x00000000f3700000|100%| E|CS|TAMS 0x00000000f3600000, 0x00000000f3600000| Complete 
| 311|0x00000000f3700000, 0x00000000f3800000, 0x00000000f3800000|100%| E|CS|TAMS 0x00000000f3700000, 0x00000000f3700000| Complete 
| 312|0x00000000f3800000, 0x00000000f3900000, 0x00000000f3900000|100%| E|CS|TAMS 0x00000000f3800000, 0x00000000f3800000| Complete 
| 313|0x00000000f3900000, 0x00000000f3a00000, 0x00000000f3a00000|100%| E|CS|TAMS 0x00000000f3900000, 0x00000000f3900000| Complete 
| 314|0x00000000f3a00000, 0x00000000f3a5e420, 0x00000000f3b00000| 36%| S|CS|TAMS 0x00000000f3a00000, 0x00000000f3a00000| Complete 
| 315|0x00000000f3b00000, 0x00000000f3c00000, 0x00000000f3c00000|100%| S|CS|TAMS 0x00000000f3b00000, 0x00000000f3b00000| Complete 
| 316|0x00000000f3c00000, 0x00000000f3d00000, 0x00000000f3d00000|100%| S|CS|TAMS 0x00000000f3c00000, 0x00000000f3c00000| Complete 
| 317|0x00000000f3d00000, 0x00000000f3e00000, 0x00000000f3e00000|100%| S|CS|TAMS 0x00000000f3d00000, 0x00000000f3d00000| Complete 
| 318|0x00000000f3e00000, 0x00000000f3f00000, 0x00000000f3f00000|100%| S|CS|TAMS 0x00000000f3e00000, 0x00000000f3e00000| Complete 
| 319|0x00000000f3f00000, 0x00000000f4000000, 0x00000000f4000000|100%| S|CS|TAMS 0x00000000f3f00000, 0x00000000f3f00000| Complete 
| 320|0x00000000f4000000, 0x00000000f4100000, 0x00000000f4100000|100%| S|CS|TAMS 0x00000000f4000000, 0x00000000f4000000| Complete 
| 321|0x00000000f4100000, 0x00000000f4200000, 0x00000000f4200000|100%| S|CS|TAMS 0x00000000f4100000, 0x00000000f4100000| Complete 
| 322|0x00000000f4200000, 0x00000000f4300000, 0x00000000f4300000|100%| S|CS|TAMS 0x00000000f4200000, 0x00000000f4200000| Complete 
| 323|0x00000000f4300000, 0x00000000f4400000, 0x00000000f4400000|100%| S|CS|TAMS 0x00000000f4300000, 0x00000000f4300000| Complete 
| 324|0x00000000f4400000, 0x00000000f4500000, 0x00000000f4500000|100%| S|CS|TAMS 0x00000000f4400000, 0x00000000f4400000| Complete 
| 325|0x00000000f4500000, 0x00000000f4600000, 0x00000000f4600000|100%| S|CS|TAMS 0x00000000f4500000, 0x00000000f4500000| Complete 
| 326|0x00000000f4600000, 0x00000000f4700000, 0x00000000f4700000|100%| E|CS|TAMS 0x00000000f4600000, 0x00000000f4600000| Complete 
| 327|0x00000000f4700000, 0x00000000f4800000, 0x00000000f4800000|100%| E|CS|TAMS 0x00000000f4700000, 0x00000000f4700000| Complete 
| 328|0x00000000f4800000, 0x00000000f4900000, 0x00000000f4900000|100%| E|CS|TAMS 0x00000000f4800000, 0x00000000f4800000| Complete 
| 329|0x00000000f4900000, 0x00000000f4a00000, 0x00000000f4a00000|100%| E|CS|TAMS 0x00000000f4900000, 0x00000000f4900000| Complete 
| 330|0x00000000f4a00000, 0x00000000f4b00000, 0x00000000f4b00000|100%| E|CS|TAMS 0x00000000f4a00000, 0x00000000f4a00000| Complete 
| 331|0x00000000f4b00000, 0x00000000f4c00000, 0x00000000f4c00000|100%| E|CS|TAMS 0x00000000f4b00000, 0x00000000f4b00000| Complete 
| 332|0x00000000f4c00000, 0x00000000f4d00000, 0x00000000f4d00000|100%| E|CS|TAMS 0x00000000f4c00000, 0x00000000f4c00000| Complete 
| 333|0x00000000f4d00000, 0x00000000f4e00000, 0x00000000f4e00000|100%| E|CS|TAMS 0x00000000f4d00000, 0x00000000f4d00000| Complete 
| 334|0x00000000f4e00000, 0x00000000f4f00000, 0x00000000f4f00000|100%| E|CS|TAMS 0x00000000f4e00000, 0x00000000f4e00000| Complete 
| 335|0x00000000f4f00000, 0x00000000f5000000, 0x00000000f5000000|100%| E|CS|TAMS 0x00000000f4f00000, 0x00000000f4f00000| Complete 
| 336|0x00000000f5000000, 0x00000000f5100000, 0x00000000f5100000|100%| E|CS|TAMS 0x00000000f5000000, 0x00000000f5000000| Complete 
| 337|0x00000000f5100000, 0x00000000f5200000, 0x00000000f5200000|100%| E|CS|TAMS 0x00000000f5100000, 0x00000000f5100000| Complete 
| 338|0x00000000f5200000, 0x00000000f5300000, 0x00000000f5300000|100%| E|CS|TAMS 0x00000000f5200000, 0x00000000f5200000| Complete 
| 339|0x00000000f5300000, 0x00000000f5400000, 0x00000000f5400000|100%| E|CS|TAMS 0x00000000f5300000, 0x00000000f5300000| Complete 
| 340|0x00000000f5400000, 0x00000000f5500000, 0x00000000f5500000|100%| E|CS|TAMS 0x00000000f5400000, 0x00000000f5400000| Complete 
| 341|0x00000000f5500000, 0x00000000f5600000, 0x00000000f5600000|100%| E|CS|TAMS 0x00000000f5500000, 0x00000000f5500000| Complete 
| 342|0x00000000f5600000, 0x00000000f5700000, 0x00000000f5700000|100%| E|CS|TAMS 0x00000000f5600000, 0x00000000f5600000| Complete 
| 343|0x00000000f5700000, 0x00000000f5800000, 0x00000000f5800000|100%| E|CS|TAMS 0x00000000f5700000, 0x00000000f5700000| Complete 
| 344|0x00000000f5800000, 0x00000000f5900000, 0x00000000f5900000|100%| E|CS|TAMS 0x00000000f5800000, 0x00000000f5800000| Complete 
| 345|0x00000000f5900000, 0x00000000f5a00000, 0x00000000f5a00000|100%| E|CS|TAMS 0x00000000f5900000, 0x00000000f5900000| Complete 
| 346|0x00000000f5a00000, 0x00000000f5b00000, 0x00000000f5b00000|100%| E|CS|TAMS 0x00000000f5a00000, 0x00000000f5a00000| Complete 
| 347|0x00000000f5b00000, 0x00000000f5c00000, 0x00000000f5c00000|100%| E|CS|TAMS 0x00000000f5b00000, 0x00000000f5b00000| Complete 
| 348|0x00000000f5c00000, 0x00000000f5d00000, 0x00000000f5d00000|100%| E|CS|TAMS 0x00000000f5c00000, 0x00000000f5c00000| Complete 
| 349|0x00000000f5d00000, 0x00000000f5e00000, 0x00000000f5e00000|100%| E|CS|TAMS 0x00000000f5d00000, 0x00000000f5d00000| Complete 
| 350|0x00000000f5e00000, 0x00000000f5f00000, 0x00000000f5f00000|100%| E|CS|TAMS 0x00000000f5e00000, 0x00000000f5e00000| Complete 
| 351|0x00000000f5f00000, 0x00000000f6000000, 0x00000000f6000000|100%| E|CS|TAMS 0x00000000f5f00000, 0x00000000f5f00000| Complete 
| 352|0x00000000f6000000, 0x00000000f6100000, 0x00000000f6100000|100%| E|CS|TAMS 0x00000000f6000000, 0x00000000f6000000| Complete 
| 353|0x00000000f6100000, 0x00000000f6200000, 0x00000000f6200000|100%| E|CS|TAMS 0x00000000f6100000, 0x00000000f6100000| Complete 
| 354|0x00000000f6200000, 0x00000000f6300000, 0x00000000f6300000|100%| E|CS|TAMS 0x00000000f6200000, 0x00000000f6200000| Complete 
| 355|0x00000000f6300000, 0x00000000f6400000, 0x00000000f6400000|100%| E|CS|TAMS 0x00000000f6300000, 0x00000000f6300000| Complete 
| 356|0x00000000f6400000, 0x00000000f6500000, 0x00000000f6500000|100%| E|CS|TAMS 0x00000000f6400000, 0x00000000f6400000| Complete 
| 357|0x00000000f6500000, 0x00000000f6600000, 0x00000000f6600000|100%| E|CS|TAMS 0x00000000f6500000, 0x00000000f6500000| Complete 
| 358|0x00000000f6600000, 0x00000000f6700000, 0x00000000f6700000|100%| E|CS|TAMS 0x00000000f6600000, 0x00000000f6600000| Complete 

Card table byte_map: [0x0000014c66b80000,0x0000014c66c80000] _byte_map_base: 0x0000014c66480000

Marking Bits (Prev, Next): (CMBitMap*) 0x0000014c4db9a860, (CMBitMap*) 0x0000014c4db9a8a0
 Prev Bits: [0x0000014c66d80000, 0x0000014c67580000)
 Next Bits: [0x0000014c67580000, 0x0000014c67d80000)

Polling page: 0x0000014c4f3f0000

Metaspace:

Usage:
  Non-class:     61.52 MB used.
      Class:      9.58 MB used.
       Both:     71.10 MB used.

Virtual space:
  Non-class space:       64.00 MB reserved,      61.94 MB ( 97%) committed,  1 nodes.
      Class space:      320.00 MB reserved,      10.00 MB (  3%) committed,  1 nodes.
             Both:      384.00 MB reserved,      71.94 MB ( 19%) committed. 

Chunk freelists:
   Non-Class:  1.88 MB
       Class:  5.88 MB
        Both:  7.75 MB

MaxMetaspaceSize: 384.00 MB
CompressedClassSpaceSize: 320.00 MB
Initial GC threshold: 21.00 MB
Current GC threshold: 115.31 MB
CDS: on
MetaspaceReclaimPolicy: balanced
 - commit_granule_bytes: 65536.
 - commit_granule_words: 8192.
 - virtual_space_node_default_size: 8388608.
 - enlarge_chunks_in_place: 1.
 - new_chunks_are_fully_committed: 0.
 - uncommit_free_chunks: 1.
 - use_allocation_guard: 0.
 - handle_deallocations: 1.


Internal statistics:

num_allocs_failed_limit: 9.
num_arena_births: 1124.
num_arena_deaths: 0.
num_vsnodes_births: 2.
num_vsnodes_deaths: 0.
num_space_committed: 1151.
num_space_uncommitted: 0.
num_chunks_returned_to_freelist: 9.
num_chunks_taken_from_freelist: 4334.
num_chunk_merges: 9.
num_chunk_splits: 2726.
num_chunks_enlarged: 1625.
num_inconsistent_stats: 0.

CodeHeap 'non-profiled nmethods': size=120000Kb used=9039Kb max_used=9067Kb free=110960Kb
 bounds [0x0000014c5f220000, 0x0000014c5fb00000, 0x0000014c66750000]
CodeHeap 'profiled nmethods': size=120000Kb used=24691Kb max_used=27303Kb free=95308Kb
 bounds [0x0000014c57750000, 0x0000014c59200000, 0x0000014c5ec80000]
CodeHeap 'non-nmethods': size=5760Kb used=2359Kb max_used=2419Kb free=3400Kb
 bounds [0x0000014c5ec80000, 0x0000014c5eef0000, 0x0000014c5f220000]
 total_blobs=14412 nmethods=13532 adapters=790
 compilation: enabled
              stopped_count=0, restarted_count=0
 full_count=0

Compilation events (20 events):
Event: 640.007 Thread 0x0000014c6a7c5aa0 nmethod 17770 0x0000014c5fa19190 code [0x0000014c5fa19320, 0x0000014c5fa197d8]
Event: 640.007 Thread 0x0000014c6a7c5aa0 17772       4       java.util.Arrays::binarySearch (10 bytes)
Event: 640.018 Thread 0x0000014c6a7c5aa0 nmethod 17772 0x0000014c5fa18390 code [0x0000014c5fa18540, 0x0000014c5fa18d08]
Event: 640.018 Thread 0x0000014c6a7c5aa0 17782       4       jdk.internal.org.objectweb.asm.Label::resolve (219 bytes)
Event: 640.022 Thread 0x0000014c6a7c6560 17784       3       com.google.common.collect.MapMakerInternalMap$StrongKeyWeakValueSegment::self (5 bytes)
Event: 640.022 Thread 0x0000014c6a7c6560 nmethod 17784 0x0000014c57c2c990 code [0x0000014c57c2cb20, 0x0000014c57c2cc98]
Event: 640.027 Thread 0x0000014c6a7c5aa0 nmethod 17782 0x0000014c5fa17910 code [0x0000014c5fa17aa0, 0x0000014c5fa17ed8]
Event: 640.027 Thread 0x0000014c6a7c5aa0 17774   !   4       com.sun.beans.TypeResolver::resolve (261 bytes)
Event: 640.084 Thread 0x0000014c6a7c6560 17787       3       org.gradle.internal.metaobject.DynamicInvokeResult::notFound (4 bytes)
Event: 640.084 Thread 0x0000014c6a7c6560 nmethod 17787 0x0000014c58314590 code [0x0000014c58314720, 0x0000014c58314818]
Event: 640.099 Thread 0x0000014c6a7c6560 17789   !   3       java.beans.WeakIdentityMap::removeStaleEntries (151 bytes)
Event: 640.100 Thread 0x0000014c6a7c6560 nmethod 17789 0x0000014c58db0b90 code [0x0000014c58db0de0, 0x0000014c58db1b98]
Event: 640.112 Thread 0x0000014c6a7c6560 17791       3       com.sun.beans.introspect.MethodInfo$MethodOrder::compare (145 bytes)
Event: 640.113 Thread 0x0000014c6a7c6560 nmethod 17791 0x0000014c58509710 code [0x0000014c585099e0, 0x0000014c5850a788]
Event: 640.137 Thread 0x0000014c6a7c6560 17793       3       org.gradle.api.internal.DefaultDomainObjectCollection::withMutationDisabled (11 bytes)
Event: 640.138 Thread 0x0000014c6a7c6560 nmethod 17793 0x0000014c5805ae90 code [0x0000014c5805b040, 0x0000014c5805b2d8]
Event: 640.143 Thread 0x0000014c6a7c6560 17794       3       org.gradle.internal.service.DefaultServiceRegistry::serviceRequested (42 bytes)
Event: 640.145 Thread 0x0000014c6a7c6560 nmethod 17794 0x0000014c5863ca10 code [0x0000014c5863cde0, 0x0000014c5863e758]
Event: 640.148 Thread 0x0000014c6a7c6560 17795       3       java.math.BigInteger::bitLengthForInt (8 bytes)
Event: 640.149 Thread 0x0000014c6a7c6560 nmethod 17795 0x0000014c5788fb90 code [0x0000014c5788fd20, 0x0000014c5788fe48]

GC Heap History (20 events):
Event: 317.266 GC heap before
{Heap before GC invocations=27 (full 0):
 garbage-first heap   total 263168K, used 159070K [0x00000000e0000000, 0x0000000100000000)
  region size 1024K, 12 young (12288K), 8 survivors (8192K)
 Metaspace       used 69468K, committed 70208K, reserved 393216K
  class space    used 9372K, committed 9728K, reserved 327680K
}
Event: 317.358 GC heap after
{Heap after GC invocations=28 (full 0):
 garbage-first heap   total 263168K, used 137044K [0x00000000e0000000, 0x0000000100000000)
  region size 1024K, 2 young (2048K), 2 survivors (2048K)
 Metaspace       used 69468K, committed 70208K, reserved 393216K
  class space    used 9372K, committed 9728K, reserved 327680K
}
Event: 317.716 GC heap before
{Heap before GC invocations=28 (full 0):
 garbage-first heap   total 263168K, used 147284K [0x00000000e0000000, 0x0000000100000000)
  region size 1024K, 12 young (12288K), 2 survivors (2048K)
 Metaspace       used 69472K, committed 70208K, reserved 393216K
  class space    used 9372K, committed 9728K, reserved 327680K
}
Event: 317.830 GC heap after
{Heap after GC invocations=29 (full 0):
 garbage-first heap   total 263168K, used 127971K [0x00000000e0000000, 0x0000000100000000)
  region size 1024K, 2 young (2048K), 2 survivors (2048K)
 Metaspace       used 69472K, committed 70208K, reserved 393216K
  class space    used 9372K, committed 9728K, reserved 327680K
}
Event: 319.511 GC heap before
{Heap before GC invocations=29 (full 0):
 garbage-first heap   total 263168K, used 192483K [0x00000000e0000000, 0x0000000100000000)
  region size 1024K, 65 young (66560K), 2 survivors (2048K)
 Metaspace       used 69508K, committed 70272K, reserved 393216K
  class space    used 9372K, committed 9728K, reserved 327680K
}
Event: 319.530 GC heap after
{Heap after GC invocations=30 (full 0):
 garbage-first heap   total 367616K, used 134263K [0x00000000e0000000, 0x0000000100000000)
  region size 1024K, 9 young (9216K), 9 survivors (9216K)
 Metaspace       used 69508K, committed 70272K, reserved 393216K
  class space    used 9372K, committed 9728K, reserved 327680K
}
Event: 321.143 GC heap before
{Heap before GC invocations=31 (full 0):
 garbage-first heap   total 367616K, used 243831K [0x00000000e0000000, 0x0000000100000000)
  region size 1024K, 125 young (128000K), 9 survivors (9216K)
 Metaspace       used 69514K, committed 70272K, reserved 393216K
  class space    used 9372K, committed 9728K, reserved 327680K
}
Event: 321.167 GC heap after
{Heap after GC invocations=32 (full 0):
 garbage-first heap   total 367616K, used 136440K [0x00000000e0000000, 0x0000000100000000)
  region size 1024K, 16 young (16384K), 16 survivors (16384K)
 Metaspace       used 69514K, committed 70272K, reserved 393216K
  class space    used 9372K, committed 9728K, reserved 327680K
}
Event: 321.175 GC heap before
{Heap before GC invocations=32 (full 0):
 garbage-first heap   total 367616K, used 137464K [0x00000000e0000000, 0x0000000100000000)
  region size 1024K, 17 young (17408K), 16 survivors (16384K)
 Metaspace       used 69514K, committed 70272K, reserved 393216K
  class space    used 9372K, committed 9728K, reserved 327680K
}
Event: 321.233 GC heap after
{Heap after GC invocations=33 (full 0):
 garbage-first heap   total 367616K, used 110010K [0x00000000e0000000, 0x0000000100000000)
  region size 1024K, 3 young (3072K), 3 survivors (3072K)
 Metaspace       used 69514K, committed 70272K, reserved 393216K
  class space    used 9372K, committed 9728K, reserved 327680K
}
Event: 321.494 GC heap before
{Heap before GC invocations=33 (full 0):
 garbage-first heap   total 367616K, used 123322K [0x00000000e0000000, 0x0000000100000000)
  region size 1024K, 17 young (17408K), 3 survivors (3072K)
 Metaspace       used 69514K, committed 70272K, reserved 393216K
  class space    used 9372K, committed 9728K, reserved 327680K
}
Event: 321.499 GC heap after
{Heap after GC invocations=34 (full 0):
 garbage-first heap   total 367616K, used 110014K [0x00000000e0000000, 0x0000000100000000)
  region size 1024K, 2 young (2048K), 2 survivors (2048K)
 Metaspace       used 69514K, committed 70272K, reserved 393216K
  class space    used 9372K, committed 9728K, reserved 327680K
}
Event: 324.852 GC heap before
{Heap before GC invocations=34 (full 0):
 garbage-first heap   total 367616K, used 252350K [0x00000000e0000000, 0x0000000100000000)
  region size 1024K, 141 young (144384K), 2 survivors (2048K)
 Metaspace       used 69615K, committed 70400K, reserved 393216K
  class space    used 9382K, committed 9792K, reserved 327680K
}
Event: 324.872 GC heap after
{Heap after GC invocations=35 (full 0):
 garbage-first heap   total 367616K, used 122729K [0x00000000e0000000, 0x0000000100000000)
  region size 1024K, 14 young (14336K), 14 survivors (14336K)
 Metaspace       used 69615K, committed 70400K, reserved 393216K
  class space    used 9382K, committed 9792K, reserved 327680K
}
Event: 327.334 GC heap before
{Heap before GC invocations=36 (full 0):
 garbage-first heap   total 367616K, used 263017K [0x00000000e0000000, 0x0000000100000000)
  region size 1024K, 150 young (153600K), 14 survivors (14336K)
 Metaspace       used 69822K, committed 70656K, reserved 393216K
  class space    used 9383K, committed 9792K, reserved 327680K
}
Event: 327.419 GC heap after
{Heap after GC invocations=37 (full 0):
 garbage-first heap   total 367616K, used 173241K [0x00000000e0000000, 0x0000000100000000)
  region size 1024K, 19 young (19456K), 19 survivors (19456K)
 Metaspace       used 69822K, committed 70656K, reserved 393216K
  class space    used 9383K, committed 9792K, reserved 327680K
}
Event: 327.436 GC heap before
{Heap before GC invocations=37 (full 0):
 garbage-first heap   total 367616K, used 174265K [0x00000000e0000000, 0x0000000100000000)
  region size 1024K, 20 young (20480K), 19 survivors (19456K)
 Metaspace       used 69823K, committed 70656K, reserved 393216K
  class space    used 9383K, committed 9792K, reserved 327680K
}
Event: 327.467 GC heap after
{Heap after GC invocations=38 (full 0):
 garbage-first heap   total 367616K, used 166614K [0x00000000e0000000, 0x0000000100000000)
  region size 1024K, 2 young (2048K), 2 survivors (2048K)
 Metaspace       used 69823K, committed 70656K, reserved 393216K
  class space    used 9383K, committed 9792K, reserved 327680K
}
Event: 328.239 GC heap before
{Heap before GC invocations=38 (full 0):
 garbage-first heap   total 367616K, used 197334K [0x00000000e0000000, 0x0000000100000000)
  region size 1024K, 33 young (33792K), 2 survivors (2048K)
 Metaspace       used 70039K, committed 70848K, reserved 393216K
  class space    used 9383K, committed 9792K, reserved 327680K
}
Event: 328.252 GC heap after
{Heap after GC invocations=39 (full 0):
 garbage-first heap   total 367616K, used 176505K [0x00000000e0000000, 0x0000000100000000)
  region size 1024K, 12 young (12288K), 12 survivors (12288K)
 Metaspace       used 70039K, committed 70848K, reserved 393216K
  class space    used 9383K, committed 9792K, reserved 327680K
}

Dll operation events (15 events):
Event: 0.023 Loaded shared library C:\Users\Ximena Ruiz\.jdks\corretto-17.0.10\bin\java.dll
Event: 0.085 Loaded shared library C:\Users\Ximena Ruiz\.jdks\corretto-17.0.10\bin\jsvml.dll
Event: 0.195 Loaded shared library C:\Users\Ximena Ruiz\.jdks\corretto-17.0.10\bin\zip.dll
Event: 0.200 Loaded shared library C:\Users\Ximena Ruiz\.jdks\corretto-17.0.10\bin\instrument.dll
Event: 0.209 Loaded shared library C:\Users\Ximena Ruiz\.jdks\corretto-17.0.10\bin\net.dll
Event: 0.212 Loaded shared library C:\Users\Ximena Ruiz\.jdks\corretto-17.0.10\bin\nio.dll
Event: 0.219 Loaded shared library C:\Users\Ximena Ruiz\.jdks\corretto-17.0.10\bin\zip.dll
Event: 0.488 Loaded shared library C:\Users\Ximena Ruiz\.jdks\corretto-17.0.10\bin\jimage.dll
Event: 0.560 Loaded shared library C:\Users\Ximena Ruiz\.jdks\corretto-17.0.10\bin\verify.dll
Event: 0.806 Loaded shared library C:\Users\Ximena Ruiz\.gradle\native\c067742578af261105cb4f569cf0c3c89f3d7b1fecec35dd04571415982c5e48\windows-amd64\native-platform.dll
Event: 0.824 Loaded shared library C:\Users\Ximena Ruiz\.gradle\native\38dada09dfb8b06ba9b0570ebf7e218e3eb74d4ef43ca46872605cf95ebc2f47\windows-amd64\native-platform-file-events.dll
Event: 1.870 Loaded shared library C:\Users\Ximena Ruiz\.jdks\corretto-17.0.10\bin\management.dll
Event: 1.875 Loaded shared library C:\Users\Ximena Ruiz\.jdks\corretto-17.0.10\bin\management_ext.dll
Event: 2.189 Loaded shared library C:\Users\Ximena Ruiz\.jdks\corretto-17.0.10\bin\extnet.dll
Event: 2.749 Loaded shared library C:\Users\Ximena Ruiz\.jdks\corretto-17.0.10\bin\sunmscapi.dll

Deoptimization events (20 events):
Event: 640.008 Thread 0x0000014c1e810f40 DEOPT PACKING pc=0x0000014c5f783f3c sp=0x00000015732fbcf0
Event: 640.008 Thread 0x0000014c1e810f40 DEOPT UNPACKING pc=0x0000014c5ecd69a3 sp=0x00000015732fbca0 mode 2
Event: 640.036 Thread 0x0000014c1e810f40 Uncommon trap: trap_request=0xffffffdc fr.pc=0x0000014c5fa195ac relative=0x000000000000028c
Event: 640.036 Thread 0x0000014c1e810f40 Uncommon trap: reason=class_check action=make_not_entrant pc=0x0000014c5fa195ac method=java.util.ArrayList.toArray([Ljava/lang/Object;)[Ljava/lang/Object; @ 21 c2
Event: 640.036 Thread 0x0000014c1e810f40 DEOPT PACKING pc=0x0000014c5fa195ac sp=0x00000015732fb170
Event: 640.036 Thread 0x0000014c1e810f40 DEOPT UNPACKING pc=0x0000014c5ecd69a3 sp=0x00000015732fb130 mode 2
Event: 640.109 Thread 0x0000014c1e810f40 Uncommon trap: trap_request=0xffffff45 fr.pc=0x0000014c5f4016c8 relative=0x0000000000000948
Event: 640.109 Thread 0x0000014c1e810f40 Uncommon trap: reason=unstable_if action=reinterpret pc=0x0000014c5f4016c8 method=com.sun.beans.introspect.MethodInfo$MethodOrder.compare(Ljava/lang/reflect/Method;Ljava/lang/reflect/Method;)I @ 124 c2
Event: 640.109 Thread 0x0000014c1e810f40 DEOPT PACKING pc=0x0000014c5f4016c8 sp=0x00000015732f5230
Event: 640.109 Thread 0x0000014c1e810f40 DEOPT UNPACKING pc=0x0000014c5ecd69a3 sp=0x00000015732f51d0 mode 2
Event: 640.232 Thread 0x0000014c1e810f40 DEOPT PACKING pc=0x0000014c57b78c50 sp=0x00000015732f6620
Event: 640.232 Thread 0x0000014c1e810f40 DEOPT UNPACKING pc=0x0000014c5ecd7143 sp=0x00000015732f5b00 mode 0
Event: 640.256 Thread 0x0000014c1e810f40 Uncommon trap: trap_request=0xffffff45 fr.pc=0x0000014c5f861ab0 relative=0x0000000000000090
Event: 640.256 Thread 0x0000014c1e810f40 Uncommon trap: reason=unstable_if action=reinterpret pc=0x0000014c5f861ab0 method=java.lang.reflect.Field.get(Ljava/lang/Object;)Ljava/lang/Object; @ 4 c2
Event: 640.256 Thread 0x0000014c1e810f40 DEOPT PACKING pc=0x0000014c5f861ab0 sp=0x00000015732f75a0
Event: 640.257 Thread 0x0000014c1e810f40 DEOPT UNPACKING pc=0x0000014c5ecd69a3 sp=0x00000015732f7538 mode 2
Event: 640.280 Thread 0x0000014c1e810f40 Uncommon trap: trap_request=0xffffffde fr.pc=0x0000014c5f6bb984 relative=0x00000000000001e4
Event: 640.280 Thread 0x0000014c1e810f40 Uncommon trap: reason=class_check action=maybe_recompile pc=0x0000014c5f6bb984 method=java.util.Spliterators$IteratorSpliterator.forEachRemaining(Ljava/util/function/Consumer;)V @ 26 c2
Event: 640.280 Thread 0x0000014c1e810f40 DEOPT PACKING pc=0x0000014c5f6bb984 sp=0x00000015732f7c40
Event: 640.280 Thread 0x0000014c1e810f40 DEOPT UNPACKING pc=0x0000014c5ecd69a3 sp=0x00000015732f7bf0 mode 2

Classes unloaded (0 events):
No events

Classes redefined (0 events):
No events

Internal exceptions (20 events):
Event: 639.874 Thread 0x0000014c1e810f40 Exception <a 'java/lang/ClassNotFoundException'{0x00000000f1486e88}: org/jetbrains/plugins/gradle/tooling/builder/ProjectExtensionsDataBuilderImplBeanInfo> (0x00000000f1486e88) 
thrown [s\src\hotspot\share\classfile\systemDictionary.cpp, line 256]
Event: 639.875 Thread 0x0000014c1e810f40 Exception <a 'java/lang/ClassNotFoundException'{0x00000000f1492458}: org/jetbrains/plugins/gradle/tooling/builder/ProjectExtensionsDataBuilderImplCustomizer> (0x00000000f1492458) 
thrown [s\src\hotspot\share\classfile\systemDictionary.cpp, line 256]
Event: 639.879 Thread 0x0000014c1e810f40 Exception <a 'java/lang/ClassNotFoundException'{0x00000000f14c50f0}: org/jetbrains/plugins/gradle/tooling/builder/IntelliJSettingsBuilderBeanInfo> (0x00000000f14c50f0) 
thrown [s\src\hotspot\share\classfile\systemDictionary.cpp, line 256]
Event: 639.880 Thread 0x0000014c1e810f40 Exception <a 'java/lang/ClassNotFoundException'{0x00000000f14d0638}: org/jetbrains/plugins/gradle/tooling/builder/IntelliJSettingsBuilderCustomizer> (0x00000000f14d0638) 
thrown [s\src\hotspot\share\classfile\systemDictionary.cpp, line 256]
Event: 639.885 Thread 0x0000014c1e810f40 Exception <a 'java/lang/ClassNotFoundException'{0x00000000f1303198}: org/jetbrains/plugins/gradle/tooling/builder/IntelliJProjectSettingsBuilderBeanInfo> (0x00000000f1303198) 
thrown [s\src\hotspot\share\classfile\systemDictionary.cpp, line 256]
Event: 639.886 Thread 0x0000014c1e810f40 Exception <a 'java/lang/ClassNotFoundException'{0x00000000f130e760}: org/jetbrains/plugins/gradle/tooling/builder/IntelliJProjectSettingsBuilderCustomizer> (0x00000000f130e760) 
thrown [s\src\hotspot\share\classfile\systemDictionary.cpp, line 256]
Event: 639.932 Thread 0x0000014c1e810f40 Exception <a 'sun/nio/fs/WindowsException'{0x00000000f139f648}> (0x00000000f139f648) 
thrown [s\src\hotspot\share\prims\jni.cpp, line 516]
Event: 639.933 Thread 0x0000014c1e810f40 Exception <a 'sun/nio/fs/WindowsException'{0x00000000f13a0ea8}> (0x00000000f13a0ea8) 
thrown [s\src\hotspot\share\prims\jni.cpp, line 516]
Event: 639.934 Thread 0x0000014c1e810f40 Exception <a 'sun/nio/fs/WindowsException'{0x00000000f13a2708}> (0x00000000f13a2708) 
thrown [s\src\hotspot\share\prims\jni.cpp, line 516]
Event: 639.935 Thread 0x0000014c1e810f40 Exception <a 'sun/nio/fs/WindowsException'{0x00000000f13a3f68}> (0x00000000f13a3f68) 
thrown [s\src\hotspot\share\prims\jni.cpp, line 516]
Event: 640.037 Thread 0x0000014c1e810f40 Exception <a 'java/lang/ClassNotFoundException'{0x00000000f1164bf0}: org/jetbrains/plugins/gradle/model/GradleSourceSetModelBeanInfo> (0x00000000f1164bf0) 
thrown [s\src\hotspot\share\classfile\systemDictionary.cpp, line 256]
Event: 640.038 Thread 0x0000014c1e810f40 Exception <a 'java/lang/ClassNotFoundException'{0x00000000f116d390}: org/jetbrains/plugins/gradle/model/GradleSourceSetModelCustomizer> (0x00000000f116d390) 
thrown [s\src\hotspot\share\classfile\systemDictionary.cpp, line 256]
Event: 640.044 Thread 0x0000014c1e810f40 Exception <a 'java/lang/ClassNotFoundException'{0x00000000f1195780}: org/jetbrains/plugins/gradle/model/web/WebConfigurationBeanInfo> (0x00000000f1195780) 
thrown [s\src\hotspot\share\classfile\systemDictionary.cpp, line 256]
Event: 640.045 Thread 0x0000014c1e810f40 Exception <a 'java/lang/ClassNotFoundException'{0x00000000f119de98}: org/jetbrains/plugins/gradle/model/web/WebConfigurationCustomizer> (0x00000000f119de98) 
thrown [s\src\hotspot\share\classfile\systemDictionary.cpp, line 256]
Event: 640.100 Thread 0x0000014c1e810f40 Exception <a 'java/lang/ClassNotFoundException'{0x00000000f0f7d548}: org/gradle/api/internal/plugins/DefaultPluginContainerBeanInfo> (0x00000000f0f7d548) 
thrown [s\src\hotspot\share\classfile\systemDictionary.cpp, line 256]
Event: 640.101 Thread 0x0000014c1e810f40 Exception <a 'java/lang/ClassNotFoundException'{0x00000000f0f8b8b0}: org/gradle/api/internal/plugins/DefaultPluginCollectionBeanInfo> (0x00000000f0f8b8b0) 
thrown [s\src\hotspot\share\classfile\systemDictionary.cpp, line 256]
Event: 640.102 Thread 0x0000014c1e810f40 Exception <a 'java/lang/ClassNotFoundException'{0x00000000f0f99a58}: org/gradle/api/internal/DefaultDomainObjectSetBeanInfo> (0x00000000f0f99a58) 
thrown [s\src\hotspot\share\classfile\systemDictionary.cpp, line 256]
Event: 640.103 Thread 0x0000014c1e810f40 Exception <a 'java/lang/ClassNotFoundException'{0x00000000f0fa78e8}: org/gradle/api/internal/DefaultDomainObjectSetCustomizer> (0x00000000f0fa78e8) 
thrown [s\src\hotspot\share\classfile\systemDictionary.cpp, line 256]
Event: 640.107 Thread 0x0000014c1e810f40 Exception <a 'java/lang/ClassNotFoundException'{0x00000000f0fc4638}: org/gradle/api/internal/plugins/DefaultPluginCollectionCustomizer> (0x00000000f0fc4638) 
thrown [s\src\hotspot\share\classfile\systemDictionary.cpp, line 256]
Event: 640.111 Thread 0x0000014c1e810f40 Exception <a 'java/lang/ClassNotFoundException'{0x00000000f0ffc5b8}: org/gradle/api/internal/plugins/DefaultPluginContainerCustomizer> (0x00000000f0ffc5b8) 
thrown [s\src\hotspot\share\classfile\systemDictionary.cpp, line 256]

VM Operations (20 events):
Event: 637.688 Executing VM operation: Cleanup
Event: 637.689 Executing VM operation: Cleanup done
Event: 638.689 Executing VM operation: Cleanup
Event: 638.689 Executing VM operation: Cleanup done
Event: 638.787 Executing VM operation: HandshakeAllThreads
Event: 638.787 Executing VM operation: HandshakeAllThreads done
Event: 638.979 Executing VM operation: HandshakeAllThreads
Event: 638.980 Executing VM operation: HandshakeAllThreads done
Event: 639.003 Executing VM operation: HandshakeAllThreads
Event: 639.003 Executing VM operation: HandshakeAllThreads done
Event: 639.011 Executing VM operation: HandshakeAllThreads
Event: 639.011 Executing VM operation: HandshakeAllThreads done
Event: 639.032 Executing VM operation: HandshakeAllThreads
Event: 639.032 Executing VM operation: HandshakeAllThreads done
Event: 639.273 Executing VM operation: HandshakeAllThreads
Event: 639.274 Executing VM operation: HandshakeAllThreads done
Event: 639.662 Executing VM operation: ICBufferFull
Event: 639.662 Executing VM operation: ICBufferFull done
Event: 640.265 Executing VM operation: HandshakeAllThreads
Event: 640.265 Executing VM operation: HandshakeAllThreads done

Events (20 events):
Event: 639.318 Thread 0x0000014c6a7db740 flushing nmethod 0x0000014c58edc810
Event: 639.318 Thread 0x0000014c6a7db740 flushing nmethod 0x0000014c58eefc10
Event: 639.318 Thread 0x0000014c6a7db740 flushing nmethod 0x0000014c58efbf90
Event: 639.318 Thread 0x0000014c6a7db740 flushing nmethod 0x0000014c58efd090
Event: 639.319 Thread 0x0000014c6a7db740 flushing nmethod 0x0000014c58f49510
Event: 639.319 Thread 0x0000014c6a7db740 flushing nmethod 0x0000014c58f6c010
Event: 639.319 Thread 0x0000014c6a7db740 flushing nmethod 0x0000014c58f80990
Event: 639.319 Thread 0x0000014c6a7db740 flushing nmethod 0x0000014c58f8cf90
Event: 639.319 Thread 0x0000014c6a7db740 flushing nmethod 0x0000014c58f8d510
Event: 639.319 Thread 0x0000014c6a7db740 flushing nmethod 0x0000014c58f8d890
Event: 639.319 Thread 0x0000014c6a7db740 flushing nmethod 0x0000014c58f8e210
Event: 639.319 Thread 0x0000014c6a7db740 flushing nmethod 0x0000014c58f8e990
Event: 639.319 Thread 0x0000014c6a7db740 flushing nmethod 0x0000014c58f8ed90
Event: 639.319 Thread 0x0000014c6a7db740 flushing nmethod 0x0000014c58fa6490
Event: 639.320 Thread 0x0000014c6a7db740 flushing nmethod 0x0000014c59010d10
Event: 639.320 Thread 0x0000014c6a7db740 flushing nmethod 0x0000014c5902ec10
Event: 639.321 Thread 0x0000014c6a7db740 flushing nmethod 0x0000014c590c5310
Event: 639.321 Thread 0x0000014c6a7db740 flushing nmethod 0x0000014c5911d090
Event: 639.738 Thread 0x0000014c1d5ddaf0 Thread exited: 0x0000014c1d5ddaf0
Event: 640.054 Thread 0x0000014c1e80b420 Thread added: 0x0000014c1e80b420


Dynamic libraries:
0x00007ff7ac190000 - 0x00007ff7ac19e000 	C:\Users\Ximena Ruiz\.jdks\corretto-17.0.10\bin\java.exe
0x00007ffdccad0000 - 0x00007ffdccce7000 	C:\WINDOWS\SYSTEM32\ntdll.dll
0x00007ffdcafa0000 - 0x00007ffdcb064000 	C:\WINDOWS\System32\KERNEL32.DLL
0x00007ffdca220000 - 0x00007ffdca5cd000 	C:\WINDOWS\System32\KERNELBASE.dll
0x00007ffdc9f00000 - 0x00007ffdca011000 	C:\WINDOWS\System32\ucrtbase.dll
0x00007ffda3550000 - 0x00007ffda356b000 	C:\Users\Ximena Ruiz\.jdks\corretto-17.0.10\bin\VCRUNTIME140.dll
0x00007ffda9220000 - 0x00007ffda9237000 	C:\Users\Ximena Ruiz\.jdks\corretto-17.0.10\bin\jli.dll
0x00007ffdcaa50000 - 0x00007ffdcabfe000 	C:\WINDOWS\System32\USER32.dll
0x00007ffdca020000 - 0x00007ffdca046000 	C:\WINDOWS\System32\win32u.dll
0x00007ffdb2300000 - 0x00007ffdb2593000 	C:\WINDOWS\WinSxS\amd64_microsoft.windows.common-controls_6595b64144ccf1df_6.0.22621.3672_none_2713b9d173822955\COMCTL32.dll
0x00007ffdcb070000 - 0x00007ffdcb117000 	C:\WINDOWS\System32\msvcrt.dll
0x00007ffdcc040000 - 0x00007ffdcc069000 	C:\WINDOWS\System32\GDI32.dll
0x00007ffdca050000 - 0x00007ffdca169000 	C:\WINDOWS\System32\gdi32full.dll
0x00007ffdc9df0000 - 0x00007ffdc9e8a000 	C:\WINDOWS\System32\msvcp_win.dll
0x00007ffdcac00000 - 0x00007ffdcac31000 	C:\WINDOWS\System32\IMM32.DLL
0x00007ffdac030000 - 0x00007ffdac03c000 	C:\Users\Ximena Ruiz\.jdks\corretto-17.0.10\bin\vcruntime140_1.dll
0x00007ffd78560000 - 0x00007ffd785ed000 	C:\Users\Ximena Ruiz\.jdks\corretto-17.0.10\bin\msvcp140.dll
0x00007ffd3eba0000 - 0x00007ffd3f802000 	C:\Users\Ximena Ruiz\.jdks\corretto-17.0.10\bin\server\jvm.dll
0x00007ffdcbf80000 - 0x00007ffdcc032000 	C:\WINDOWS\System32\ADVAPI32.dll
0x00007ffdcb120000 - 0x00007ffdcb1c9000 	C:\WINDOWS\System32\sechost.dll
0x00007ffdca170000 - 0x00007ffdca198000 	C:\WINDOWS\System32\bcrypt.dll
0x00007ffdca8b0000 - 0x00007ffdca9c4000 	C:\WINDOWS\System32\RPCRT4.dll
0x00007ffdc9cc0000 - 0x00007ffdc9d0d000 	C:\WINDOWS\SYSTEM32\POWRPROF.dll
0x00007ffdb09b0000 - 0x00007ffdb09b9000 	C:\WINDOWS\SYSTEM32\WSOCK32.dll
0x00007ffdca9d0000 - 0x00007ffdcaa41000 	C:\WINDOWS\System32\WS2_32.dll
0x00007ffdc5ba0000 - 0x00007ffdc5bd4000 	C:\WINDOWS\SYSTEM32\WINMM.dll
0x00007ffdc1950000 - 0x00007ffdc195a000 	C:\WINDOWS\SYSTEM32\VERSION.dll
0x00007ffdc9ca0000 - 0x00007ffdc9cb3000 	C:\WINDOWS\SYSTEM32\UMPDC.dll
0x00007ffdc8e40000 - 0x00007ffdc8e58000 	C:\WINDOWS\SYSTEM32\kernel.appcore.dll
0x00007ffda92e0000 - 0x00007ffda92ea000 	C:\Users\Ximena Ruiz\.jdks\corretto-17.0.10\bin\jimage.dll
0x00007ffdc4c40000 - 0x00007ffdc4e72000 	C:\WINDOWS\SYSTEM32\DBGHELP.DLL
0x00007ffdcc620000 - 0x00007ffdcc9ae000 	C:\WINDOWS\System32\combase.dll
0x00007ffdcc9b0000 - 0x00007ffdcca87000 	C:\WINDOWS\System32\OLEAUT32.dll
0x00007ffdc1a80000 - 0x00007ffdc1ab2000 	C:\WINDOWS\SYSTEM32\dbgcore.DLL
0x00007ffdca1a0000 - 0x00007ffdca21b000 	C:\WINDOWS\System32\bcryptPrimitives.dll
0x00007ffda6fb0000 - 0x00007ffda6fbe000 	C:\Users\Ximena Ruiz\.jdks\corretto-17.0.10\bin\instrument.dll
0x00007ffda1280000 - 0x00007ffda12a5000 	C:\Users\Ximena Ruiz\.jdks\corretto-17.0.10\bin\java.dll
0x00007ffd6de90000 - 0x00007ffd6df67000 	C:\Users\Ximena Ruiz\.jdks\corretto-17.0.10\bin\jsvml.dll
0x00007ffdcb290000 - 0x00007ffdcbaf7000 	C:\WINDOWS\System32\SHELL32.dll
0x00007ffdc7d70000 - 0x00007ffdc866f000 	C:\WINDOWS\SYSTEM32\windows.storage.dll
0x00007ffdc7c30000 - 0x00007ffdc7d6f000 	C:\WINDOWS\SYSTEM32\wintypes.dll
0x00007ffdcae10000 - 0x00007ffdcaf09000 	C:\WINDOWS\System32\SHCORE.dll
0x00007ffdca820000 - 0x00007ffdca87e000 	C:\WINDOWS\System32\shlwapi.dll
0x00007ffdc9d20000 - 0x00007ffdc9d47000 	C:\WINDOWS\SYSTEM32\profapi.dll
0x00007ffd7e0a0000 - 0x00007ffd7e0b8000 	C:\Users\Ximena Ruiz\.jdks\corretto-17.0.10\bin\zip.dll
0x00007ffd7e680000 - 0x00007ffd7e699000 	C:\Users\Ximena Ruiz\.jdks\corretto-17.0.10\bin\net.dll
0x00007ffdc61f0000 - 0x00007ffdc6326000 	C:\WINDOWS\SYSTEM32\WINHTTP.dll
0x00007ffdc92b0000 - 0x00007ffdc9319000 	C:\WINDOWS\system32\mswsock.dll
0x00007ffd7e660000 - 0x00007ffd7e676000 	C:\Users\Ximena Ruiz\.jdks\corretto-17.0.10\bin\nio.dll
0x00007ffda79d0000 - 0x00007ffda79e0000 	C:\Users\Ximena Ruiz\.jdks\corretto-17.0.10\bin\verify.dll
0x00007ffd7e040000 - 0x00007ffd7e067000 	C:\Users\Ximena Ruiz\.gradle\native\c067742578af261105cb4f569cf0c3c89f3d7b1fecec35dd04571415982c5e48\windows-amd64\native-platform.dll
0x00007ffd6cfe0000 - 0x00007ffd6d124000 	C:\Users\Ximena Ruiz\.gradle\native\38dada09dfb8b06ba9b0570ebf7e218e3eb74d4ef43ca46872605cf95ebc2f47\windows-amd64\native-platform-file-events.dll
0x00007ffda4040000 - 0x00007ffda4049000 	C:\Users\Ximena Ruiz\.jdks\corretto-17.0.10\bin\management.dll
0x00007ffda3510000 - 0x00007ffda351b000 	C:\Users\Ximena Ruiz\.jdks\corretto-17.0.10\bin\management_ext.dll
0x00007ffdca8a0000 - 0x00007ffdca8a8000 	C:\WINDOWS\System32\PSAPI.DLL
0x00007ffdc9500000 - 0x00007ffdc951b000 	C:\WINDOWS\SYSTEM32\CRYPTSP.dll
0x00007ffdc8da0000 - 0x00007ffdc8dd5000 	C:\WINDOWS\system32\rsaenh.dll
0x00007ffdc93a0000 - 0x00007ffdc93c8000 	C:\WINDOWS\SYSTEM32\USERENV.dll
0x00007ffdc9520000 - 0x00007ffdc952c000 	C:\WINDOWS\SYSTEM32\CRYPTBASE.dll
0x00007ffdc88d0000 - 0x00007ffdc88fd000 	C:\WINDOWS\SYSTEM32\IPHLPAPI.DLL
0x00007ffdca880000 - 0x00007ffdca889000 	C:\WINDOWS\System32\NSI.dll
0x00007ffdc5f20000 - 0x00007ffdc5f39000 	C:\WINDOWS\SYSTEM32\dhcpcsvc6.DLL
0x00007ffdc5f00000 - 0x00007ffdc5f1f000 	C:\WINDOWS\SYSTEM32\dhcpcsvc.DLL
0x00007ffdc8940000 - 0x00007ffdc8a38000 	C:\WINDOWS\SYSTEM32\DNSAPI.dll
0x00007ffda9280000 - 0x00007ffda9289000 	C:\Users\Ximena Ruiz\.jdks\corretto-17.0.10\bin\extnet.dll
0x00007ffda1d70000 - 0x00007ffda1d7e000 	C:\Users\Ximena Ruiz\.jdks\corretto-17.0.10\bin\sunmscapi.dll
0x00007ffdca5d0000 - 0x00007ffdca736000 	C:\WINDOWS\System32\CRYPT32.dll
0x00007ffdc96c0000 - 0x00007ffdc96ee000 	C:\WINDOWS\SYSTEM32\ncrypt.dll
0x00007ffdc9680000 - 0x00007ffdc96b7000 	C:\WINDOWS\SYSTEM32\NTASN1.dll
0x00007ffd77fc0000 - 0x00007ffd77fc8000 	C:\WINDOWS\system32\wshunix.dll

dbghelp: loaded successfully - version: 4.0.5 - missing functions: none
symbol engine: initialized successfully - sym options: 0x614 - pdb path: .;C:\Users\Ximena Ruiz\.jdks\corretto-17.0.10\bin;C:\WINDOWS\SYSTEM32;C:\WINDOWS\WinSxS\amd64_microsoft.windows.common-controls_6595b64144ccf1df_6.0.22621.3672_none_2713b9d173822955;C:\Users\Ximena Ruiz\.jdks\corretto-17.0.10\bin\server;C:\Users\Ximena Ruiz\.gradle\native\c067742578af261105cb4f569cf0c3c89f3d7b1fecec35dd04571415982c5e48\windows-amd64;C:\Users\Ximena Ruiz\.gradle\native\38dada09dfb8b06ba9b0570ebf7e218e3eb74d4ef43ca46872605cf95ebc2f47\windows-amd64

VM Arguments:
jvm_args: --add-opens=java.base/java.util=ALL-UNNAMED --add-opens=java.base/java.lang=ALL-UNNAMED --add-opens=java.base/java.lang.invoke=ALL-UNNAMED --add-opens=java.prefs/java.util.prefs=ALL-UNNAMED --add-opens=java.base/java.nio.charset=ALL-UNNAMED --add-opens=java.base/java.net=ALL-UNNAMED --add-opens=java.base/java.util.concurrent.atomic=ALL-UNNAMED -XX:MaxMetaspaceSize=384m -XX:+HeapDumpOnOutOfMemoryError -Xms256m -Xmx512m -Dfile.encoding=windows-1252 -Duser.country=CO -Duser.language=es -Duser.variant -javaagent:C:\Users\Ximena Ruiz\.gradle\wrapper\dists\gradle-8.4-bin\1w5dpkrfk8irigvoxmyhowfim\gradle-8.4\lib\agents\gradle-instrumentation-agent-8.4.jar 
java_command: org.gradle.launcher.daemon.bootstrap.GradleDaemon 8.4
java_class_path (initial): C:\Users\Ximena Ruiz\.gradle\wrapper\dists\gradle-8.4-bin\1w5dpkrfk8irigvoxmyhowfim\gradle-8.4\lib\gradle-launcher-8.4.jar
Launcher Type: SUN_STANDARD

[Global flags]
     intx CICompilerCount                          = 4                                         {product} {ergonomic}
   size_t CompressedClassSpaceSize                 = 335544320                                 {product} {ergonomic}
     uint ConcGCThreads                            = 2                                         {product} {ergonomic}
     uint G1ConcRefinementThreads                  = 8                                         {product} {ergonomic}
   size_t G1HeapRegionSize                         = 1048576                                   {product} {ergonomic}
    uintx GCDrainStackTargetSize                   = 64                                        {product} {ergonomic}
     bool HeapDumpOnOutOfMemoryError               = true                                   {manageable} {command line}
   size_t InitialHeapSize                          = 268435456                                 {product} {command line}
   size_t MarkStackSize                            = 4194304                                   {product} {ergonomic}
   size_t MaxHeapSize                              = 536870912                                 {product} {command line}
   size_t MaxMetaspaceSize                         = 402653184                                 {product} {command line}
   size_t MaxNewSize                               = 321912832                                 {product} {ergonomic}
   size_t MinHeapDeltaBytes                        = 1048576                                   {product} {ergonomic}
   size_t MinHeapSize                              = 268435456                                 {product} {command line}
    uintx NonNMethodCodeHeapSize                   = 5839372                                {pd product} {ergonomic}
    uintx NonProfiledCodeHeapSize                  = 122909434                              {pd product} {ergonomic}
    uintx ProfiledCodeHeapSize                     = 122909434                              {pd product} {ergonomic}
    uintx ReservedCodeCacheSize                    = 251658240                              {pd product} {ergonomic}
     bool SegmentedCodeCache                       = true                                      {product} {ergonomic}
   size_t SoftMaxHeapSize                          = 536870912                              {manageable} {ergonomic}
     bool UseCompressedClassPointers               = true                           {product lp64_product} {ergonomic}
     bool UseCompressedOops                        = true                           {product lp64_product} {ergonomic}
     bool UseG1GC                                  = true                                      {product} {ergonomic}
     bool UseLargePagesIndividualAllocation        = false                                  {pd product} {ergonomic}

Logging:
Log output configuration:
 #0: stdout all=warning uptime,level,tags
 #1: stderr all=off uptime,level,tags

Environment Variables:
JAVA_HOME=C:\Program Files\Java\jdk-11.0.16.1
PATH=D:\ORACLE\app\oracle\product\11.2.0\server\bin;;C:\Program Files\Common Files\Oracle\Java\javapath;C:\ProgramData\Oracle\Java\javapath;C:\WINDOWS\system32;C:\WINDOWS;C:\WINDOWS\System32\Wbem;C:\WINDOWS\System32\WindowsPowerShell\v1.0\;C:\WINDOWS\System32\OpenSSH\;C:\Program Files\Git\cmd;C:\Program Files\Java\jdk-11.0.16.1\bin;D:\JavaFx\apache-maven-3.9.5-bin\apache-maven-3.9.5\bin;;C:\Program Files\Docker\Docker\resources\bin;C:\Program Files (x86)\Microsoft SQL Server\160\Tools\Binn\;C:\Program Files\Microsoft SQL Server\160\Tools\Binn\;C:\Program Files\Microsoft SQL Server\Client SDK\ODBC\170\Tools\Binn\;C:\Program Files\Microsoft SQL Server\160\DTS\Binn\;C:\Program Files (x86)\Microsoft SQL Server\160\DTS\Binn\;C:\Program Files\Azure Data Studio\bin;C:\Program Files\PuTTY\;C:\Program Files\nodejs\;C:\Users\Ximena Ruiz\AppData\Local\Programs\Python\Python39\Scripts\;C:\Users\Ximena Ruiz\AppData\Local\Programs\Python\Python39\;C:\Users\Ximena Ruiz\AppData\Local\Microsoft\WindowsApps;C:\Users\Ximena Ruiz\AppData\Local\Programs\Microsoft VS Code\bin;C:\Program Files\Azure Data Studio\bin;C:\Users\Ximena Ruiz\AppData\Roaming\npm;C:\Program Files\MongoDB\Server\7.0\bin;C:\Program Files\Multipass\bin
USERNAME=Ximena Ruiz
OS=Windows_NT
PROCESSOR_IDENTIFIER=AMD64 Family 23 Model 24 Stepping 1, AuthenticAMD
TMP=C:\Users\XIMENA~1\AppData\Local\Temp
TEMP=C:\Users\XIMENA~1\AppData\Local\Temp



Periodic native trim disabled


---------------  S Y S T E M  ---------------

OS:
 Windows 11 , 64 bit Build 22621 (10.0.22621.3958)
OS uptime: 0 days 11:39 hours

CPU: total 8 (initial active 8) (8 cores per cpu, 2 threads per core) family 23 model 24 stepping 1 microcode 0x0, cx8, cmov, fxsr, ht, mmx, 3dnowpref, sse, sse2, sse3, ssse3, sse4a, sse4.1, sse4.2, popcnt, lzcnt, tsc, tscinvbit, avx, avx2, aes, clmul, bmi1, bmi2, adx, sha, fma, vzeroupper, clflush, clflushopt
Processor Information for all 8 processors :
  Max Mhz: 2100, Current Mhz: 2100, Mhz Limit: 2100

Memory: 4k page, system-wide physical 6086M (359M free)
TotalPageFile size 14278M (AvailPageFile size 11M)
current process WorkingSet (physical memory assigned to process): 244M, peak: 529M
current process commit charge ("private bytes"): 651M, peak: 660M

vm_info: OpenJDK 64-Bit Server VM (17.0.10+7-LTS) for windows-amd64 JRE (17.0.10+7-LTS), built on Jan 10 2024 22:11:07 by "Administrator" with MS VC++ 16.10 / 16.11 (VS2019)

END.
