#
# There is insufficient memory for the Java Runtime Environment to continue.
# Native memory allocation (malloc) failed to allocate 1198496 bytes for Chunk::new
# Possible reasons:
#   The system is out of physical RAM or swap space
#   The process is running with CompressedOops enabled, and the Java Heap may be blocking the growth of the native heap
# Possible solutions:
#   Reduce memory load on the system
#   Increase physical memory or swap space
#   Check if swap backing store is full
#   Decrease Java heap size (-Xmx/-Xms)
#   Decrease number of Java threads
#   Decrease Java thread stack sizes (-Xss)
#   Set larger code cache with -XX:ReservedCodeCacheSize=
#   JVM is running with Unscaled Compressed Oops mode in which the Java heap is
#     placed in the first 4GB address space. The Java Heap base address is the
#     maximum limit for the native heap growth. Please use -XX:HeapBaseMinAddress
#     to set the Java Heap base and to place the Java Heap above 4GB virtual address.
# This output file may be truncated or incomplete.
#
#  Out of Memory Error (arena.cpp:191), pid=3660, tid=5968
#
# JRE version: OpenJDK Runtime Environment Corretto-17.0.10.7.1 (17.0.10+7) (build 17.0.10+7-LTS)
# Java VM: OpenJDK 64-Bit Server VM Corretto-17.0.10.7.1 (17.0.10+7-LTS, mixed mode, sharing, tiered, compressed oops, compressed class ptrs, g1 gc, windows-amd64)
# No core dump will be written. Minidumps are not enabled by default on client versions of Windows
#

---------------  S U M M A R Y ------------

Command Line: -Dorg.gradle.internal.worker.tmpdir=D:\WS6\UniEventos\build\tmp\test\work -Dorg.gradle.native=false -Xmx512m -Dfile.encoding=windows-1252 -Duser.country=CO -Duser.language=es -Duser.variant -ea worker.org.gradle.process.internal.worker.GradleWorkerMain 'Gradle Test Executor 22'

Host: AMD Ryzen 5 3500U with Radeon Vega Mobile Gfx  , 8 cores, 5G,  Windows 11 , 64 bit Build 22621 (10.0.22621.3958)
Time: Thu Oct 10 19:13:03 2024 Hora est. Pacífico, Sudamérica elapsed time: 14.688613 seconds (0d 0h 0m 14s)

---------------  T H R E A D  ---------------

Current thread (0x000001fcf3951930):  JavaThread "C2 CompilerThread0" daemon [_thread_in_native, id=5968, stack(0x000000d032b00000,0x000000d032c00000)]


Current CompileTask:
C2:  14688 4952   !   4       org.springframework.util.ReflectionUtils::doWithMethods (186 bytes)

Stack: [0x000000d032b00000,0x000000d032c00000]
Native frames: (J=compiled Java code, j=interpreted, Vv=VM code, C=native code)
V  [jvm.dll+0x67d2c9]
V  [jvm.dll+0x834b1a]
V  [jvm.dll+0x8365de]
V  [jvm.dll+0x836c43]
V  [jvm.dll+0x2477ff]
V  [jvm.dll+0xac514]
V  [jvm.dll+0xacb5c]
V  [jvm.dll+0x2aed1f]
V  [jvm.dll+0x584b67]
V  [jvm.dll+0x2228a2]
V  [jvm.dll+0x222c8f]
V  [jvm.dll+0x21bdb6]
V  [jvm.dll+0x219201]
V  [jvm.dll+0x1a502d]
V  [jvm.dll+0x2290de]
V  [jvm.dll+0x2272ac]
V  [jvm.dll+0x7e9bd7]
V  [jvm.dll+0x7e3fda]
V  [jvm.dll+0x67c1b5]
C  [ucrtbase.dll+0x29333]
C  [KERNEL32.DLL+0x1257d]
C  [ntdll.dll+0x5af28]


---------------  P R O C E S S  ---------------

Threads class SMR info:
_java_thread_list=0x000001fcf978f0f0, length=19, elements={
0x000001fcd8e19bc0, 0x000001fcf39281a0, 0x000001fcf392af40, 0x000001fcf3942140,
0x000001fcf3942ed0, 0x000001fcf3946920, 0x000001fcf3947f30, 0x000001fcf3951930,
0x000001fcf395a300, 0x000001fcf396d3e0, 0x000001fcf3d1e930, 0x000001fcf3d27710,
0x000001fcf8bdd300, 0x000001fcf864aef0, 0x000001fcf864bbe0, 0x000001fcf9255290,
0x000001fcf9254d80, 0x000001fcf92561c0, 0x000001fcf9253e50
}

Java Threads: ( => current thread )
  0x000001fcd8e19bc0 JavaThread "Test worker" [_thread_in_native, id=8124, stack(0x000000d031e00000,0x000000d031f00000)]
  0x000001fcf39281a0 JavaThread "Reference Handler" daemon [_thread_blocked, id=9616, stack(0x000000d032500000,0x000000d032600000)]
  0x000001fcf392af40 JavaThread "Finalizer" daemon [_thread_blocked, id=5620, stack(0x000000d032600000,0x000000d032700000)]
  0x000001fcf3942140 JavaThread "Signal Dispatcher" daemon [_thread_blocked, id=7556, stack(0x000000d032700000,0x000000d032800000)]
  0x000001fcf3942ed0 JavaThread "Attach Listener" daemon [_thread_blocked, id=14988, stack(0x000000d032800000,0x000000d032900000)]
  0x000001fcf3946920 JavaThread "Service Thread" daemon [_thread_blocked, id=3856, stack(0x000000d032900000,0x000000d032a00000)]
  0x000001fcf3947f30 JavaThread "Monitor Deflation Thread" daemon [_thread_blocked, id=19016, stack(0x000000d032a00000,0x000000d032b00000)]
=>0x000001fcf3951930 JavaThread "C2 CompilerThread0" daemon [_thread_in_native, id=5968, stack(0x000000d032b00000,0x000000d032c00000)]
  0x000001fcf395a300 JavaThread "C1 CompilerThread0" daemon [_thread_blocked, id=17984, stack(0x000000d032c00000,0x000000d032d00000)]
  0x000001fcf396d3e0 JavaThread "Sweeper thread" daemon [_thread_blocked, id=12840, stack(0x000000d032d00000,0x000000d032e00000)]
  0x000001fcf3d1e930 JavaThread "Notification Thread" daemon [_thread_blocked, id=19032, stack(0x000000d032e00000,0x000000d032f00000)]
  0x000001fcf3d27710 JavaThread "Common-Cleaner" daemon [_thread_blocked, id=14916, stack(0x000000d033000000,0x000000d033100000)]
  0x000001fcf8bdd300 JavaThread "/127.0.0.1:53003 to /127.0.0.1:53001 workers" [_thread_blocked, id=3432, stack(0x000000d033200000,0x000000d033300000)]
  0x000001fcf864aef0 JavaThread "/127.0.0.1:53003 to /127.0.0.1:53001 workers Thread 2" [_thread_blocked, id=328, stack(0x000000d033b00000,0x000000d033c00000)]
  0x000001fcf864bbe0 JavaThread "/127.0.0.1:53003 to /127.0.0.1:53001 workers Thread 3" [_thread_in_native, id=9416, stack(0x000000d033c00000,0x000000d033d00000)]
  0x000001fcf9255290 JavaThread "BufferPoolPruner-1-thread-1" daemon [_thread_blocked, id=10612, stack(0x000000d033d00000,0x000000d033e00000)]
  0x000001fcf9254d80 JavaThread "cluster-ClusterId{value='67086d8bdfea2668e0b4a316', description='null'}-localhost:27017" daemon [_thread_in_native, id=5420, stack(0x000000d033f00000,0x000000d034000000)]
  0x000001fcf92561c0 JavaThread "cluster-rtt-ClusterId{value='67086d8bdfea2668e0b4a316', description='null'}-localhost:27017" daemon [_thread_blocked, id=13148, stack(0x000000d034000000,0x000000d034100000)]
  0x000001fcf9253e50 JavaThread "MaintenanceTimer-2-thread-1" daemon [_thread_blocked, id=6056, stack(0x000000d034100000,0x000000d034200000)]

Other Threads:
  0x000001fcf3924680 VMThread "VM Thread" [stack: 0x000000d032400000,0x000000d032500000] [id=2784]
  0x000001fcf3d1fe40 WatcherThread [stack: 0x000000d032f00000,0x000000d033000000] [id=12764]
  0x000001fcd8e64030 GCTaskThread "GC Thread#0" [stack: 0x000000d031f00000,0x000000d032000000] [id=17820]
  0x000001fcf3d44880 GCTaskThread "GC Thread#1" [stack: 0x000000d033300000,0x000000d033400000] [id=15744]
  0x000001fcf884cb40 GCTaskThread "GC Thread#2" [stack: 0x000000d033400000,0x000000d033500000] [id=18952]
  0x000001fcf884ce00 GCTaskThread "GC Thread#3" [stack: 0x000000d033500000,0x000000d033600000] [id=18896]
  0x000001fcf8827110 GCTaskThread "GC Thread#4" [stack: 0x000000d033600000,0x000000d033700000] [id=3092]
  0x000001fcf88946a0 GCTaskThread "GC Thread#5" [stack: 0x000000d033700000,0x000000d033800000] [id=16692]
  0x000001fcf8894960 GCTaskThread "GC Thread#6" [stack: 0x000000d033800000,0x000000d033900000] [id=18392]
  0x000001fcf8afcc40 GCTaskThread "GC Thread#7" [stack: 0x000000d033900000,0x000000d033a00000] [id=18012]
  0x000001fcd8e64e60 ConcurrentGCThread "G1 Main Marker" [stack: 0x000000d032000000,0x000000d032100000] [id=912]
  0x000001fcd8e65fa0 ConcurrentGCThread "G1 Conc#0" [stack: 0x000000d032100000,0x000000d032200000] [id=18400]
  0x000001fcf94b83c0 ConcurrentGCThread "G1 Conc#1" [stack: 0x000000d033e00000,0x000000d033f00000] [id=18856]
  0x000001fcd8e9d8a0 ConcurrentGCThread "G1 Refine#0" [stack: 0x000000d032200000,0x000000d032300000] [id=18728]
  0x000001fcf8691f10 ConcurrentGCThread "G1 Refine#1" [stack: 0x000000d033a00000,0x000000d033b00000] [id=19216]
  0x000001fcd8e9e1e0 ConcurrentGCThread "G1 Service" [stack: 0x000000d032300000,0x000000d032400000] [id=1896]

Threads with active compile tasks:
C2 CompilerThread0    14730 4952   !   4       org.springframework.util.ReflectionUtils::doWithMethods (186 bytes)

VM state: not at safepoint (normal execution)

VM Mutex/Monitor currently owned by a thread: None

Heap address: 0x00000000e0000000, size: 512 MB, Compressed Oops mode: 32-bit

CDS archive(s) mapped at: [0x000001fc80000000-0x000001fc80bb0000-0x000001fc80bb0000), size 12255232, SharedBaseAddress: 0x000001fc80000000, ArchiveRelocationMode: 1.
Compressed class space mapped at: 0x000001fc81000000-0x000001fcc1000000, reserved size: 1073741824
Narrow klass base: 0x000001fc80000000, Narrow klass shift: 0, Narrow klass range: 0x100000000

GC Precious Log:
 CPUs: 8 total, 8 available
 Memory: 6086M
 Large Page Support: Disabled
 NUMA Support: Disabled
 Compressed Oops: Enabled (32-bit)
 Heap Region Size: 1M
 Heap Min Capacity: 8M
 Heap Initial Capacity: 96M
 Heap Max Capacity: 512M
 Pre-touch: Disabled
 Parallel Workers: 8
 Concurrent Workers: 2
 Concurrent Refinement Workers: 8
 Periodic GC: Disabled

Heap:
 garbage-first heap   total 68608K, used 49427K [0x00000000e0000000, 0x0000000100000000)
  region size 1024K, 23 young (23552K), 3 survivors (3072K)
 Metaspace       used 45288K, committed 45824K, reserved 1114112K
  class space    used 6234K, committed 6464K, reserved 1048576K

Heap Regions: E=young(eden), S=young(survivor), O=old, HS=humongous(starts), HC=humongous(continues), CS=collection set, F=free, OA=open archive, CA=closed archive, TAMS=top-at-mark-start (previous, next)
|   0|0x00000000e0000000, 0x00000000e0100000, 0x00000000e0100000|100%|HS|  |TAMS 0x00000000e0100000, 0x00000000e0000000| Complete 
|   1|0x00000000e0100000, 0x00000000e0200000, 0x00000000e0200000|100%| O|  |TAMS 0x00000000e0200000, 0x00000000e0100000| Untracked 
|   2|0x00000000e0200000, 0x00000000e0300000, 0x00000000e0300000|100%| O|  |TAMS 0x00000000e0300000, 0x00000000e0200000| Untracked 
|   3|0x00000000e0300000, 0x00000000e0400000, 0x00000000e0400000|100%| O|  |TAMS 0x00000000e0400000, 0x00000000e0300000| Untracked 
|   4|0x00000000e0400000, 0x00000000e0500000, 0x00000000e0500000|100%| O|  |TAMS 0x00000000e0500000, 0x00000000e0400000| Untracked 
|   5|0x00000000e0500000, 0x00000000e0600000, 0x00000000e0600000|100%| O|  |TAMS 0x00000000e0600000, 0x00000000e0500000| Untracked 
|   6|0x00000000e0600000, 0x00000000e0700000, 0x00000000e0700000|100%| O|  |TAMS 0x00000000e0700000, 0x00000000e0600000| Untracked 
|   7|0x00000000e0700000, 0x00000000e0800000, 0x00000000e0800000|100%| O|  |TAMS 0x00000000e0800000, 0x00000000e0700000| Untracked 
|   8|0x00000000e0800000, 0x00000000e0900000, 0x00000000e0900000|100%| O|  |TAMS 0x00000000e0900000, 0x00000000e0800000| Untracked 
|   9|0x00000000e0900000, 0x00000000e0a00000, 0x00000000e0a00000|100%| O|  |TAMS 0x00000000e0a00000, 0x00000000e0900000| Untracked 
|  10|0x00000000e0a00000, 0x00000000e0b00000, 0x00000000e0b00000|100%| O|  |TAMS 0x00000000e0b00000, 0x00000000e0a00000| Untracked 
|  11|0x00000000e0b00000, 0x00000000e0c00000, 0x00000000e0c00000|100%| O|  |TAMS 0x00000000e0c00000, 0x00000000e0b00000| Untracked 
|  12|0x00000000e0c00000, 0x00000000e0d00000, 0x00000000e0d00000|100%| O|  |TAMS 0x00000000e0d00000, 0x00000000e0c00000| Untracked 
|  13|0x00000000e0d00000, 0x00000000e0e00000, 0x00000000e0e00000|100%| O|  |TAMS 0x00000000e0e00000, 0x00000000e0d00000| Untracked 
|  14|0x00000000e0e00000, 0x00000000e0eb3200, 0x00000000e0f00000| 69%| O|  |TAMS 0x00000000e0eb3200, 0x00000000e0e00000| Untracked 
|  15|0x00000000e0f00000, 0x00000000e1000000, 0x00000000e1000000|100%| O|  |TAMS 0x00000000e1000000, 0x00000000e0f00000| Untracked 
|  16|0x00000000e1000000, 0x00000000e1100000, 0x00000000e1100000|100%| O|  |TAMS 0x00000000e1100000, 0x00000000e1000000| Untracked 
|  17|0x00000000e1100000, 0x00000000e1200000, 0x00000000e1200000|100%| O|  |TAMS 0x00000000e1200000, 0x00000000e1100000| Untracked 
|  18|0x00000000e1200000, 0x00000000e1300000, 0x00000000e1300000|100%| O|  |TAMS 0x00000000e1300000, 0x00000000e1200000| Untracked 
|  19|0x00000000e1300000, 0x00000000e1400000, 0x00000000e1400000|100%| O|  |TAMS 0x00000000e13f9a00, 0x00000000e1300000| Untracked 
|  20|0x00000000e1400000, 0x00000000e1500000, 0x00000000e1500000|100%| O|  |TAMS 0x00000000e1400000, 0x00000000e1400000| Untracked 
|  21|0x00000000e1500000, 0x00000000e1600000, 0x00000000e1600000|100%| O|  |TAMS 0x00000000e1500000, 0x00000000e1500000| Untracked 
|  22|0x00000000e1600000, 0x00000000e1700000, 0x00000000e1700000|100%| O|  |TAMS 0x00000000e1600000, 0x00000000e1600000| Untracked 
|  23|0x00000000e1700000, 0x00000000e1800000, 0x00000000e1800000|100%| O|  |TAMS 0x00000000e1700000, 0x00000000e1700000| Untracked 
|  24|0x00000000e1800000, 0x00000000e1900000, 0x00000000e1900000|100%| O|  |TAMS 0x00000000e1800000, 0x00000000e1800000| Untracked 
|  25|0x00000000e1900000, 0x00000000e1a00000, 0x00000000e1a00000|100%| O|  |TAMS 0x00000000e1900000, 0x00000000e1900000| Untracked 
|  26|0x00000000e1a00000, 0x00000000e1acd800, 0x00000000e1b00000| 80%| O|  |TAMS 0x00000000e1a00000, 0x00000000e1a00000| Untracked 
|  27|0x00000000e1b00000, 0x00000000e1b00000, 0x00000000e1c00000|  0%| F|  |TAMS 0x00000000e1b00000, 0x00000000e1b00000| Untracked 
|  28|0x00000000e1c00000, 0x00000000e1c00000, 0x00000000e1d00000|  0%| F|  |TAMS 0x00000000e1c00000, 0x00000000e1c00000| Untracked 
|  29|0x00000000e1d00000, 0x00000000e1d00000, 0x00000000e1e00000|  0%| F|  |TAMS 0x00000000e1d00000, 0x00000000e1d00000| Untracked 
|  30|0x00000000e1e00000, 0x00000000e1e00000, 0x00000000e1f00000|  0%| F|  |TAMS 0x00000000e1e00000, 0x00000000e1e00000| Untracked 
|  31|0x00000000e1f00000, 0x00000000e1f00000, 0x00000000e2000000|  0%| F|  |TAMS 0x00000000e1f00000, 0x00000000e1f00000| Untracked 
|  32|0x00000000e2000000, 0x00000000e2000000, 0x00000000e2100000|  0%| F|  |TAMS 0x00000000e2000000, 0x00000000e2000000| Untracked 
|  33|0x00000000e2100000, 0x00000000e2100000, 0x00000000e2200000|  0%| F|  |TAMS 0x00000000e2100000, 0x00000000e2100000| Untracked 
|  34|0x00000000e2200000, 0x00000000e2200000, 0x00000000e2300000|  0%| F|  |TAMS 0x00000000e2200000, 0x00000000e2200000| Untracked 
|  35|0x00000000e2300000, 0x00000000e2300000, 0x00000000e2400000|  0%| F|  |TAMS 0x00000000e2300000, 0x00000000e2300000| Untracked 
|  36|0x00000000e2400000, 0x00000000e2400000, 0x00000000e2500000|  0%| F|  |TAMS 0x00000000e2400000, 0x00000000e2400000| Untracked 
|  37|0x00000000e2500000, 0x00000000e2500000, 0x00000000e2600000|  0%| F|  |TAMS 0x00000000e2500000, 0x00000000e2500000| Untracked 
|  38|0x00000000e2600000, 0x00000000e2600000, 0x00000000e2700000|  0%| F|  |TAMS 0x00000000e2600000, 0x00000000e2600000| Untracked 
|  39|0x00000000e2700000, 0x00000000e2700000, 0x00000000e2800000|  0%| F|  |TAMS 0x00000000e2700000, 0x00000000e2700000| Untracked 
|  40|0x00000000e2800000, 0x00000000e28c42c8, 0x00000000e2900000| 76%| S|CS|TAMS 0x00000000e2800000, 0x00000000e2800000| Complete 
|  41|0x00000000e2900000, 0x00000000e2a00000, 0x00000000e2a00000|100%| S|CS|TAMS 0x00000000e2900000, 0x00000000e2900000| Complete 
|  42|0x00000000e2a00000, 0x00000000e2b00000, 0x00000000e2b00000|100%| S|CS|TAMS 0x00000000e2a00000, 0x00000000e2a00000| Complete 
|  43|0x00000000e2b00000, 0x00000000e2b00000, 0x00000000e2c00000|  0%| F|  |TAMS 0x00000000e2b00000, 0x00000000e2b00000| Untracked 
|  44|0x00000000e2c00000, 0x00000000e2c00000, 0x00000000e2d00000|  0%| F|  |TAMS 0x00000000e2c00000, 0x00000000e2c00000| Untracked 
|  45|0x00000000e2d00000, 0x00000000e2d00000, 0x00000000e2e00000|  0%| F|  |TAMS 0x00000000e2d00000, 0x00000000e2d00000| Untracked 
|  46|0x00000000e2e00000, 0x00000000e2e00000, 0x00000000e2f00000|  0%| F|  |TAMS 0x00000000e2e00000, 0x00000000e2e00000| Untracked 
|  47|0x00000000e2f00000, 0x00000000e2f6afe8, 0x00000000e3000000| 41%| E|  |TAMS 0x00000000e2f00000, 0x00000000e2f00000| Complete 
|  48|0x00000000e3000000, 0x00000000e3100000, 0x00000000e3100000|100%| E|CS|TAMS 0x00000000e3000000, 0x00000000e3000000| Complete 
|  49|0x00000000e3100000, 0x00000000e3200000, 0x00000000e3200000|100%| E|CS|TAMS 0x00000000e3100000, 0x00000000e3100000| Complete 
|  50|0x00000000e3200000, 0x00000000e3300000, 0x00000000e3300000|100%| E|CS|TAMS 0x00000000e3200000, 0x00000000e3200000| Complete 
|  51|0x00000000e3300000, 0x00000000e3400000, 0x00000000e3400000|100%| E|CS|TAMS 0x00000000e3300000, 0x00000000e3300000| Complete 
|  52|0x00000000e3400000, 0x00000000e3500000, 0x00000000e3500000|100%| E|CS|TAMS 0x00000000e3400000, 0x00000000e3400000| Complete 
|  53|0x00000000e3500000, 0x00000000e3600000, 0x00000000e3600000|100%| E|CS|TAMS 0x00000000e3500000, 0x00000000e3500000| Complete 
|  54|0x00000000e3600000, 0x00000000e3700000, 0x00000000e3700000|100%| E|CS|TAMS 0x00000000e3600000, 0x00000000e3600000| Complete 
|  55|0x00000000e3700000, 0x00000000e3800000, 0x00000000e3800000|100%| E|CS|TAMS 0x00000000e3700000, 0x00000000e3700000| Complete 
|  56|0x00000000e3800000, 0x00000000e3900000, 0x00000000e3900000|100%| E|CS|TAMS 0x00000000e3800000, 0x00000000e3800000| Complete 
|  57|0x00000000e3900000, 0x00000000e3a00000, 0x00000000e3a00000|100%| E|CS|TAMS 0x00000000e3900000, 0x00000000e3900000| Complete 
|  58|0x00000000e3a00000, 0x00000000e3b00000, 0x00000000e3b00000|100%| E|CS|TAMS 0x00000000e3a00000, 0x00000000e3a00000| Complete 
|  59|0x00000000e3b00000, 0x00000000e3c00000, 0x00000000e3c00000|100%| E|CS|TAMS 0x00000000e3b00000, 0x00000000e3b00000| Complete 
|  60|0x00000000e3c00000, 0x00000000e3d00000, 0x00000000e3d00000|100%| E|CS|TAMS 0x00000000e3c00000, 0x00000000e3c00000| Complete 
|  61|0x00000000e3d00000, 0x00000000e3e00000, 0x00000000e3e00000|100%| E|CS|TAMS 0x00000000e3d00000, 0x00000000e3d00000| Complete 
|  91|0x00000000e5b00000, 0x00000000e5c00000, 0x00000000e5c00000|100%| E|CS|TAMS 0x00000000e5b00000, 0x00000000e5b00000| Complete 
|  92|0x00000000e5c00000, 0x00000000e5d00000, 0x00000000e5d00000|100%| E|CS|TAMS 0x00000000e5c00000, 0x00000000e5c00000| Complete 
|  93|0x00000000e5d00000, 0x00000000e5e00000, 0x00000000e5e00000|100%| E|CS|TAMS 0x00000000e5d00000, 0x00000000e5d00000| Complete 
|  94|0x00000000e5e00000, 0x00000000e5f00000, 0x00000000e5f00000|100%| E|CS|TAMS 0x00000000e5e00000, 0x00000000e5e00000| Complete 
|  95|0x00000000e5f00000, 0x00000000e6000000, 0x00000000e6000000|100%| E|CS|TAMS 0x00000000e5f00000, 0x00000000e5f00000| Complete 

Card table byte_map: [0x000001fcefd30000,0x000001fcefe30000] _byte_map_base: 0x000001fcef630000

Marking Bits (Prev, Next): (CMBitMap*) 0x000001fcd8e64560, (CMBitMap*) 0x000001fcd8e645a0
 Prev Bits: [0x000001fceff30000, 0x000001fcf0730000)
 Next Bits: [0x000001fcf0730000, 0x000001fcf0f30000)

Polling page: 0x000001fcd85a0000

Metaspace:

Usage:
  Non-class:     38.14 MB used.
      Class:      6.09 MB used.
       Both:     44.23 MB used.

Virtual space:
  Non-class space:       64.00 MB reserved,      38.44 MB ( 60%) committed,  1 nodes.
      Class space:        1.00 GB reserved,       6.31 MB ( <1%) committed,  1 nodes.
             Both:        1.06 GB reserved,      44.75 MB (  4%) committed. 

Chunk freelists:
   Non-Class:  9.50 MB
       Class:  9.53 MB
        Both:  19.03 MB

MaxMetaspaceSize: unlimited
CompressedClassSpaceSize: 1.00 GB
Initial GC threshold: 21.00 MB
Current GC threshold: 58.88 MB
CDS: on
MetaspaceReclaimPolicy: balanced
 - commit_granule_bytes: 65536.
 - commit_granule_words: 8192.
 - virtual_space_node_default_size: 8388608.
 - enlarge_chunks_in_place: 1.
 - new_chunks_are_fully_committed: 0.
 - uncommit_free_chunks: 1.
 - use_allocation_guard: 0.
 - handle_deallocations: 1.


Internal statistics:

num_allocs_failed_limit: 6.
num_arena_births: 596.
num_arena_deaths: 0.
num_vsnodes_births: 2.
num_vsnodes_deaths: 0.
num_space_committed: 716.
num_space_uncommitted: 0.
num_chunks_returned_to_freelist: 6.
num_chunks_taken_from_freelist: 2245.
num_chunk_merges: 6.
num_chunk_splits: 1580.
num_chunks_enlarged: 1208.
num_inconsistent_stats: 0.

CodeHeap 'non-profiled nmethods': size=120000Kb used=2241Kb max_used=2241Kb free=117758Kb
 bounds [0x000001fce83d0000, 0x000001fce8640000, 0x000001fcef900000]
CodeHeap 'profiled nmethods': size=120000Kb used=10349Kb max_used=10349Kb free=109650Kb
 bounds [0x000001fce0900000, 0x000001fce1320000, 0x000001fce7e30000]
CodeHeap 'non-nmethods': size=5760Kb used=1256Kb max_used=1306Kb free=4503Kb
 bounds [0x000001fce7e30000, 0x000001fce80a0000, 0x000001fce83d0000]
 total_blobs=5673 nmethods=5100 adapters=485
 compilation: enabled
              stopped_count=0, restarted_count=0
 full_count=0

Compilation events (20 events):
Event: 14.328 Thread 0x000001fcf3951930 nmethod 4760 0x000001fce85ee490 code [0x000001fce85eeca0, 0x000001fce85f7d10]
Event: 14.330 Thread 0x000001fcf3951930 5128       4       java.lang.String::startsWith (7 bytes)
Event: 14.337 Thread 0x000001fcf395a300 5158       2       java.lang.Character::valueOf (21 bytes)
Event: 14.337 Thread 0x000001fcf395a300 nmethod 5158 0x000001fce1319a10 code [0x000001fce1319ba0, 0x000001fce1319d58]
Event: 14.337 Thread 0x000001fcf395a300 5159       2       java.lang.Character::hashCode (8 bytes)
Event: 14.338 Thread 0x000001fcf395a300 nmethod 5159 0x000001fce1319e10 code [0x000001fce1319fa0, 0x000001fce131a0b8]
Event: 14.338 Thread 0x000001fcf395a300 5160       2       java.lang.Character::hashCode (2 bytes)
Event: 14.338 Thread 0x000001fcf395a300 nmethod 5160 0x000001fce131a190 code [0x000001fce131a320, 0x000001fce131a418]
Event: 14.338 Thread 0x000001fcf395a300 5161       2       java.lang.invoke.MemberName::asNormalOriginal (113 bytes)
Event: 14.338 Thread 0x000001fcf395a300 nmethod 5161 0x000001fce131a490 code [0x000001fce131a660, 0x000001fce131a978]
Event: 14.339 Thread 0x000001fcf395a300 5162       2       java.util.regex.Pattern$GroupTail::match (111 bytes)
Event: 14.340 Thread 0x000001fcf395a300 nmethod 5162 0x000001fce131ab90 code [0x000001fce131ad60, 0x000001fce131b028]
Event: 14.342 Thread 0x000001fcf395a300 5163       2       java.util.stream.StreamSpliterators$AbstractWrappingSpliterator::init (29 bytes)
Event: 14.342 Thread 0x000001fcf395a300 nmethod 5163 0x000001fce131b210 code [0x000001fce131b3c0, 0x000001fce131b5e8]
Event: 14.344 Thread 0x000001fcf3951930 nmethod 5128 0x000001fce85fd090 code [0x000001fce85fd220, 0x000001fce85fd5b8]
Event: 14.345 Thread 0x000001fcf3951930 5157       4       java.lang.StringBuilder::append (8 bytes)
Event: 14.357 Thread 0x000001fcf3951930 nmethod 5157 0x000001fce85fd810 code [0x000001fce85fd9c0, 0x000001fce85fe058]
Event: 14.357 Thread 0x000001fcf3951930 5049   !   4       org.springframework.beans.factory.support.DefaultSingletonBeanRegistry::getSingleton (147 bytes)
Event: 14.403 Thread 0x000001fcf3951930 nmethod 5049 0x000001fce85fe490 code [0x000001fce85fe6a0, 0x000001fce85ff888]
Event: 14.404 Thread 0x000001fcf3951930 4952   !   4       org.springframework.util.ReflectionUtils::doWithMethods (186 bytes)

GC Heap History (20 events):
Event: 3.652 GC heap before
{Heap before GC invocations=1 (full 0):
 garbage-first heap   total 98304K, used 26525K [0x00000000e0000000, 0x0000000100000000)
  region size 1024K, 17 young (17408K), 3 survivors (3072K)
 Metaspace       used 7922K, committed 8192K, reserved 1114112K
  class space    used 1056K, committed 1216K, reserved 1048576K
}
Event: 3.659 GC heap after
{Heap after GC invocations=2 (full 0):
 garbage-first heap   total 98304K, used 13616K [0x00000000e0000000, 0x0000000100000000)
  region size 1024K, 2 young (2048K), 2 survivors (2048K)
 Metaspace       used 7922K, committed 8192K, reserved 1114112K
  class space    used 1056K, committed 1216K, reserved 1048576K
}
Event: 5.044 GC heap before
{Heap before GC invocations=2 (full 0):
 garbage-first heap   total 98304K, used 42288K [0x00000000e0000000, 0x0000000100000000)
  region size 1024K, 30 young (30720K), 2 survivors (2048K)
 Metaspace       used 13427K, committed 13696K, reserved 1114112K
  class space    used 1780K, committed 1920K, reserved 1048576K
}
Event: 5.050 GC heap after
{Heap after GC invocations=3 (full 0):
 garbage-first heap   total 98304K, used 15245K [0x00000000e0000000, 0x0000000100000000)
  region size 1024K, 3 young (3072K), 3 survivors (3072K)
 Metaspace       used 13427K, committed 13696K, reserved 1114112K
  class space    used 1780K, committed 1920K, reserved 1048576K
}
Event: 6.601 GC heap before
{Heap before GC invocations=3 (full 0):
 garbage-first heap   total 98304K, used 60301K [0x00000000e0000000, 0x0000000100000000)
  region size 1024K, 47 young (48128K), 3 survivors (3072K)
 Metaspace       used 21126K, committed 21440K, reserved 1114112K
  class space    used 2940K, committed 3072K, reserved 1048576K
}
Event: 6.611 GC heap after
{Heap after GC invocations=4 (full 0):
 garbage-first heap   total 98304K, used 17830K [0x00000000e0000000, 0x0000000100000000)
  region size 1024K, 6 young (6144K), 6 survivors (6144K)
 Metaspace       used 21126K, committed 21440K, reserved 1114112K
  class space    used 2940K, committed 3072K, reserved 1048576K
}
Event: 6.622 GC heap before
{Heap before GC invocations=4 (full 0):
 garbage-first heap   total 98304K, used 17830K [0x00000000e0000000, 0x0000000100000000)
  region size 1024K, 7 young (7168K), 6 survivors (6144K)
 Metaspace       used 21192K, committed 21504K, reserved 1114112K
  class space    used 2947K, committed 3136K, reserved 1048576K
}
Event: 6.631 GC heap after
{Heap after GC invocations=5 (full 0):
 garbage-first heap   total 98304K, used 18238K [0x00000000e0000000, 0x0000000100000000)
  region size 1024K, 4 young (4096K), 4 survivors (4096K)
 Metaspace       used 21192K, committed 21504K, reserved 1114112K
  class space    used 2947K, committed 3136K, reserved 1048576K
}
Event: 7.392 GC heap before
{Heap before GC invocations=6 (full 0):
 garbage-first heap   total 68608K, used 53054K [0x00000000e0000000, 0x0000000100000000)
  region size 1024K, 40 young (40960K), 4 survivors (4096K)
 Metaspace       used 26524K, committed 26816K, reserved 1114112K
  class space    used 3587K, committed 3712K, reserved 1048576K
}
Event: 7.400 GC heap after
{Heap after GC invocations=7 (full 0):
 garbage-first heap   total 68608K, used 20509K [0x00000000e0000000, 0x0000000100000000)
  region size 1024K, 3 young (3072K), 3 survivors (3072K)
 Metaspace       used 26524K, committed 26816K, reserved 1114112K
  class space    used 3587K, committed 3712K, reserved 1048576K
}
Event: 8.693 GC heap before
{Heap before GC invocations=7 (full 0):
 garbage-first heap   total 68608K, used 47133K [0x00000000e0000000, 0x0000000100000000)
  region size 1024K, 29 young (29696K), 3 survivors (3072K)
 Metaspace       used 29293K, committed 29632K, reserved 1114112K
  class space    used 3932K, committed 4096K, reserved 1048576K
}
Event: 8.698 GC heap after
{Heap after GC invocations=8 (full 0):
 garbage-first heap   total 68608K, used 21958K [0x00000000e0000000, 0x0000000100000000)
  region size 1024K, 2 young (2048K), 2 survivors (2048K)
 Metaspace       used 29293K, committed 29632K, reserved 1114112K
  class space    used 3932K, committed 4096K, reserved 1048576K
}
Event: 10.088 GC heap before
{Heap before GC invocations=8 (full 0):
 garbage-first heap   total 68608K, used 49606K [0x00000000e0000000, 0x0000000100000000)
  region size 1024K, 29 young (29696K), 2 survivors (2048K)
 Metaspace       used 33599K, committed 34048K, reserved 1114112K
  class space    used 4562K, committed 4800K, reserved 1048576K
}
Event: 10.095 GC heap after
{Heap after GC invocations=9 (full 0):
 garbage-first heap   total 68608K, used 23901K [0x00000000e0000000, 0x0000000100000000)
  region size 1024K, 4 young (4096K), 4 survivors (4096K)
 Metaspace       used 33599K, committed 34048K, reserved 1114112K
  class space    used 4562K, committed 4800K, reserved 1048576K
}
Event: 10.453 GC heap before
{Heap before GC invocations=9 (full 0):
 garbage-first heap   total 68608K, used 33117K [0x00000000e0000000, 0x0000000100000000)
  region size 1024K, 14 young (14336K), 4 survivors (4096K)
 Metaspace       used 35661K, committed 36096K, reserved 1114112K
  class space    used 4888K, committed 5120K, reserved 1048576K
}
Event: 10.460 GC heap after
{Heap after GC invocations=10 (full 0):
 garbage-first heap   total 68608K, used 24696K [0x00000000e0000000, 0x0000000100000000)
  region size 1024K, 1 young (1024K), 1 survivors (1024K)
 Metaspace       used 35661K, committed 36096K, reserved 1114112K
  class space    used 4888K, committed 5120K, reserved 1048576K
}
Event: 11.760 GC heap before
{Heap before GC invocations=11 (full 0):
 garbage-first heap   total 68608K, used 51320K [0x00000000e0000000, 0x0000000100000000)
  region size 1024K, 28 young (28672K), 1 survivors (1024K)
 Metaspace       used 39080K, committed 39552K, reserved 1114112K
  class space    used 5373K, committed 5568K, reserved 1048576K
}
Event: 11.765 GC heap after
{Heap after GC invocations=12 (full 0):
 garbage-first heap   total 68608K, used 27275K [0x00000000e0000000, 0x0000000100000000)
  region size 1024K, 4 young (4096K), 4 survivors (4096K)
 Metaspace       used 39080K, committed 39552K, reserved 1114112K
  class space    used 5373K, committed 5568K, reserved 1048576K
}
Event: 13.159 GC heap before
{Heap before GC invocations=12 (full 0):
 garbage-first heap   total 68608K, used 51851K [0x00000000e0000000, 0x0000000100000000)
  region size 1024K, 28 young (28672K), 4 survivors (4096K)
 Metaspace       used 42374K, committed 42880K, reserved 1114112K
  class space    used 5799K, committed 6016K, reserved 1048576K
}
Event: 13.169 GC heap after
{Heap after GC invocations=13 (full 0):
 garbage-first heap   total 68608K, used 29971K [0x00000000e0000000, 0x0000000100000000)
  region size 1024K, 3 young (3072K), 3 survivors (3072K)
 Metaspace       used 42374K, committed 42880K, reserved 1114112K
  class space    used 5799K, committed 6016K, reserved 1048576K
}

Dll operation events (11 events):
Event: 0.024 Loaded shared library C:\Users\Ximena Ruiz\.jdks\corretto-17.0.10\bin\java.dll
Event: 0.063 Loaded shared library C:\Users\Ximena Ruiz\.jdks\corretto-17.0.10\bin\jsvml.dll
Event: 0.652 Loaded shared library C:\Users\Ximena Ruiz\.jdks\corretto-17.0.10\bin\net.dll
Event: 0.656 Loaded shared library C:\Users\Ximena Ruiz\.jdks\corretto-17.0.10\bin\nio.dll
Event: 0.662 Loaded shared library C:\Users\Ximena Ruiz\.jdks\corretto-17.0.10\bin\zip.dll
Event: 0.825 Loaded shared library C:\Users\Ximena Ruiz\.jdks\corretto-17.0.10\bin\verify.dll
Event: 0.844 Loaded shared library C:\Users\Ximena Ruiz\.jdks\corretto-17.0.10\bin\jimage.dll
Event: 2.116 Loaded shared library C:\Users\Ximena Ruiz\.jdks\corretto-17.0.10\bin\extnet.dll
Event: 2.372 Loaded shared library C:\Users\Ximena Ruiz\.jdks\corretto-17.0.10\bin\sunmscapi.dll
Event: 14.226 Loaded shared library C:\Users\Ximena Ruiz\.jdks\corretto-17.0.10\bin\management.dll
Event: 14.236 Loaded shared library C:\Users\Ximena Ruiz\.jdks\corretto-17.0.10\bin\management_ext.dll

Deoptimization events (20 events):
Event: 13.684 Thread 0x000001fcd8e19bc0 DEOPT PACKING pc=0x000001fce84ce34c sp=0x000000d031ef80e0
Event: 13.684 Thread 0x000001fcd8e19bc0 DEOPT UNPACKING pc=0x000001fce7e869a3 sp=0x000000d031ef8058 mode 2
Event: 13.975 Thread 0x000001fcd8e19bc0 DEOPT PACKING pc=0x000001fce10c5e0f sp=0x000000d031ef99a0
Event: 13.975 Thread 0x000001fcd8e19bc0 DEOPT UNPACKING pc=0x000001fce7e87143 sp=0x000000d031ef8f40 mode 0
Event: 14.349 Thread 0x000001fcd8e19bc0 Uncommon trap: trap_request=0xffffffde fr.pc=0x000001fce85f3284 relative=0x00000000000045e4
Event: 14.349 Thread 0x000001fcd8e19bc0 Uncommon trap: reason=class_check action=maybe_recompile pc=0x000001fce85f3284 method=org.springframework.core.annotation.AnnotationsScanner.processClassHierarchy(Ljava/lang/Object;[ILjava/lang/Class;Lorg/springframework/core/annotation/AnnotationsProcess
Event: 14.349 Thread 0x000001fcd8e19bc0 DEOPT PACKING pc=0x000001fce85f3284 sp=0x000000d031efbef0
Event: 14.349 Thread 0x000001fcd8e19bc0 DEOPT UNPACKING pc=0x000001fce7e869a3 sp=0x000000d031efbf20 mode 2
Event: 14.354 Thread 0x000001fcd8e19bc0 Uncommon trap: trap_request=0xffffffde fr.pc=0x000001fce85f3284 relative=0x00000000000045e4
Event: 14.354 Thread 0x000001fcd8e19bc0 Uncommon trap: reason=class_check action=maybe_recompile pc=0x000001fce85f3284 method=org.springframework.core.annotation.AnnotationsScanner.processClassHierarchy(Ljava/lang/Object;[ILjava/lang/Class;Lorg/springframework/core/annotation/AnnotationsProcess
Event: 14.354 Thread 0x000001fcd8e19bc0 DEOPT PACKING pc=0x000001fce85f3284 sp=0x000000d031efbe50
Event: 14.354 Thread 0x000001fcd8e19bc0 DEOPT UNPACKING pc=0x000001fce7e869a3 sp=0x000000d031efbe80 mode 2
Event: 14.471 Thread 0x000001fcd8e19bc0 Uncommon trap: trap_request=0xffffffde fr.pc=0x000001fce858fa50 relative=0x0000000000000950
Event: 14.471 Thread 0x000001fcd8e19bc0 Uncommon trap: reason=class_check action=maybe_recompile pc=0x000001fce858fa50 method=java.util.zip.InflaterInputStream.read([BII)I @ 100 c2
Event: 14.471 Thread 0x000001fcd8e19bc0 DEOPT PACKING pc=0x000001fce858fa50 sp=0x000000d031ef89a0
Event: 14.471 Thread 0x000001fcd8e19bc0 DEOPT UNPACKING pc=0x000001fce7e869a3 sp=0x000000d031ef8990 mode 2
Event: 14.471 Thread 0x000001fcd8e19bc0 Uncommon trap: trap_request=0xffffffde fr.pc=0x000001fce858fa50 relative=0x0000000000000950
Event: 14.471 Thread 0x000001fcd8e19bc0 Uncommon trap: reason=class_check action=maybe_recompile pc=0x000001fce858fa50 method=java.util.zip.InflaterInputStream.read([BII)I @ 100 c2
Event: 14.471 Thread 0x000001fcd8e19bc0 DEOPT PACKING pc=0x000001fce858fa50 sp=0x000000d031ef89a0
Event: 14.471 Thread 0x000001fcd8e19bc0 DEOPT UNPACKING pc=0x000001fce7e869a3 sp=0x000000d031ef8990 mode 2

Classes unloaded (0 events):
No events

Classes redefined (0 events):
No events

Internal exceptions (20 events):
Event: 11.042 Thread 0x000001fcd8e19bc0 Exception <a 'java/lang/NoSuchMethodError'{0x00000000e374c920}: 'long java.lang.invoke.DirectMethodHandle$Holder.invokeVirtual(java.lang.Object, java.lang.Object)'> (0x00000000e374c920) 
thrown [s\src\hotspot\share\interpreter\linkResolver.cpp, line 759]
Event: 11.045 Thread 0x000001fcd8e19bc0 Exception <a 'java/lang/NoSuchMethodError'{0x00000000e375f110}: 'java.lang.Object java.lang.invoke.DirectMethodHandle$Holder.newInvokeSpecial(java.lang.Object, long)'> (0x00000000e375f110) 
thrown [s\src\hotspot\share\interpreter\linkResolver.cpp, line 759]
Event: 11.294 Thread 0x000001fcd8e19bc0 Exception <a 'java/lang/IncompatibleClassChangeError'{0x00000000e32df448}: Found class java.lang.Object, but interface was expected> (0x00000000e32df448) 
thrown [s\src\hotspot\share\interpreter\linkResolver.cpp, line 826]
Event: 11.455 Thread 0x000001fcd8e19bc0 Exception <a 'java/lang/NoSuchMethodError'{0x00000000e2fed1b8}: 'java.lang.Object java.lang.invoke.DirectMethodHandle$Holder.invokeStatic(java.lang.Object, java.lang.Object, int, java.lang.Object)'> (0x00000000e2fed1b8) 
thrown [s\src\hotspot\share\interpreter\linkResolver.cpp, line 759]
Event: 12.186 Thread 0x000001fcd8e19bc0 Exception <a 'java/lang/NoSuchMethodError'{0x00000000e3b0f3e0}: 'void java.lang.invoke.DirectMethodHandle$Holder.invokeInterface(java.lang.Object, java.lang.Object, int)'> (0x00000000e3b0f3e0) 
thrown [s\src\hotspot\share\interpreter\linkResolver.cpp, line 759]
Event: 12.209 Thread 0x000001fcd8e19bc0 Exception <a 'java/lang/IncompatibleClassChangeError'{0x00000000e3b5d3d0}: Found class java.lang.Object, but interface was expected> (0x00000000e3b5d3d0) 
thrown [s\src\hotspot\share\interpreter\linkResolver.cpp, line 826]
Event: 12.211 Thread 0x000001fcd8e19bc0 Exception <a 'java/lang/NoSuchMethodError'{0x00000000e3b6e808}: 'int java.lang.invoke.DirectMethodHandle$Holder.invokeSpecialIFC(java.lang.Object, java.lang.Object, java.lang.Object)'> (0x00000000e3b6e808) 
thrown [s\src\hotspot\share\interpreter\linkResolver.cpp, line 759]
Event: 12.216 Thread 0x000001fcd8e19bc0 Exception <a 'java/lang/NoSuchMethodError'{0x00000000e3b87918}: 'void java.lang.invoke.DirectMethodHandle$Holder.invokeStatic(java.lang.Object, int, java.lang.Object)'> (0x00000000e3b87918) 
thrown [s\src\hotspot\share\interpreter\linkResolver.cpp, line 759]
Event: 13.062 Thread 0x000001fcd8e19bc0 Exception <a 'sun/nio/fs/WindowsException'{0x00000000e2d654f0}> (0x00000000e2d654f0) 
thrown [s\src\hotspot\share\prims\jni.cpp, line 516]
Event: 13.064 Thread 0x000001fcd8e19bc0 Exception <a 'sun/nio/fs/WindowsException'{0x00000000e2d70eb8}> (0x00000000e2d70eb8) 
thrown [s\src\hotspot\share\prims\jni.cpp, line 516]
Event: 13.351 Thread 0x000001fcd8e19bc0 Exception <a 'java/lang/IncompatibleClassChangeError'{0x00000000e5dfaff0}: Found class java.lang.Object, but interface was expected> (0x00000000e5dfaff0) 
thrown [s\src\hotspot\share\interpreter\linkResolver.cpp, line 826]
Event: 13.390 Thread 0x000001fcd8e19bc0 Implicit null exception at 0x000001fce85525bd to 0x000001fce855298f
Event: 13.451 Thread 0x000001fcd8e19bc0 Exception <a 'java/lang/NoSuchMethodError'{0x00000000e3d6d258}: 'void java.lang.invoke.DirectMethodHandle$Holder.invokeVirtual(java.lang.Object, java.lang.Object, long)'> (0x00000000e3d6d258) 
thrown [s\src\hotspot\share\interpreter\linkResolver.cpp, line 759]
Event: 13.640 Thread 0x000001fcd8e19bc0 Exception <a 'java/lang/NoSuchMethodError'{0x00000000e3922020}: 'int java.lang.invoke.DirectMethodHandle$Holder.invokeStaticInit(java.lang.Object, java.lang.Object, java.lang.Object, java.lang.Object)'> (0x00000000e3922020) 
thrown [s\src\hotspot\share\interpreter\linkResolver.cpp, line 759]
Event: 14.129 Thread 0x000001fcd8e19bc0 Exception <a 'java/lang/NoSuchMethodError'{0x00000000e33c4df8}: 'java.lang.Object java.lang.invoke.DirectMethodHandle$Holder.newInvokeSpecial(java.lang.Object, java.lang.Object, int, java.lang.Object, java.lang.Object)'> (0x00000000e33c4df8) 
thrown [s\src\hotspot\share\interpreter\linkResolver.cpp, line 759]
Event: 14.140 Thread 0x000001fcd8e19bc0 Exception <a 'java/lang/NoSuchMethodError'{0x00000000e33d4438}: 'java.lang.Object java.lang.invoke.DirectMethodHandle$Holder.newInvokeSpecial(java.lang.Object, java.lang.Object, java.lang.Object, int)'> (0x00000000e33d4438) 
thrown [s\src\hotspot\share\interpreter\linkResolver.cpp, line 759]
Event: 14.145 Thread 0x000001fcd8e19bc0 Exception <a 'java/lang/NoSuchMethodError'{0x00000000e33d8e28}: 'java.lang.Object java.lang.invoke.DirectMethodHandle$Holder.invokeSpecial(java.lang.Object, java.lang.Object, java.lang.Object, java.lang.Object, int)'> (0x00000000e33d8e28) 
thrown [s\src\hotspot\share\interpreter\linkResolver.cpp, line 759]
Event: 14.147 Thread 0x000001fcd8e19bc0 Exception <a 'java/lang/NoSuchMethodError'{0x00000000e33dcd50}: 'java.lang.Object java.lang.invoke.Invokers$Holder.linkToTargetMethod(java.lang.Object, java.lang.Object, int, java.lang.Object)'> (0x00000000e33dcd50) 
thrown [s\src\hotspot\share\interpreter\linkResolver.cpp, line 759]
Event: 14.459 Thread 0x000001fcd8e19bc0 Exception <a 'java/lang/reflect/InvocationTargetException'{0x00000000e30e0460}> (0x00000000e30e0460) 
thrown [s\src\hotspot\share\runtime\reflection.cpp, line 1121]
Event: 14.490 Thread 0x000001fcd8e19bc0 Exception <a 'java/lang/NoSuchMethodError'{0x00000000e2f0a088}: 'void java.lang.invoke.DirectMethodHandle$Holder.invokeStatic(java.lang.Object, long)'> (0x00000000e2f0a088) 
thrown [s\src\hotspot\share\interpreter\linkResolver.cpp, line 759]

VM Operations (20 events):
Event: 11.760 Executing VM operation: G1CollectForAllocation
Event: 11.765 Executing VM operation: G1CollectForAllocation done
Event: 11.902 Executing VM operation: HandshakeAllThreads
Event: 11.902 Executing VM operation: HandshakeAllThreads done
Event: 12.671 Executing VM operation: HandshakeAllThreads
Event: 12.671 Executing VM operation: HandshakeAllThreads done
Event: 12.775 Executing VM operation: HandshakeAllThreads
Event: 12.776 Executing VM operation: HandshakeAllThreads done
Event: 12.776 Executing VM operation: Cleanup
Event: 12.776 Executing VM operation: Cleanup done
Event: 12.782 Executing VM operation: HandshakeAllThreads
Event: 12.782 Executing VM operation: HandshakeAllThreads done
Event: 13.158 Executing VM operation: G1CollectForAllocation
Event: 13.169 Executing VM operation: G1CollectForAllocation done
Event: 13.499 Executing VM operation: HandshakeAllThreads
Event: 13.499 Executing VM operation: HandshakeAllThreads done
Event: 14.493 Executing VM operation: HandshakeAllThreads
Event: 14.493 Executing VM operation: HandshakeAllThreads done
Event: 14.493 Executing VM operation: Cleanup
Event: 14.494 Executing VM operation: Cleanup done

Events (20 events):
Event: 14.468 loading class java/util/jar/JarInputStream
Event: 14.468 loading class java/util/zip/ZipInputStream
Event: 14.469 loading class java/util/zip/ZipInputStream done
Event: 14.469 loading class java/util/jar/JarInputStream done
Event: 14.470 loading class java/io/PushbackInputStream
Event: 14.471 loading class java/io/PushbackInputStream done
Event: 14.472 loading class sun/security/util/ManifestEntryVerifier
Event: 14.472 loading class sun/security/util/ManifestEntryVerifier done
Event: 14.476 loading class java/lang/ProcessBuilder
Event: 14.476 loading class java/lang/ProcessBuilder done
Event: 14.477 loading class java/lang/ProcessImpl
Event: 14.477 loading class java/lang/Process
Event: 14.478 loading class java/lang/Process done
Event: 14.478 loading class java/lang/ProcessImpl done
Event: 14.491 loading class java/lang/ProcessImpl$2
Event: 14.492 loading class java/lang/ProcessImpl$2 done
Event: 14.492 loading class java/lang/Process$PipeInputStream
Event: 14.492 loading class java/lang/Process$PipeInputStream done
Event: 14.494 loading class jdk/internal/event/ProcessStartEvent
Event: 14.494 loading class jdk/internal/event/ProcessStartEvent done


Dynamic libraries:
0x00007ff7e42e0000 - 0x00007ff7e42ee000 	C:\Users\Ximena Ruiz\.jdks\corretto-17.0.10\bin\java.exe
0x00007ffdccad0000 - 0x00007ffdccce7000 	C:\WINDOWS\SYSTEM32\ntdll.dll
0x00007ffdcafa0000 - 0x00007ffdcb064000 	C:\WINDOWS\System32\KERNEL32.DLL
0x00007ffdca220000 - 0x00007ffdca5cd000 	C:\WINDOWS\System32\KERNELBASE.dll
0x00007ffdc9f00000 - 0x00007ffdca011000 	C:\WINDOWS\System32\ucrtbase.dll
0x00007ffda9220000 - 0x00007ffda923b000 	C:\Users\Ximena Ruiz\.jdks\corretto-17.0.10\bin\VCRUNTIME140.dll
0x00007ffdaec70000 - 0x00007ffdaec87000 	C:\Users\Ximena Ruiz\.jdks\corretto-17.0.10\bin\jli.dll
0x00007ffdcaa50000 - 0x00007ffdcabfe000 	C:\WINDOWS\System32\USER32.dll
0x00007ffdca020000 - 0x00007ffdca046000 	C:\WINDOWS\System32\win32u.dll
0x00007ffdb2300000 - 0x00007ffdb2593000 	C:\WINDOWS\WinSxS\amd64_microsoft.windows.common-controls_6595b64144ccf1df_6.0.22621.3672_none_2713b9d173822955\COMCTL32.dll
0x00007ffdcb070000 - 0x00007ffdcb117000 	C:\WINDOWS\System32\msvcrt.dll
0x00007ffdcc040000 - 0x00007ffdcc069000 	C:\WINDOWS\System32\GDI32.dll
0x00007ffdca050000 - 0x00007ffdca169000 	C:\WINDOWS\System32\gdi32full.dll
0x00007ffdc9df0000 - 0x00007ffdc9e8a000 	C:\WINDOWS\System32\msvcp_win.dll
0x00007ffdcac00000 - 0x00007ffdcac31000 	C:\WINDOWS\System32\IMM32.DLL
0x00007ffdb6e90000 - 0x00007ffdb6e9c000 	C:\Users\Ximena Ruiz\.jdks\corretto-17.0.10\bin\vcruntime140_1.dll
0x00007ffd78560000 - 0x00007ffd785ed000 	C:\Users\Ximena Ruiz\.jdks\corretto-17.0.10\bin\msvcp140.dll
0x00007ffd3eba0000 - 0x00007ffd3f802000 	C:\Users\Ximena Ruiz\.jdks\corretto-17.0.10\bin\server\jvm.dll
0x00007ffdcbf80000 - 0x00007ffdcc032000 	C:\WINDOWS\System32\ADVAPI32.dll
0x00007ffdcb120000 - 0x00007ffdcb1c9000 	C:\WINDOWS\System32\sechost.dll
0x00007ffdca170000 - 0x00007ffdca198000 	C:\WINDOWS\System32\bcrypt.dll
0x00007ffdca8b0000 - 0x00007ffdca9c4000 	C:\WINDOWS\System32\RPCRT4.dll
0x00007ffdc5ba0000 - 0x00007ffdc5bd4000 	C:\WINDOWS\SYSTEM32\WINMM.dll
0x00007ffdb09b0000 - 0x00007ffdb09b9000 	C:\WINDOWS\SYSTEM32\WSOCK32.dll
0x00007ffdc9cc0000 - 0x00007ffdc9d0d000 	C:\WINDOWS\SYSTEM32\POWRPROF.dll
0x00007ffdc1950000 - 0x00007ffdc195a000 	C:\WINDOWS\SYSTEM32\VERSION.dll
0x00007ffdca9d0000 - 0x00007ffdcaa41000 	C:\WINDOWS\System32\WS2_32.dll
0x00007ffdc9ca0000 - 0x00007ffdc9cb3000 	C:\WINDOWS\SYSTEM32\UMPDC.dll
0x00007ffdc8e40000 - 0x00007ffdc8e58000 	C:\WINDOWS\SYSTEM32\kernel.appcore.dll
0x00007ffdaec60000 - 0x00007ffdaec6a000 	C:\Users\Ximena Ruiz\.jdks\corretto-17.0.10\bin\jimage.dll
0x00007ffdc4c40000 - 0x00007ffdc4e72000 	C:\WINDOWS\SYSTEM32\DBGHELP.DLL
0x00007ffdcc620000 - 0x00007ffdcc9ae000 	C:\WINDOWS\System32\combase.dll
0x00007ffdcc9b0000 - 0x00007ffdcca87000 	C:\WINDOWS\System32\OLEAUT32.dll
0x00007ffdc1a80000 - 0x00007ffdc1ab2000 	C:\WINDOWS\SYSTEM32\dbgcore.DLL
0x00007ffdca1a0000 - 0x00007ffdca21b000 	C:\WINDOWS\System32\bcryptPrimitives.dll
0x00007ffda35d0000 - 0x00007ffda35f5000 	C:\Users\Ximena Ruiz\.jdks\corretto-17.0.10\bin\java.dll
0x00007ffd6bf70000 - 0x00007ffd6c047000 	C:\Users\Ximena Ruiz\.jdks\corretto-17.0.10\bin\jsvml.dll
0x00007ffdcb290000 - 0x00007ffdcbaf7000 	C:\WINDOWS\System32\SHELL32.dll
0x00007ffdc7d70000 - 0x00007ffdc866f000 	C:\WINDOWS\SYSTEM32\windows.storage.dll
0x00007ffdc7c30000 - 0x00007ffdc7d6f000 	C:\WINDOWS\SYSTEM32\wintypes.dll
0x00007ffdcae10000 - 0x00007ffdcaf09000 	C:\WINDOWS\System32\SHCORE.dll
0x00007ffdca820000 - 0x00007ffdca87e000 	C:\WINDOWS\System32\shlwapi.dll
0x00007ffdc9d20000 - 0x00007ffdc9d47000 	C:\WINDOWS\SYSTEM32\profapi.dll
0x00007ffda3550000 - 0x00007ffda3569000 	C:\Users\Ximena Ruiz\.jdks\corretto-17.0.10\bin\net.dll
0x00007ffdc61f0000 - 0x00007ffdc6326000 	C:\WINDOWS\SYSTEM32\WINHTTP.dll
0x00007ffdc92b0000 - 0x00007ffdc9319000 	C:\WINDOWS\system32\mswsock.dll
0x00007ffd95510000 - 0x00007ffd95526000 	C:\Users\Ximena Ruiz\.jdks\corretto-17.0.10\bin\nio.dll
0x00007ffd7e050000 - 0x00007ffd7e068000 	C:\Users\Ximena Ruiz\.jdks\corretto-17.0.10\bin\zip.dll
0x00007ffda8e70000 - 0x00007ffda8e80000 	C:\Users\Ximena Ruiz\.jdks\corretto-17.0.10\bin\verify.dll
0x00007ffdac030000 - 0x00007ffdac039000 	C:\Users\Ximena Ruiz\.jdks\corretto-17.0.10\bin\extnet.dll
0x00007ffda4040000 - 0x00007ffda404e000 	C:\Users\Ximena Ruiz\.jdks\corretto-17.0.10\bin\sunmscapi.dll
0x00007ffdca5d0000 - 0x00007ffdca736000 	C:\WINDOWS\System32\CRYPT32.dll
0x00007ffdc96c0000 - 0x00007ffdc96ee000 	C:\WINDOWS\SYSTEM32\ncrypt.dll
0x00007ffdc9680000 - 0x00007ffdc96b7000 	C:\WINDOWS\SYSTEM32\NTASN1.dll
0x00007ffd77fc0000 - 0x00007ffd77fc8000 	C:\WINDOWS\system32\wshunix.dll
0x00007ffdc9500000 - 0x00007ffdc951b000 	C:\WINDOWS\SYSTEM32\CRYPTSP.dll
0x00007ffdc8da0000 - 0x00007ffdc8dd5000 	C:\WINDOWS\system32\rsaenh.dll
0x00007ffdc93a0000 - 0x00007ffdc93c8000 	C:\WINDOWS\SYSTEM32\USERENV.dll
0x00007ffdc9520000 - 0x00007ffdc952c000 	C:\WINDOWS\SYSTEM32\CRYPTBASE.dll
0x00007ffdc88d0000 - 0x00007ffdc88fd000 	C:\WINDOWS\SYSTEM32\IPHLPAPI.DLL
0x00007ffdca880000 - 0x00007ffdca889000 	C:\WINDOWS\System32\NSI.dll
0x00007ffdc5f20000 - 0x00007ffdc5f39000 	C:\WINDOWS\SYSTEM32\dhcpcsvc6.DLL
0x00007ffdc5f00000 - 0x00007ffdc5f1f000 	C:\WINDOWS\SYSTEM32\dhcpcsvc.DLL
0x00007ffdc8940000 - 0x00007ffdc8a38000 	C:\WINDOWS\SYSTEM32\DNSAPI.dll
0x00007ffdc2630000 - 0x00007ffdc263a000 	C:\Windows\System32\rasadhlp.dll
0x00007ffdc5000000 - 0x00007ffdc5083000 	C:\WINDOWS\System32\fwpuclnt.dll
0x00007ffda79d0000 - 0x00007ffda79d9000 	C:\Users\Ximena Ruiz\.jdks\corretto-17.0.10\bin\management.dll
0x00007ffda6fb0000 - 0x00007ffda6fbb000 	C:\Users\Ximena Ruiz\.jdks\corretto-17.0.10\bin\management_ext.dll
0x00007ffdca8a0000 - 0x00007ffdca8a8000 	C:\WINDOWS\System32\PSAPI.DLL

dbghelp: loaded successfully - version: 4.0.5 - missing functions: none
symbol engine: initialized successfully - sym options: 0x614 - pdb path: .;C:\Users\Ximena Ruiz\.jdks\corretto-17.0.10\bin;C:\WINDOWS\SYSTEM32;C:\WINDOWS\WinSxS\amd64_microsoft.windows.common-controls_6595b64144ccf1df_6.0.22621.3672_none_2713b9d173822955;C:\Users\Ximena Ruiz\.jdks\corretto-17.0.10\bin\server

VM Arguments:
jvm_args: -Dorg.gradle.internal.worker.tmpdir=D:\WS6\UniEventos\build\tmp\test\work -Dorg.gradle.native=false -Xmx512m -Dfile.encoding=windows-1252 -Duser.country=CO -Duser.language=es -Duser.variant -ea 
java_command: worker.org.gradle.process.internal.worker.GradleWorkerMain 'Gradle Test Executor 22'
java_class_path (initial): C:\Users\Ximena Ruiz\.gradle\caches\8.4\workerMain\gradle-worker.jar;D:\WS6\UniEventos\build\classes\java\test;D:\WS6\UniEventos\build\resources\test;D:\WS6\UniEventos\build\classes\java\main;D:\WS6\UniEventos\build\resources\main;C:\Users\Ximena Ruiz\.gradle\caches\modules-2\files-2.1\org.springframework.boot\spring-boot-starter-validation\3.3.2\81ee06b318ed35c2a3f4882a0f7b9946a39e1b39\spring-boot-starter-validation-3.3.2.jar;C:\Users\Ximena Ruiz\.gradle\caches\modules-2\files-2.1\org.springframework.boot\spring-boot-starter-web\3.3.2\720418538668a8742d0ae24097811d5250cf5c32\spring-boot-starter-web-3.3.2.jar;C:\Users\Ximena Ruiz\.gradle\caches\modules-2\files-2.1\org.springframework.security\spring-security-crypto\5.8.0\45f9636b8eef3708ac908fab28ee02fb7e4c25dc\spring-security-crypto-5.8.0.jar;C:\Users\Ximena Ruiz\.gradle\caches\modules-2\files-2.1\org.springframework.boot\spring-boot-starter-data-mongodb\3.3.2\ece0d68c3d29102dc693162d48bb7a8ed0ce0d6\spring-boot-starter-data-mongodb-3.3.2.jar;C:\Users\Ximena Ruiz\.gradle\caches\modules-2\files-2.1\com.mercadopago\sdk-java\2.1.27\a0527e1ab859d89a1cac2e66a2fff47b3bf74610\sdk-java-2.1.27.jar;C:\Users\Ximena Ruiz\.gradle\caches\modules-2\files-2.1\org.simplejavamail\simple-java-mail\8.11.2\a5f481ca4285845f82a7bf8c4cb7d283afd3520c\simple-java-mail-8.11.2.jar;C:\Users\Ximena Ruiz\.gradle\caches\modules-2\files-2.1\org.simplejavamail\batch-module\8.10.1\3a3d813b62e7ab769553721dad178fb20ea47b2f\batch-module-8.10.1.jar;C:\Users\Ximena Ruiz\.gradle\caches\modules-2\files-2.1\com.google.firebase\firebase-admin\9.2.0\92f5b2f4da778efcd82c9421a0eccae70b11030c\firebase-admin-9.2.0.jar;C:\Users\Ximena Ruiz\.gradle\caches\modules-2\files-2.1\io.jsonwebtoken\jjwt-impl\0.12.6\ac23673a84b6089e0369fb8ab2c69edd91cd6eb0\jjwt-impl-0.12.6.jar;C:\Users\Ximena Ruiz\.gradle\caches\modules-2\files-2.1\io.jsonwebtoken\jjwt-jackson\0.12.6\f141e0c1136ba17f2632858238a31ae05642dbf8\jjwt-jackson-0.12.6.jar;C:\Users\Ximena
Launcher Type: SUN_STANDARD

[Global flags]
     intx CICompilerCount                          = 4                                         {product} {ergonomic}
     uint ConcGCThreads                            = 2                                         {product} {ergonomic}
     uint G1ConcRefinementThreads                  = 8                                         {product} {ergonomic}
   size_t G1HeapRegionSize                         = 1048576                                   {product} {ergonomic}
    uintx GCDrainStackTargetSize                   = 64                                        {product} {ergonomic}
   size_t InitialHeapSize                          = 100663296                                 {product} {ergonomic}
   size_t MarkStackSize                            = 4194304                                   {product} {ergonomic}
   size_t MaxHeapSize                              = 536870912                                 {product} {command line}
   size_t MaxNewSize                               = 321912832                                 {product} {ergonomic}
   size_t MinHeapDeltaBytes                        = 1048576                                   {product} {ergonomic}
   size_t MinHeapSize                              = 8388608                                   {product} {ergonomic}
    uintx NonNMethodCodeHeapSize                   = 5839372                                {pd product} {ergonomic}
    uintx NonProfiledCodeHeapSize                  = 122909434                              {pd product} {ergonomic}
    uintx ProfiledCodeHeapSize                     = 122909434                              {pd product} {ergonomic}
    uintx ReservedCodeCacheSize                    = 251658240                              {pd product} {ergonomic}
     bool SegmentedCodeCache                       = true                                      {product} {ergonomic}
   size_t SoftMaxHeapSize                          = 536870912                              {manageable} {ergonomic}
     bool UseCompressedClassPointers               = true                           {product lp64_product} {ergonomic}
     bool UseCompressedOops                        = true                           {product lp64_product} {ergonomic}
     bool UseG1GC                                  = true                                      {product} {ergonomic}
     bool UseLargePagesIndividualAllocation        = false                                  {pd product} {ergonomic}

Logging:
Log output configuration:
 #0: stdout all=warning uptime,level,tags
 #1: stderr all=off uptime,level,tags

Environment Variables:
JAVA_HOME=C:\Program Files\Java\jdk-11.0.16.1
PATH=D:\ORACLE\app\oracle\product\11.2.0\server\bin;;C:\Program Files\Common Files\Oracle\Java\javapath;C:\ProgramData\Oracle\Java\javapath;C:\WINDOWS\system32;C:\WINDOWS;C:\WINDOWS\System32\Wbem;C:\WINDOWS\System32\WindowsPowerShell\v1.0\;C:\WINDOWS\System32\OpenSSH\;C:\Program Files\Git\cmd;C:\Program Files\Java\jdk-11.0.16.1\bin;D:\JavaFx\apache-maven-3.9.5-bin\apache-maven-3.9.5\bin;;C:\Program Files\Docker\Docker\resources\bin;C:\Program Files (x86)\Microsoft SQL Server\160\Tools\Binn\;C:\Program Files\Microsoft SQL Server\160\Tools\Binn\;C:\Program Files\Microsoft SQL Server\Client SDK\ODBC\170\Tools\Binn\;C:\Program Files\Microsoft SQL Server\160\DTS\Binn\;C:\Program Files (x86)\Microsoft SQL Server\160\DTS\Binn\;C:\Program Files\Azure Data Studio\bin;C:\Program Files\PuTTY\;C:\Program Files\nodejs\;C:\Users\Ximena Ruiz\AppData\Local\Programs\Python\Python39\Scripts\;C:\Users\Ximena Ruiz\AppData\Local\Programs\Python\Python39\;C:\Users\Ximena Ruiz\AppData\Local\Microsoft\WindowsApps;C:\Users\Ximena Ruiz\AppData\Local\Programs\Microsoft VS Code\bin;C:\Program Files\Azure Data Studio\bin;C:\Users\Ximena Ruiz\AppData\Roaming\npm;C:\Program Files\MongoDB\Server\7.0\bin;C:\Program Files\Multipass\bin
USERNAME=Ximena Ruiz
OS=Windows_NT
PROCESSOR_IDENTIFIER=AMD64 Family 23 Model 24 Stepping 1, AuthenticAMD
TMP=C:\Users\XIMENA~1\AppData\Local\Temp
TEMP=C:\Users\XIMENA~1\AppData\Local\Temp



Periodic native trim disabled


---------------  S Y S T E M  ---------------

OS:
 Windows 11 , 64 bit Build 22621 (10.0.22621.3958)
OS uptime: 0 days 9:31 hours

CPU: total 8 (initial active 8) (8 cores per cpu, 2 threads per core) family 23 model 24 stepping 1 microcode 0x0, cx8, cmov, fxsr, ht, mmx, 3dnowpref, sse, sse2, sse3, ssse3, sse4a, sse4.1, sse4.2, popcnt, lzcnt, tsc, tscinvbit, avx, avx2, aes, clmul, bmi1, bmi2, adx, sha, fma, vzeroupper, clflush, clflushopt
Processor Information for all 8 processors :
  Max Mhz: 2100, Current Mhz: 2100, Mhz Limit: 2100

Memory: 4k page, system-wide physical 6086M (130M free)
TotalPageFile size 14278M (AvailPageFile size 24M)
current process WorkingSet (physical memory assigned to process): 214M, peak: 216M
current process commit charge ("private bytes"): 253M, peak: 256M

vm_info: OpenJDK 64-Bit Server VM (17.0.10+7-LTS) for windows-amd64 JRE (17.0.10+7-LTS), built on Jan 10 2024 22:11:07 by "Administrator" with MS VC++ 16.10 / 16.11 (VS2019)

END.
