#
# There is insufficient memory for the Java Runtime Environment to continue.
# Native memory allocation (mmap) failed to map 100663296 bytes for G1 virtual space
# Possible reasons:
#   The system is out of physical RAM or swap space
#   The process is running with CompressedOops enabled, and the Java Heap may be blocking the growth of the native heap
# Possible solutions:
#   Reduce memory load on the system
#   Increase physical memory or swap space
#   Check if swap backing store is full
#   Decrease Java heap size (-Xmx/-Xms)
#   Decrease number of Java threads
#   Decrease Java thread stack sizes (-Xss)
#   Set larger code cache with -XX:ReservedCodeCacheSize=
#   JVM is running with Unscaled Compressed Oops mode in which the Java heap is
#     placed in the first 4GB address space. The Java Heap base address is the
#     maximum limit for the native heap growth. Please use -XX:HeapBaseMinAddress
#     to set the Java Heap base and to place the Java Heap above 4GB virtual address.
# This output file may be truncated or incomplete.
#
#  Out of Memory Error (os_windows.cpp:3613), pid=4768, tid=2484
#
# JRE version:  (17.0.10+7) (build )
# Java VM: OpenJDK 64-Bit Server VM (17.0.10+7-LTS, mixed mode, sharing, tiered, compressed oops, compressed class ptrs, g1 gc, windows-amd64)
# No core dump will be written. Minidumps are not enabled by default on client versions of Windows
#

---------------  S U M M A R Y ------------

Command Line: -Dnet.bytebuddy.agent.attacher.dump= net.bytebuddy.agent.Attacher com.sun.tools.attach.VirtualMachine 18444 C:\Users\Ximena Ruiz\.gradle\caches\modules-2\files-2.1\net.bytebuddy\byte-buddy-agent\1.14.18\417558ea01fe9f0e8a94af28b9469d281c4e3984\byte-buddy-agent-1.14.18.jar false 

Host: AMD Ryzen 5 3500U with Radeon Vega Mobile Gfx  , 8 cores, 5G,  Windows 11 , 64 bit Build 22621 (10.0.22621.3958)
Time: Thu Oct 10 20:51:51 2024 Hora est. Pacífico, Sudamérica elapsed time: 0.020153 seconds (0d 0h 0m 0s)

---------------  T H R E A D  ---------------

Current thread (0x0000020965299320):  JavaThread "Unknown thread" [_thread_in_vm, id=2484, stack(0x000000ce62d00000,0x000000ce62e00000)]

Stack: [0x000000ce62d00000,0x000000ce62e00000]
Native frames: (J=compiled Java code, j=interpreted, Vv=VM code, C=native code)
V  [jvm.dll+0x67d2c9]
V  [jvm.dll+0x834b1a]
V  [jvm.dll+0x8365de]
V  [jvm.dll+0x836c43]
V  [jvm.dll+0x2477ff]
V  [jvm.dll+0x67a109]
V  [jvm.dll+0x66eb7a]
V  [jvm.dll+0x30764b]
V  [jvm.dll+0x30eaf6]
V  [jvm.dll+0x35e83e]
V  [jvm.dll+0x35ea6f]
V  [jvm.dll+0x2de248]
V  [jvm.dll+0x2df1b4]
V  [jvm.dll+0x806381]
V  [jvm.dll+0x36c6f1]
V  [jvm.dll+0x7e4e26]
V  [jvm.dll+0x3eff3f]
V  [jvm.dll+0x3f1b71]
C  [jli.dll+0x528f]
C  [ucrtbase.dll+0x29333]
C  [KERNEL32.DLL+0x1257d]
C  [ntdll.dll+0x5af28]


---------------  P R O C E S S  ---------------

Threads class SMR info:
_java_thread_list=0x00007ffd3f6cee98, length=0, elements={
}

Java Threads: ( => current thread )

Other Threads:
  0x00000209652e8b00 GCTaskThread "GC Thread#0" [stack: 0x000000ce62e00000,0x000000ce62f00000] [id=1908]
  0x00000209652f57a0 ConcurrentGCThread "G1 Main Marker" [stack: 0x000000ce62f00000,0x000000ce63000000] [id=4516]
  0x00000209652f6870 ConcurrentGCThread "G1 Conc#0" [stack: 0x000000ce63000000,0x000000ce63100000] [id=17916]

[error occurred during error reporting (printing all threads), id 0xc0000005, EXCEPTION_ACCESS_VIOLATION (0xc0000005) at pc=0x00007ffd3ee8ec87]

VM state: not at safepoint (not fully initialized)

VM Mutex/Monitor currently owned by a thread:  ([mutex/lock_event])
[0x00000209652952c0] Heap_lock - owner thread: 0x0000020965299320

Heap address: 0x00000000a0e00000, size: 1522 MB, Compressed Oops mode: 32-bit

CDS archive(s) mapped at: [0x0000000000000000-0x0000000000000000-0x0000000000000000), size 0, SharedBaseAddress: 0x0000000800000000, ArchiveRelocationMode: 1.
Narrow klass base: 0x0000000000000000, Narrow klass shift: 0, Narrow klass range: 0x0

GC Precious Log:
<Empty>

Heap:
 garbage-first heap   total 0K, used 0K [0x00000000a0e00000, 0x0000000100000000)
  region size 1024K, 0 young (0K), 0 survivors (0K)

[error occurred during error reporting (printing heap information), id 0xc0000005, EXCEPTION_ACCESS_VIOLATION (0xc0000005) at pc=0x00007ffd3f276fb9]

GC Heap History (0 events):
No events

Dll operation events (1 events):
Event: 0.013 Loaded shared library C:\Users\Ximena Ruiz\.jdks\corretto-17.0.10\bin\java.dll

Deoptimization events (0 events):
No events

Classes unloaded (0 events):
No events

Classes redefined (0 events):
No events

Internal exceptions (0 events):
No events

VM Operations (0 events):
No events

Events (0 events):
No events


Dynamic libraries:
0x00007ff7ac190000 - 0x00007ff7ac19e000 	C:\Users\Ximena Ruiz\.jdks\corretto-17.0.10\bin\java.exe
0x00007ffdccad0000 - 0x00007ffdccce7000 	C:\WINDOWS\SYSTEM32\ntdll.dll
0x00007ffdcafa0000 - 0x00007ffdcb064000 	C:\WINDOWS\System32\KERNEL32.DLL
0x00007ffdca220000 - 0x00007ffdca5cd000 	C:\WINDOWS\System32\KERNELBASE.dll
0x00007ffdc9f00000 - 0x00007ffdca011000 	C:\WINDOWS\System32\ucrtbase.dll
0x00007ffda9220000 - 0x00007ffda923b000 	C:\Users\Ximena Ruiz\.jdks\corretto-17.0.10\bin\VCRUNTIME140.dll
0x00007ffda92e0000 - 0x00007ffda92f7000 	C:\Users\Ximena Ruiz\.jdks\corretto-17.0.10\bin\jli.dll
0x00007ffdcaa50000 - 0x00007ffdcabfe000 	C:\WINDOWS\System32\USER32.dll
0x00007ffdca020000 - 0x00007ffdca046000 	C:\WINDOWS\System32\win32u.dll
0x00007ffdb2300000 - 0x00007ffdb2593000 	C:\WINDOWS\WinSxS\amd64_microsoft.windows.common-controls_6595b64144ccf1df_6.0.22621.3672_none_2713b9d173822955\COMCTL32.dll
0x00007ffdcc040000 - 0x00007ffdcc069000 	C:\WINDOWS\System32\GDI32.dll
0x00007ffdcb070000 - 0x00007ffdcb117000 	C:\WINDOWS\System32\msvcrt.dll
0x00007ffdca050000 - 0x00007ffdca169000 	C:\WINDOWS\System32\gdi32full.dll
0x00007ffdc9df0000 - 0x00007ffdc9e8a000 	C:\WINDOWS\System32\msvcp_win.dll
0x00007ffdcac00000 - 0x00007ffdcac31000 	C:\WINDOWS\System32\IMM32.DLL
0x00007ffdaec60000 - 0x00007ffdaec6c000 	C:\Users\Ximena Ruiz\.jdks\corretto-17.0.10\bin\vcruntime140_1.dll
0x00007ffd77a00000 - 0x00007ffd77a8d000 	C:\Users\Ximena Ruiz\.jdks\corretto-17.0.10\bin\msvcp140.dll
0x00007ffd3eba0000 - 0x00007ffd3f802000 	C:\Users\Ximena Ruiz\.jdks\corretto-17.0.10\bin\server\jvm.dll
0x00007ffdcbf80000 - 0x00007ffdcc032000 	C:\WINDOWS\System32\ADVAPI32.dll
0x00007ffdcb120000 - 0x00007ffdcb1c9000 	C:\WINDOWS\System32\sechost.dll
0x00007ffdca170000 - 0x00007ffdca198000 	C:\WINDOWS\System32\bcrypt.dll
0x00007ffdca8b0000 - 0x00007ffdca9c4000 	C:\WINDOWS\System32\RPCRT4.dll
0x00007ffdc9cc0000 - 0x00007ffdc9d0d000 	C:\WINDOWS\SYSTEM32\POWRPROF.dll
0x00007ffdc5ba0000 - 0x00007ffdc5bd4000 	C:\WINDOWS\SYSTEM32\WINMM.dll
0x00007ffdb09b0000 - 0x00007ffdb09b9000 	C:\WINDOWS\SYSTEM32\WSOCK32.dll
0x00007ffdc1950000 - 0x00007ffdc195a000 	C:\WINDOWS\SYSTEM32\VERSION.dll
0x00007ffdca9d0000 - 0x00007ffdcaa41000 	C:\WINDOWS\System32\WS2_32.dll
0x00007ffdc9ca0000 - 0x00007ffdc9cb3000 	C:\WINDOWS\SYSTEM32\UMPDC.dll
0x00007ffdc8e40000 - 0x00007ffdc8e58000 	C:\WINDOWS\SYSTEM32\kernel.appcore.dll
0x00007ffdac030000 - 0x00007ffdac03a000 	C:\Users\Ximena Ruiz\.jdks\corretto-17.0.10\bin\jimage.dll
0x00007ffdc4c40000 - 0x00007ffdc4e72000 	C:\WINDOWS\SYSTEM32\DBGHELP.DLL
0x00007ffdcc620000 - 0x00007ffdcc9ae000 	C:\WINDOWS\System32\combase.dll
0x00007ffdcc9b0000 - 0x00007ffdcca87000 	C:\WINDOWS\System32\OLEAUT32.dll
0x00007ffdc1a80000 - 0x00007ffdc1ab2000 	C:\WINDOWS\SYSTEM32\dbgcore.DLL
0x00007ffdca1a0000 - 0x00007ffdca21b000 	C:\WINDOWS\System32\bcryptPrimitives.dll
0x00007ffda35d0000 - 0x00007ffda35f5000 	C:\Users\Ximena Ruiz\.jdks\corretto-17.0.10\bin\java.dll

dbghelp: loaded successfully - version: 4.0.5 - missing functions: none
symbol engine: initialized successfully - sym options: 0x614 - pdb path: .;C:\Users\Ximena Ruiz\.jdks\corretto-17.0.10\bin;C:\WINDOWS\SYSTEM32;C:\WINDOWS\WinSxS\amd64_microsoft.windows.common-controls_6595b64144ccf1df_6.0.22621.3672_none_2713b9d173822955;C:\Users\Ximena Ruiz\.jdks\corretto-17.0.10\bin\server

VM Arguments:
jvm_args: -Dnet.bytebuddy.agent.attacher.dump= 
java_command: net.bytebuddy.agent.Attacher com.sun.tools.attach.VirtualMachine 18444 C:\Users\Ximena Ruiz\.gradle\caches\modules-2\files-2.1\net.bytebuddy\byte-buddy-agent\1.14.18\417558ea01fe9f0e8a94af28b9469d281c4e3984\byte-buddy-agent-1.14.18.jar false 
java_class_path (initial): C:\Users\Ximena Ruiz\.gradle\caches\modules-2\files-2.1\net.bytebuddy\byte-buddy-agent\1.14.18\417558ea01fe9f0e8a94af28b9469d281c4e3984\byte-buddy-agent-1.14.18.jar
Launcher Type: SUN_STANDARD

[Global flags]
     intx CICompilerCount                          = 4                                         {product} {ergonomic}
     uint ConcGCThreads                            = 2                                         {product} {ergonomic}
     uint G1ConcRefinementThreads                  = 8                                         {product} {ergonomic}
   size_t G1HeapRegionSize                         = 1048576                                   {product} {ergonomic}
    uintx GCDrainStackTargetSize                   = 64                                        {product} {ergonomic}
   size_t InitialHeapSize                          = 100663296                                 {product} {ergonomic}
   size_t MarkStackSize                            = 4194304                                   {product} {ergonomic}
   size_t MaxHeapSize                              = 1595932672                                {product} {ergonomic}
   size_t MinHeapDeltaBytes                        = 1048576                                   {product} {ergonomic}
   size_t MinHeapSize                              = 8388608                                   {product} {ergonomic}
    uintx NonNMethodCodeHeapSize                   = 5839372                                {pd product} {ergonomic}
    uintx NonProfiledCodeHeapSize                  = 122909434                              {pd product} {ergonomic}
    uintx ProfiledCodeHeapSize                     = 122909434                              {pd product} {ergonomic}
    uintx ReservedCodeCacheSize                    = 251658240                              {pd product} {ergonomic}
     bool SegmentedCodeCache                       = true                                      {product} {ergonomic}
   size_t SoftMaxHeapSize                          = 1595932672                             {manageable} {ergonomic}
     bool UseCompressedClassPointers               = true                           {product lp64_product} {ergonomic}
     bool UseCompressedOops                        = true                           {product lp64_product} {ergonomic}
     bool UseG1GC                                  = true                                      {product} {ergonomic}
     bool UseLargePagesIndividualAllocation        = false                                  {pd product} {ergonomic}

Logging:
Log output configuration:
 #0: stdout all=warning uptime,level,tags
 #1: stderr all=off uptime,level,tags

Environment Variables:
JAVA_HOME=C:\Program Files\Java\jdk-11.0.16.1
PATH=D:\ORACLE\app\oracle\product\11.2.0\server\bin;;C:\Program Files\Common Files\Oracle\Java\javapath;C:\ProgramData\Oracle\Java\javapath;C:\WINDOWS\system32;C:\WINDOWS;C:\WINDOWS\System32\Wbem;C:\WINDOWS\System32\WindowsPowerShell\v1.0\;C:\WINDOWS\System32\OpenSSH\;C:\Program Files\Git\cmd;C:\Program Files\Java\jdk-11.0.16.1\bin;D:\JavaFx\apache-maven-3.9.5-bin\apache-maven-3.9.5\bin;;C:\Program Files\Docker\Docker\resources\bin;C:\Program Files (x86)\Microsoft SQL Server\160\Tools\Binn\;C:\Program Files\Microsoft SQL Server\160\Tools\Binn\;C:\Program Files\Microsoft SQL Server\Client SDK\ODBC\170\Tools\Binn\;C:\Program Files\Microsoft SQL Server\160\DTS\Binn\;C:\Program Files (x86)\Microsoft SQL Server\160\DTS\Binn\;C:\Program Files\Azure Data Studio\bin;C:\Program Files\PuTTY\;C:\Program Files\nodejs\;C:\Users\Ximena Ruiz\AppData\Local\Programs\Python\Python39\Scripts\;C:\Users\Ximena Ruiz\AppData\Local\Programs\Python\Python39\;C:\Users\Ximena Ruiz\AppData\Local\Microsoft\WindowsApps;C:\Users\Ximena Ruiz\AppData\Local\Programs\Microsoft VS Code\bin;C:\Program Files\Azure Data Studio\bin;C:\Users\Ximena Ruiz\AppData\Roaming\npm;C:\Program Files\MongoDB\Server\7.0\bin;C:\Program Files\Multipass\bin
USERNAME=Ximena Ruiz
OS=Windows_NT
PROCESSOR_IDENTIFIER=AMD64 Family 23 Model 24 Stepping 1, AuthenticAMD
TMP=C:\Users\XIMENA~1\AppData\Local\Temp
TEMP=C:\Users\XIMENA~1\AppData\Local\Temp



Periodic native trim disabled


---------------  S Y S T E M  ---------------

OS:
 Windows 11 , 64 bit Build 22621 (10.0.22621.3958)
OS uptime: 0 days 11:10 hours

CPU: total 8 (initial active 8) (8 cores per cpu, 2 threads per core) family 23 model 24 stepping 1 microcode 0x0, cx8, cmov, fxsr, ht, mmx, 3dnowpref, sse, sse2, sse3, ssse3, sse4a, sse4.1, sse4.2, popcnt, lzcnt, tsc, tscinvbit, avx, avx2, aes, clmul, bmi1, bmi2, adx, sha, fma, vzeroupper, clflush, clflushopt
Processor Information for all 8 processors :
  Max Mhz: 2100, Current Mhz: 2100, Mhz Limit: 2100

Memory: 4k page, system-wide physical 6086M (332M free)
TotalPageFile size 14278M (AvailPageFile size 58M)
current process WorkingSet (physical memory assigned to process): 11M, peak: 11M
current process commit charge ("private bytes"): 60M, peak: 156M

vm_info: OpenJDK 64-Bit Server VM (17.0.10+7-LTS) for windows-amd64 JRE (17.0.10+7-LTS), built on Jan 10 2024 22:11:07 by "Administrator" with MS VC++ 16.10 / 16.11 (VS2019)

END.
